2025-11-14 18:41:59,051 [INFO] Activator:176 - 


2025-11-14 18:41:59,054 [INFO] Activator:177 - !SESSION log4j initialized
2025-11-14 18:42:02,652 [INFO] LogOutputStream:77 - [STDOUT_REDIRECT] 
2025-11-14 18:42:04,307 [INFO] ApplicationProperties:184 - Using Application install path: /opt/st/stm32cubeide_1.19.0/plugins/com.st.stm32cube.common.mx_6.15.0.202507011659
2025-11-14 18:42:04,322 [INFO] DbMcusXml:78 - Set database path to: /opt/st/stm32cubeide_1.19.0/plugins/com.st.stm32cube.common.mx_6.15.0.202507011659//db//mcu/
2025-11-14 18:42:04,322 [INFO] ApiDb:274 - Set plugin database path to: /opt/st/stm32cubeide_1.19.0/plugins/com.st.stm32cube.common.mx_6.15.0.202507011659//db//plugins/boardmanager/
2025-11-14 18:42:04,322 [WARN] ApiDb:259 - Overriding images path with different value:  => /opt/st/stm32cubeide_1.19.0/plugins/com.st.stm32cube.common.mx_6.15.0.202507011659//db//plugins/mcufinder/images/
2025-11-14 18:42:04,328 [INFO] ApiDb:250 - Set database path to: /home/krushna/.stmcufinder/plugins/mcufinder//mcu/
2025-11-14 18:42:04,330 [INFO] DbMcusAds:125 - Set database path to: /home/krushna/.stmcufinder/plugins/mcufinder//mcu/
2025-11-14 18:42:04,332 [INFO] CrossReferenceDbSqlite:203 - Set database path to: /home/krushna/.stmcufinder/plugins/mcufinder//mcu/cs/
2025-11-14 18:42:04,422 [INFO] RulesReader:64 - Compatibility file has been processed (317 Rules)
2025-11-14 18:42:04,466 [INFO] DbMcusXml:78 - Set database path to: /opt/st/stm32cubeide_1.19.0/plugins/com.st.stm32cube.common.mx_6.15.0.202507011659//db//mcu/
2025-11-14 18:42:04,466 [INFO] ApiDb:274 - Set plugin database path to: /opt/st/stm32cubeide_1.19.0/plugins/com.st.stm32cube.common.mx_6.15.0.202507011659//db//plugins/boardmanager/
2025-11-14 18:42:04,466 [INFO] ApiDb:261 - Set plugin images path to: /opt/st/stm32cubeide_1.19.0/plugins/com.st.stm32cube.common.mx_6.15.0.202507011659//db//plugins/mcufinder/images/
2025-11-14 18:42:04,466 [WARN] DbFile:41 - Overriding database path with different value: /home/krushna/.stmcufinder/plugins/mcufinder/ => /home/krushna/.stmcufinder/plugins/mcufinder
2025-11-14 18:42:04,467 [INFO] ApiDb:250 - Set database path to: /home/krushna/.stmcufinder/plugins/mcufinder//mcu/
2025-11-14 18:42:04,467 [WARN] DbFile:41 - Overriding database path with different value: /home/krushna/.stmcufinder/plugins/mcufinder/ => /home/krushna/.stmcufinder/plugins/mcufinder
2025-11-14 18:42:04,467 [INFO] DbMcusAds:125 - Set database path to: /home/krushna/.stmcufinder/plugins/mcufinder//mcu/
2025-11-14 18:42:04,467 [WARN] DbFile:41 - Overriding database path with different value: /home/krushna/.stmcufinder/plugins/mcufinder/ => /home/krushna/.stmcufinder/plugins/mcufinder
2025-11-14 18:42:04,467 [WARN] DbFile:41 - Overriding database path with different value: /home/krushna/.stmcufinder/plugins/mcufinder/ => /home/krushna/.stmcufinder/plugins/mcufinder
2025-11-14 18:42:04,467 [INFO] CrossReferenceDbSqlite:203 - Set database path to: /home/krushna/.stmcufinder/plugins/mcufinder//mcu/cs/
2025-11-14 18:42:04,526 [INFO] MainPanel:274 - HeapMemory: 268435456
2025-11-14 18:42:04,651 [INFO] DbMcusXml:78 - Set database path to: /opt/st/stm32cubeide_1.19.0/plugins/com.st.stm32cube.common.mx_6.15.0.202507011659//db//mcu/
2025-11-14 18:42:04,651 [INFO] ApiDb:274 - Set plugin database path to: /opt/st/stm32cubeide_1.19.0/plugins/com.st.stm32cube.common.mx_6.15.0.202507011659//db//plugins/boardmanager/
2025-11-14 18:42:04,651 [INFO] ApiDb:261 - Set plugin images path to: /opt/st/stm32cubeide_1.19.0/plugins/com.st.stm32cube.common.mx_6.15.0.202507011659//db//plugins/mcufinder/images/
2025-11-14 18:42:04,652 [WARN] DbFile:41 - Overriding database path with different value: /home/krushna/.stmcufinder/plugins/mcufinder/ => /home/krushna/.stmcufinder/plugins/mcufinder
2025-11-14 18:42:04,652 [INFO] ApiDb:250 - Set database path to: /home/krushna/.stmcufinder/plugins/mcufinder//mcu/
2025-11-14 18:42:04,652 [WARN] DbFile:41 - Overriding database path with different value: /home/krushna/.stmcufinder/plugins/mcufinder/ => /home/krushna/.stmcufinder/plugins/mcufinder
2025-11-14 18:42:04,652 [INFO] DbMcusAds:125 - Set database path to: /home/krushna/.stmcufinder/plugins/mcufinder//mcu/
2025-11-14 18:42:04,652 [WARN] DbFile:41 - Overriding database path with different value: /home/krushna/.stmcufinder/plugins/mcufinder/ => /home/krushna/.stmcufinder/plugins/mcufinder
2025-11-14 18:42:04,652 [WARN] DbFile:41 - Overriding database path with different value: /home/krushna/.stmcufinder/plugins/mcufinder/ => /home/krushna/.stmcufinder/plugins/mcufinder
2025-11-14 18:42:04,652 [INFO] CrossReferenceDbSqlite:203 - Set database path to: /home/krushna/.stmcufinder/plugins/mcufinder//mcu/cs/
2025-11-14 18:42:04,665 [INFO] ApplicationProperties:184 - Using Application install path: /opt/st/stm32cubeide_1.19.0/plugins/com.st.stm32cube.common.mx_6.15.0.202507011659
2025-11-14 18:42:04,666 [INFO] PluginManage:196 - Search for loadable plugins [exclusion list=, ]
2025-11-14 18:42:04,667 [INFO] PluginManage:310 - Check plugin analytics
2025-11-14 18:42:04,791 [INFO] AnalyticsPlugin:253 - Accepted Software Licenses: 
2025-11-14 18:42:04,791 [INFO] AnalyticsPlugin:255 - Accepted CMSIS Pack Licenses: 
2025-11-14 18:42:04,791 [INFO] AnalyticsPlugin:257 - Accepted Firmware Licenses: FW.F4.1.28.0
2025-11-14 18:42:04,794 [INFO] PluginManage:359 - Loaded plugin analytics (category:tool,tabindex:-1)
2025-11-14 18:42:04,794 [INFO] PluginManage:310 - Check plugin cadmodel
2025-11-14 18:42:04,800 [INFO] CADModel:105 - Init CAD model plugin
2025-11-14 18:42:04,800 [INFO] PluginManage:359 - Loaded plugin cadmodel (category:power,tabindex:5)
2025-11-14 18:42:04,800 [INFO] PluginManage:310 - Check plugin clock
2025-11-14 18:42:04,811 [INFO] PluginManage:359 - Loaded plugin clock (category:base,tabindex:2)
2025-11-14 18:42:04,811 [INFO] PluginManage:310 - Check plugin ddr
2025-11-14 18:42:04,813 [INFO] PluginManage:359 - Loaded plugin ddr (category:tool,tabindex:6)
2025-11-14 18:42:04,814 [INFO] PluginManage:310 - Check plugin filemanager
2025-11-14 18:42:04,925 [INFO] PluginManage:359 - Loaded plugin filemanager (category:base,tabindex:10)
2025-11-14 18:42:04,925 [INFO] PluginManage:310 - Check plugin ipmanager
2025-11-14 18:42:04,929 [INFO] PluginManage:359 - Loaded plugin ipmanager (category:base,tabindex:5)
2025-11-14 18:42:04,930 [INFO] PluginManage:310 - Check plugin lpbam
2025-11-14 18:42:04,938 [INFO] PluginManage:359 - Loaded plugin lpbam (category:base,tabindex:0)
2025-11-14 18:42:04,939 [INFO] PluginManage:310 - Check plugin memorymap
2025-11-14 18:42:04,948 [INFO] PluginManage:359 - Loaded plugin memorymap (category:base,tabindex:4)
2025-11-14 18:42:04,948 [INFO] PluginManage:310 - Check plugin pinoutandconfiguration
2025-11-14 18:42:04,958 [INFO] PluginManage:359 - Loaded plugin pinoutandconfiguration (category:base,tabindex:1)
2025-11-14 18:42:04,958 [INFO] PluginManage:310 - Check plugin pinoutconfig
2025-11-14 18:42:05,027 [WARN] SupportedApi:132 - Cannot load RTOS API schema: s4s-elt-must-match.1: The content of 'definitions' must match (annotation?, (simpleType | complexType)?, (unique | key | keyref)*)). A problem was found starting at: attribute.
2025-11-14 18:42:05,133 [INFO] PluginManage:359 - Loaded plugin pinoutconfig (category:base,tabindex:0)
2025-11-14 18:42:05,133 [INFO] PluginManage:310 - Check plugin power
2025-11-14 18:42:05,144 [INFO] PluginManage:359 - Loaded plugin power (category:power,tabindex:4)
2025-11-14 18:42:05,145 [INFO] PluginManage:310 - Check plugin projectmanager
2025-11-14 18:42:05,157 [INFO] PluginManage:359 - Loaded plugin projectmanager (category:projectmanager,tabindex:4)
2025-11-14 18:42:05,158 [INFO] PluginManage:310 - Check plugin rif
2025-11-14 18:42:05,167 [INFO] PluginManage:359 - Loaded plugin rif (category:base,tabindex:3)
2025-11-14 18:42:05,167 [INFO] PluginManage:310 - Check plugin thirdparty
2025-11-14 18:42:05,293 [INFO] PluginManage:359 - Loaded plugin thirdparty (category:base,tabindex:-1)
2025-11-14 18:42:05,293 [WARN] IntegrityCheckThread:84 - waiting for thirdparty lock release [integrity check]
2025-11-14 18:42:05,293 [INFO] PluginManage:310 - Check plugin tools
2025-11-14 18:42:05,293 [INFO] IntegrityCheckThread:86 - entering critical section [integrity check]
2025-11-14 18:42:05,293 [INFO] ThirdPartyUpdaterWithRetryManager:70 - Updater plugin not ready yet. [1/15]
2025-11-14 18:42:05,295 [INFO] PluginManage:359 - Loaded plugin tools (category:base,tabindex:7)
2025-11-14 18:42:05,296 [INFO] PluginManage:310 - Check plugin tutovideos
2025-11-14 18:42:05,509 [INFO] PluginManage:359 - Loaded plugin tutovideos (category:base,tabindex:-1)
2025-11-14 18:42:05,509 [INFO] PluginManage:310 - Check plugin updater
2025-11-14 18:42:05,530 [INFO] PluginManage:359 - Loaded plugin updater (category:base,tabindex:12)
2025-11-14 18:42:05,530 [INFO] PluginManage:310 - Check plugin userauth
2025-11-14 18:42:05,535 [INFO] UserAuth:118 - Init User Auth plugin
2025-11-14 18:42:05,536 [INFO] PluginManage:359 - Loaded plugin userauth (category:base,tabindex:14)
2025-11-14 18:42:05,536 [INFO] PluginManage:283 - PluginManage : Loaded plugins [18]
2025-11-14 18:42:05,693 [INFO] PinOutPanel:1589 - setPackage(No Configuration,No Configuration)
2025-11-14 18:42:05,767 [INFO] CADModel:165 - CPN selected for project level
2025-11-14 18:42:05,767 [INFO] CADModel:114 - Register for checkConnection events
2025-11-14 18:42:05,776 [INFO] IPUIPlugin:80 - create IPUIPlugin
2025-11-14 18:42:05,776 [INFO] PluginManager:220 - loadIPPluginJar : add tsc
2025-11-14 18:42:05,780 [INFO] IPUIPlugin:80 - create IPUIPlugin
2025-11-14 18:42:05,781 [INFO] PluginManager:220 - loadIPPluginJar : add gpio
2025-11-14 18:42:05,787 [INFO] IPUIPlugin:80 - create IPUIPlugin
2025-11-14 18:42:05,787 [INFO] PluginManager:220 - loadIPPluginJar : add linkedlist
2025-11-14 18:42:05,794 [INFO] IPUIPlugin:80 - create IPUIPlugin
2025-11-14 18:42:05,794 [INFO] PluginManager:220 - loadIPPluginJar : add fmc
2025-11-14 18:42:05,800 [INFO] IPUIPlugin:80 - create IPUIPlugin
2025-11-14 18:42:05,802 [INFO] PluginManager:220 - loadIPPluginJar : add plateformsettings
2025-11-14 18:42:05,805 [INFO] IPUIPlugin:80 - create IPUIPlugin
2025-11-14 18:42:05,805 [INFO] PluginManager:220 - loadIPPluginJar : add cryp
2025-11-14 18:42:05,807 [INFO] IPUIPlugin:80 - create IPUIPlugin
2025-11-14 18:42:05,807 [INFO] PluginManager:220 - loadIPPluginJar : add i2c
2025-11-14 18:42:05,809 [INFO] IPUIPlugin:80 - create IPUIPlugin
2025-11-14 18:42:05,809 [INFO] PluginManager:220 - loadIPPluginJar : add lorawan
2025-11-14 18:42:05,813 [INFO] IPUIPlugin:80 - create IPUIPlugin
2025-11-14 18:42:05,813 [INFO] PluginManager:220 - loadIPPluginJar : add touchsensing
2025-11-14 18:42:05,814 [INFO] IPUIPlugin:80 - create IPUIPlugin
2025-11-14 18:42:05,814 [INFO] PluginManager:220 - loadIPPluginJar : add ltdc
2025-11-14 18:42:05,816 [INFO] IPUIPlugin:80 - create IPUIPlugin
2025-11-14 18:42:05,816 [INFO] PluginManager:220 - loadIPPluginJar : add i2s
2025-11-14 18:42:05,818 [INFO] IPUIPlugin:80 - create IPUIPlugin
2025-11-14 18:42:05,818 [INFO] PluginManager:220 - loadIPPluginJar : add fatfs
2025-11-14 18:42:05,824 [INFO] IPUIPlugin:80 - create IPUIPlugin
2025-11-14 18:42:05,824 [INFO] PluginManager:220 - loadIPPluginJar : add mdma
2025-11-14 18:42:05,826 [INFO] IPUIPlugin:80 - create IPUIPlugin
2025-11-14 18:42:05,827 [INFO] PluginManager:220 - loadIPPluginJar : add ts
2025-11-14 18:42:05,829 [INFO] IPUIPlugin:80 - create IPUIPlugin
2025-11-14 18:42:05,829 [INFO] PluginManager:220 - loadIPPluginJar : add ucpd
2025-11-14 18:42:05,831 [INFO] IPUIPlugin:80 - create IPUIPlugin
2025-11-14 18:42:05,831 [INFO] PluginManager:220 - loadIPPluginJar : add radio
2025-11-14 18:42:05,836 [INFO] IPUIPlugin:80 - create IPUIPlugin
2025-11-14 18:42:05,836 [INFO] PluginManager:220 - loadIPPluginJar : add ipddr
2025-11-14 18:42:05,842 [INFO] IPUIPlugin:80 - create IPUIPlugin
2025-11-14 18:42:05,842 [INFO] PluginManager:220 - loadIPPluginJar : add nvic
2025-11-14 18:42:05,846 [INFO] IPUIPlugin:80 - create IPUIPlugin
2025-11-14 18:42:05,847 [INFO] PluginManager:220 - loadIPPluginJar : add ddr_ctrl_phy
2025-11-14 18:42:05,850 [INFO] IPUIPlugin:80 - create IPUIPlugin
2025-11-14 18:42:05,850 [INFO] PluginManager:220 - loadIPPluginJar : add opamp
2025-11-14 18:42:05,853 [INFO] IPUIPlugin:80 - create IPUIPlugin
2025-11-14 18:42:05,854 [INFO] PluginManager:220 - loadIPPluginJar : add usart
2025-11-14 18:42:05,861 [INFO] IPUIPlugin:80 - create IPUIPlugin
2025-11-14 18:42:05,862 [INFO] PluginManager:220 - loadIPPluginJar : add freertos
2025-11-14 18:42:05,865 [INFO] IPUIPlugin:80 - create IPUIPlugin
2025-11-14 18:42:05,865 [INFO] PluginManager:220 - loadIPPluginJar : add usbx
2025-11-14 18:42:05,869 [INFO] IPUIPlugin:80 - create IPUIPlugin
2025-11-14 18:42:05,869 [INFO] PluginManager:220 - loadIPPluginJar : add sai
2025-11-14 18:42:05,872 [INFO] IPUIPlugin:80 - create IPUIPlugin
2025-11-14 18:42:05,872 [INFO] PluginManager:220 - loadIPPluginJar : add hash
2025-11-14 18:42:05,875 [INFO] IPUIPlugin:80 - create IPUIPlugin
2025-11-14 18:42:05,875 [INFO] PluginManager:220 - loadIPPluginJar : add openamp
2025-11-14 18:42:05,882 [INFO] IPUIPlugin:80 - create IPUIPlugin
2025-11-14 18:42:05,882 [INFO] PluginManager:220 - loadIPPluginJar : add gic
2025-11-14 18:42:05,885 [INFO] IPUIPlugin:80 - create IPUIPlugin
2025-11-14 18:42:05,885 [INFO] PluginManager:220 - loadIPPluginJar : add extmemmanager
2025-11-14 18:42:05,888 [INFO] IPUIPlugin:80 - create IPUIPlugin
2025-11-14 18:42:05,888 [INFO] PluginManager:220 - loadIPPluginJar : add pdm2pcm
2025-11-14 18:42:05,890 [INFO] IPUIPlugin:80 - create IPUIPlugin
2025-11-14 18:42:05,890 [INFO] PluginManager:220 - loadIPPluginJar : add tim
2025-11-14 18:42:05,894 [INFO] IPUIPlugin:80 - create IPUIPlugin
2025-11-14 18:42:05,894 [INFO] PluginManager:220 - loadIPPluginJar : add dma3
2025-11-14 18:42:05,900 [INFO] IPUIPlugin:80 - create IPUIPlugin
2025-11-14 18:42:05,900 [INFO] PluginManager:220 - loadIPPluginJar : add adc
2025-11-14 18:42:05,908 [INFO] IPUIPlugin:80 - create IPUIPlugin
2025-11-14 18:42:05,908 [INFO] PluginManager:220 - loadIPPluginJar : add stm32_wpan
2025-11-14 18:42:05,910 [INFO] IPUIPlugin:80 - create IPUIPlugin
2025-11-14 18:42:05,910 [INFO] PluginManager:220 - loadIPPluginJar : add tracer_emb
2025-11-14 18:42:05,913 [INFO] IPUIPlugin:80 - create IPUIPlugin
2025-11-14 18:42:05,913 [INFO] PluginManager:220 - loadIPPluginJar : add dfsdm
2025-11-14 18:42:05,915 [INFO] IPUIPlugin:80 - create IPUIPlugin
2025-11-14 18:42:05,916 [INFO] PluginManager:220 - loadIPPluginJar : add i3c
2025-11-14 18:42:05,920 [INFO] IPUIPlugin:80 - create IPUIPlugin
2025-11-14 18:42:05,920 [INFO] PluginManager:220 - loadIPPluginJar : add resmgrutility
2025-11-14 18:42:05,926 [INFO] IPUIPlugin:80 - create IPUIPlugin
2025-11-14 18:42:05,926 [INFO] PluginManager:220 - loadIPPluginJar : add dma
2025-11-14 18:42:05,929 [INFO] IPUIPlugin:80 - create IPUIPlugin
2025-11-14 18:42:05,929 [INFO] PluginManager:220 - loadIPPluginJar : add aes
2025-11-14 18:42:05,930 [INFO] IPUIPlugin:80 - create IPUIPlugin
2025-11-14 18:42:05,931 [INFO] PluginManager:220 - loadIPPluginJar : add quadspi
2025-11-14 18:42:05,934 [INFO] IPUIPlugin:80 - create IPUIPlugin
2025-11-14 18:42:05,934 [INFO] PluginManager:220 - loadIPPluginJar : add gtzc
2025-11-14 18:42:05,936 [INFO] IPUIPlugin:80 - create IPUIPlugin
2025-11-14 18:42:05,937 [INFO] PluginManager:220 - loadIPPluginJar : add spi
2025-11-14 18:42:05,939 [INFO] IPUIPlugin:80 - create IPUIPlugin
2025-11-14 18:42:05,939 [INFO] PluginManager:220 - loadIPPluginJar : add can
2025-11-14 18:42:05,941 [INFO] IPUIPlugin:80 - create IPUIPlugin
2025-11-14 18:42:05,941 [INFO] PluginManager:220 - loadIPPluginJar : add genericplugin
2025-11-14 18:42:05,943 [INFO] IPUIPlugin:80 - create IPUIPlugin
2025-11-14 18:42:05,943 [INFO] PluginManager:220 - loadIPPluginJar : add comp
2025-11-14 18:42:05,945 [INFO] IPUIPlugin:80 - create IPUIPlugin
2025-11-14 18:42:05,946 [INFO] PluginManager:220 - loadIPPluginJar : add gfxmmu
2025-11-14 18:42:06,046 [FATAL] Updater:351 - Updater called before beeing initialized
2025-11-14 18:42:06,069 [INFO] RulesReader:64 - Compatibility file has been processed (317 Rules)
2025-11-14 18:42:06,076 [INFO] RulesReader:64 - Compatibility file has been processed (317 Rules)
2025-11-14 18:42:06,083 [INFO] CADModel:165 - CPN selected for project level
2025-11-14 18:42:06,083 [INFO] CADModel:114 - Register for checkConnection events
2025-11-14 18:42:06,083 [FATAL] Updater:351 - Updater called before beeing initialized
2025-11-14 18:42:06,083 [ERROR] CADModel:125 - Updater not yet initialized, retry later 
2025-11-14 18:42:06,191 [FATAL] Updater:351 - Updater called before beeing initialized
2025-11-14 18:42:06,193 [INFO] CADModel:165 - CPN selected for project level
2025-11-14 18:42:06,193 [INFO] CADModel:114 - Register for checkConnection events
2025-11-14 18:42:06,193 [FATAL] Updater:351 - Updater called before beeing initialized
2025-11-14 18:42:06,193 [ERROR] CADModel:125 - Updater not yet initialized, retry later 
2025-11-14 18:42:06,196 [FATAL] Updater:351 - Updater called before beeing initialized
2025-11-14 18:42:06,292 [FATAL] Updater:351 - Updater called before beeing initialized
2025-11-14 18:42:06,296 [INFO] DbMcusAds:53 - JSON generation date=Fri Nov 07 16:43:48 IST 2025 (1762514028606)
2025-11-14 18:42:06,296 [FATAL] Updater:351 - Updater called before beeing initialized
2025-11-14 18:42:06,324 [WARN] DetailPanel:346 - Failed to get advertising image, set to default
2025-11-14 18:42:06,376 [FATAL] Updater:351 - Updater called before beeing initialized
2025-11-14 18:42:06,378 [FATAL] Updater:351 - Updater called before beeing initialized
2025-11-14 18:42:06,378 [FATAL] Updater:351 - Updater called before beeing initialized
2025-11-14 18:42:06,378 [WARN] DetailPanel:346 - Failed to get advertising image, set to default
2025-11-14 18:42:06,378 [FATAL] Updater:351 - Updater called before beeing initialized
2025-11-14 18:42:06,405 [ERROR] Updater:1198 - MainUpdater not yet initialized. External WinMGr cannot be set.
2025-11-14 18:42:06,406 [INFO] Updater:1134 - Updater Version found : 6.15.0
2025-11-14 18:42:06,418 [INFO] ApplicationProperties:184 - Using Application install path: /opt/st/stm32cubeide_1.19.0/plugins/com.st.stm32cube.common.mx_6.15.0.202507011659
2025-11-14 18:42:06,785 [INFO] MainUpdater:2872 - connection check result : 10
2025-11-14 18:42:06,785 [INFO] MainUpdater:3604 - Updater definition file requires update
2025-11-14 18:42:06,785 [INFO] MainUpdater:289 - Updater Check For Update Now.
2025-11-14 18:42:06,785 [INFO] MicroXplorer:498 - Change Database Version : DB.6.0.150
2025-11-14 18:42:06,788 [INFO] McuFinderGlobals:63 - Set McuFinder mode to 2 (CubeIDE integrated)
2025-11-14 18:42:06,788 [INFO] UserAuth:171 - activating auth plugin
2025-11-14 18:42:06,790 [INFO] UserAuth:487 - Internet connection configuration mode: 1
2025-11-14 18:42:06,804 [INFO] JxBrowserEngine:152 - Initiate JxBrowser Engine with user profile folder
2025-11-14 18:42:06,871 [INFO] ServerAccessManage:452 - Complete download http(s) 200
2025-11-14 18:42:06,872 [INFO] ServerAccessManage:509 - Download File updaters.zip
2025-11-14 18:42:07,283 [INFO] FileExtend:248 - Unzip File : updaters.zip
2025-11-14 18:42:07,284 [INFO] FileExtend:263 - Standard Zip Deflate
2025-11-14 18:42:07,472 [INFO] ServerAccessManage:452 - Complete download http(s) 200
2025-11-14 18:42:07,472 [INFO] ServerAccessManage:509 - Download File PacksControlFlags.xml
2025-11-14 18:42:07,483 [INFO] WebApp:169 - Instantiating new browser for Auth
2025-11-14 18:42:07,625 [INFO] ServerAccessManage:452 - Complete download http(s) 200
2025-11-14 18:42:07,625 [INFO] ServerAccessManage:509 - Download File cubemx.pidx
2025-11-14 18:42:07,720 [INFO] LoadServerUpdatesThread:375 - End of LoadServerUpdate Thread
2025-11-14 18:42:07,877 [INFO] CheckServerUpdateThread:120 - End of CheckServer Thread
2025-11-14 18:42:08,107 [INFO] WebApp:463 - Apply proxy settings
2025-11-14 18:42:08,108 [INFO] WebApp:548 - Chromium requires no authentication
2025-11-14 18:42:08,115 [INFO] WebApp:491 - Direct internet connection detected
2025-11-14 18:42:08,129 [INFO] WebApp:900 - Register for checkConnection events
2025-11-14 18:42:08,129 [INFO] WebApp:463 - Apply proxy settings
2025-11-14 18:42:08,129 [INFO] WebApp:548 - Chromium requires no authentication
2025-11-14 18:42:08,130 [INFO] WebApp:491 - Direct internet connection detected
2025-11-14 18:42:08,230 [INFO] WebApp:225 - Starting web application
2025-11-14 18:42:08,230 [INFO] WebApp:593 - Web application path used /opt/st/stm32cubeide_1.19.0/plugins/com.st.stm32cube.common.mx_6.15.0.202507011659/db/plugins/mcufinder/reactClient1/index.html
2025-11-14 18:42:08,396 [WARN] PackLoader:240 - Cannot read IP mode file for STMicroelectronics.FP-SNS-MOTENVWB1.1.4.0
2025-11-14 18:42:08,401 [WARN] PackLoader:240 - Cannot read IP mode file for STMicroelectronics.FP-ATR-ASTRA1.2.0.2
2025-11-14 18:42:08,407 [WARN] PackLoader:240 - Cannot read IP mode file for STMicroelectronics.X-CUBE-SMBUS.2.1.0
2025-11-14 18:42:08,410 [WARN] PackLoader:240 - Cannot read IP mode file for STMicroelectronics.X-CUBE-ST60.1.0.0
2025-11-14 18:42:08,429 [WARN] PackLoader:240 - Cannot read IP mode file for STMicroelectronics.X-CUBE-AZRTOS-F7.1.1.0
2025-11-14 18:42:08,435 [WARN] PackLoader:240 - Cannot read IP mode file for Cesanta.I-CUBE-Mongoose.7.19.0
2025-11-14 18:42:08,438 [WARN] PackLoader:240 - Cannot read IP mode file for STMicroelectronics.FP-SNS-MOTENV1.5.1.0
2025-11-14 18:42:08,445 [WARN] PackLoader:240 - Cannot read IP mode file for WES.I-CUBE-Cesium.1.4.0
2025-11-14 18:42:08,462 [WARN] PackLoader:240 - Cannot read IP mode file for Infineon.AIROC-Wi-Fi-Bluetooth-STM32.1.7.1
2025-11-14 18:42:08,471 [WARN] PackLoader:240 - Cannot read IP mode file for STMicroelectronics.X-CUBE-DISPLAY.3.0.0
2025-11-14 18:42:08,478 [WARN] PackLoader:240 - Cannot read IP mode file for STMicroelectronics.X-CUBE-NFC10.1.0.0
2025-11-14 18:42:08,484 [WARN] PackLoader:240 - Cannot read IP mode file for STMicroelectronics.X-CUBE-ST60.1.1.0
2025-11-14 18:42:08,488 [WARN] PackLoader:240 - Cannot read IP mode file for emotas.I-CUBE-CANOPEN.1.3.0
2025-11-14 18:42:08,491 [WARN] PackLoader:240 - Cannot read IP mode file for STMicroelectronics.X-CUBE-GNSS1.7.1.0
2025-11-14 18:42:08,495 [WARN] PackLoader:240 - Cannot read IP mode file for STMicroelectronics.FP-SNS-SMARTAG2.1.2.0
2025-11-14 18:42:08,497 [WARN] PackLoader:240 - Cannot read IP mode file for STMicroelectronics.FP-SNS-FLIGHT1.5.1.0
2025-11-14 18:42:08,503 [INFO] LogOutputStream:77 - [STDOUT_REDIRECT] 1 : Invalid condition id : UX_CORESTACK_Condition cause : null
2025-11-14 18:42:08,504 [INFO] LogOutputStream:77 - [STDOUT_REDIRECT] 1 : Invalid condition id : UX_CORESTACK_Condition cause : null
2025-11-14 18:42:08,504 [INFO] LogOutputStream:77 - [STDOUT_REDIRECT] 1 : Invalid condition id : UX_CORESTACK_Condition cause : null
2025-11-14 18:42:08,505 [INFO] LogOutputStream:77 - [STDOUT_REDIRECT] 1 : Invalid condition id : UX_CORESTACK_Condition cause : null
2025-11-14 18:42:08,505 [INFO] LogOutputStream:77 - [STDOUT_REDIRECT] 1 : Invalid condition id : UX_CORESTACK_Condition cause : null
2025-11-14 18:42:08,508 [WARN] PackLoader:240 - Cannot read IP mode file for STMicroelectronics.X-CUBE-AZRTOS-WL.2.0.0
2025-11-14 18:42:08,514 [WARN] PackLoader:240 - Cannot read IP mode file for STMicroelectronics.FP-SNS-MOTENV1.5.0.0
2025-11-14 18:42:08,520 [WARN] PackLoader:240 - Cannot read IP mode file for STMicroelectronics.X-CUBE-BLE2.3.3.0
2025-11-14 18:42:08,537 [WARN] PackLoader:240 - Cannot read IP mode file for STMicroelectronics.X-CUBE-NFC9.1.0.0
2025-11-14 18:42:08,543 [WARN] PackLoader:240 - Cannot read IP mode file for STMicroelectronics.X-CUBE-BLE1.7.1.0
2025-11-14 18:42:08,546 [WARN] PackLoader:240 - Cannot read IP mode file for wolfSSL.I-CUBE-wolfMQTT.1.19.2
2025-11-14 18:42:08,552 [WARN] PackLoader:240 - Cannot read IP mode file for STMicroelectronics.X-CUBE-ST67W61.1.1.0
2025-11-14 18:42:08,570 [WARN] PackLoader:240 - Cannot read IP mode file for STMicroelectronics.X-CUBE-AZRTOS-G0.1.1.0
2025-11-14 18:42:08,579 [WARN] PackLoader:240 - Cannot read IP mode file for STMicroelectronics.X-CUBE-SAFEA1.1.2.2
2025-11-14 18:42:08,583 [WARN] PackLoader:240 - Cannot read IP mode file for STMicroelectronics.X-CUBE-NFC4.3.0.0
2025-11-14 18:42:08,583 [INFO] WebApp:191 - Connection restablished
2025-11-14 18:42:08,591 [WARN] PackLoader:240 - Cannot read IP mode file for EmbeddedOffice.I-CUBE-FS-RTOS.1.0.1
2025-11-14 18:42:08,596 [WARN] PackLoader:240 - Cannot read IP mode file for STMicroelectronics.X-CUBE-WB05N.2.0.0
2025-11-14 18:42:08,600 [WARN] PackLoader:240 - Cannot read IP mode file for wolfSSL.I-CUBE-wolfTPM.3.8.0
2025-11-14 18:42:08,604 [WARN] PackLoader:240 - Cannot read IP mode file for STMicroelectronics.X-CUBE-TCPP.4.2.0
2025-11-14 18:42:08,608 [WARN] PackLoader:240 - Cannot read IP mode file for RealThread.X-CUBE-RT-Thread_Nano.4.1.1
2025-11-14 18:42:08,611 [WARN] PackLoader:240 - Cannot read IP mode file for STMicroelectronics.FP-ATR-SIGFOX1.3.2.0
2025-11-14 18:42:08,614 [WARN] PackLoader:240 - Cannot read IP mode file for ITTIA_DB.I-CUBE-ITTIADB.8.9.0
2025-11-14 18:42:08,618 [WARN] PackLoader:240 - Cannot read IP mode file for STMicroelectronics.X-CUBE-ST67W61.1.0.0
2025-11-14 18:42:08,634 [WARN] PackLoader:240 - Cannot read IP mode file for SEGGER.I-CUBE-embOS.1.3.1
2025-11-14 18:42:08,660 [WARN] PackLoader:240 - Cannot read IP mode file for STMicroelectronics.X-CUBE-ALGOBUILD.1.4.0
2025-11-14 18:42:08,687 [WARN] PackLoader:240 - Cannot read IP mode file for STMicroelectronics.X-CUBE-MEMS1.11.3.0
2025-11-14 18:42:08,831 [WARN] PackLoader:240 - Cannot read IP mode file for STMicroelectronics.X-CUBE-PM33A1.1.0.0
2025-11-14 18:42:08,845 [WARN] PackLoader:240 - Cannot read IP mode file for STMicroelectronics.X-CUBE-AZRTOS-F4.1.1.0
2025-11-14 18:42:08,851 [WARN] PackLoader:240 - Cannot read IP mode file for Avnet-IotConnect.X-CUBE-IoTC-DA16k-PMOD.1.0.0
2025-11-14 18:42:08,857 [WARN] PackLoader:240 - Cannot read IP mode file for STMicroelectronics.X-CUBE-ISPU.2.1.0
2025-11-14 18:42:08,871 [WARN] PackLoader:240 - Cannot read IP mode file for STMicroelectronics.X-CUBE-IPS.3.2.0
2025-11-14 18:42:08,891 [WARN] PackLoader:240 - Cannot read IP mode file for STMicroelectronics.X-CUBE-AZRTOS-L5.2.0.0
2025-11-14 18:42:08,896 [WARN] PackLoader:240 - Cannot read IP mode file for STMicroelectronics.X-CUBE-NFC6.3.1.0
2025-11-14 18:42:08,901 [WARN] PackLoader:240 - Cannot read IP mode file for STMicroelectronics.X-CUBE-FREERTOS.1.3.1
2025-11-14 18:42:08,905 [WARN] PackLoader:240 - Cannot read IP mode file for STMicroelectronics.X-CUBE-TOUCHGFX.4.26.0
2025-11-14 18:42:08,908 [WARN] PackLoader:240 - Cannot read IP mode file for STMicroelectronics.X-CUBE-DPower.1.3.0
2025-11-14 18:42:08,919 [WARN] ConditionMgr:438 - getConditionDescription Invalid condition id : LAN8742 Phy interface Condition cause : null
2025-11-14 18:42:08,920 [WARN] PackLoader:240 - Cannot read IP mode file for STMicroelectronics.X-CUBE-AZRTOS-L4.2.0.0
2025-11-14 18:42:08,920 [WARN] ConditionMgr:1044 - genDependencies : Invalid condition id : LAN8742 Phy interface Condition cause : null
2025-11-14 18:42:08,921 [WARN] ConditionMgr:1044 - genDependencies : Invalid condition id : LAN8742 Phy interface Condition cause : null
2025-11-14 18:42:08,921 [WARN] ConditionMgr:1044 - genDependencies : Invalid condition id : LAN8742 Phy interface Condition cause : null
2025-11-14 18:42:08,925 [WARN] PackLoader:240 - Cannot read IP mode file for STMicroelectronics.X-CUBE-SFXS2LP1.4.0.0
2025-11-14 18:42:08,931 [WARN] ConditionMgr:438 - getConditionDescription Invalid condition id : UX DEVICE CLASS RTOS Condition cause : null
2025-11-14 18:42:08,932 [WARN] ConditionMgr:438 - getConditionDescription Invalid condition id : UX DEVICE CLASS RTOS Condition cause : null
2025-11-14 18:42:08,933 [WARN] PackLoader:240 - Cannot read IP mode file for STMicroelectronics.X-CUBE-AZRTOS-WB.2.0.0
2025-11-14 18:42:08,933 [WARN] ConditionMgr:1044 - genDependencies : Invalid condition id : UX DEVICE CLASS RTOS Condition cause : null
2025-11-14 18:42:08,934 [WARN] ConditionMgr:1044 - genDependencies : Invalid condition id : UX DEVICE CLASS RTOS Condition cause : null
2025-11-14 18:42:08,934 [WARN] ConditionMgr:1044 - genDependencies : Invalid condition id : UX DEVICE CLASS RTOS Condition cause : null
2025-11-14 18:42:08,934 [WARN] ConditionMgr:1044 - genDependencies : Invalid condition id : UX DEVICE CLASS RTOS Condition cause : null
2025-11-14 18:42:08,934 [WARN] ConditionMgr:1044 - genDependencies : Invalid condition id : UX DEVICE CLASS RTOS Condition cause : null
2025-11-14 18:42:08,937 [WARN] PackLoader:240 - Cannot read IP mode file for STMicroelectronics.X-CUBE-GNSS1.7.0.1
2025-11-14 18:42:08,939 [WARN] PackLoader:240 - Cannot read IP mode file for STMicroelectronics.X-CUBE-TOUCHGFX.4.25.0
2025-11-14 18:42:08,941 [WARN] ConditionMgr:438 - getConditionDescription Invalid condition id : Cortex-A Device cause : null
2025-11-14 18:42:08,944 [WARN] ConditionMgr:1044 - genDependencies : Invalid condition id : Cortex-A Device cause : null
2025-11-14 18:42:08,945 [WARN] ConditionMgr:1044 - genDependencies : Invalid condition id : Cortex-A Device cause : null
2025-11-14 18:42:08,945 [WARN] ConditionMgr:1044 - genDependencies : Invalid condition id : Cortex-A Device cause : null
2025-11-14 18:42:08,950 [WARN] PackLoader:240 - Cannot read IP mode file for STMicroelectronics.X-CUBE-SUBG2.5.0.0
2025-11-14 18:42:08,961 [WARN] PackLoader:240 - Cannot read IP mode file for STMicroelectronics.X-CUBE-AZRTOS-H7RS.1.1.0
2025-11-14 18:42:08,973 [WARN] PackLoader:240 - Cannot read IP mode file for STMicroelectronics.X-CUBE-AZRTOS-G4.2.0.0
2025-11-14 18:42:08,976 [WARN] PackLoader:240 - Cannot read IP mode file for wolfSSL.I-CUBE-wolfSSH.1.4.20
2025-11-14 18:42:08,979 [WARN] PackLoader:240 - Cannot read IP mode file for STMicroelectronics.X-CUBE-NFC7.2.0.0
2025-11-14 18:42:08,990 [WARN] PackLoader:240 - Cannot read IP mode file for STMicroelectronics.X-CUBE-IPS.3.1.0
2025-11-14 18:42:08,998 [WARN] PackLoader:240 - Cannot read IP mode file for STMicroelectronics.X-CUBE-ALS.1.0.2
2025-11-14 18:42:09,006 [WARN] PackLoader:240 - Cannot read IP mode file for STMicroelectronics.X-CUBE-TOF1.3.4.3
2025-11-14 18:42:09,015 [INFO] ThirdParty:978 - Integrity check success = true
2025-11-14 18:42:09,015 [INFO] IntegrityCheckThread:100 - exiting critical section [integrity check]
2025-11-14 18:42:09,015 [INFO] IntegrityCheckThread:103 - End integrity checks thread
2025-11-14 18:57:21,745 [ERROR] ConfigurationRetriever:142 - IOException on connection: sw-center.st.com
2025-11-14 18:57:21,746 [ERROR] ConfigurationRetriever:142 - IOException on connection: sw-center.st.com
2025-11-14 18:57:21,747 [ERROR] ConfigurationRetriever:142 - IOException on connection: sw-center.st.com
2025-11-14 18:57:22,315 [ERROR] LogOutputStream:75 - [STDERR_REDIRECT] 
