2025-11-11 14:22:24,028 [INFO] Activator:176 - 


2025-11-11 14:22:24,030 [INFO] Activator:177 - !SESSION log4j initialized
2025-11-11 14:22:27,570 [INFO] LogOutputStream:77 - [STDOUT_REDIRECT] 
2025-11-11 14:22:29,215 [INFO] ApplicationProperties:184 - Using Application install path: /opt/st/stm32cubeide_1.19.0/plugins/com.st.stm32cube.common.mx_6.15.0.202507011659
2025-11-11 14:22:29,233 [INFO] DbMcusXml:78 - Set database path to: /opt/st/stm32cubeide_1.19.0/plugins/com.st.stm32cube.common.mx_6.15.0.202507011659//db//mcu/
2025-11-11 14:22:29,233 [INFO] ApiDb:274 - Set plugin database path to: /opt/st/stm32cubeide_1.19.0/plugins/com.st.stm32cube.common.mx_6.15.0.202507011659//db//plugins/boardmanager/
2025-11-11 14:22:29,233 [WARN] ApiDb:259 - Overriding images path with different value:  => /opt/st/stm32cubeide_1.19.0/plugins/com.st.stm32cube.common.mx_6.15.0.202507011659//db//plugins/mcufinder/images/
2025-11-11 14:22:29,238 [INFO] ApiDb:250 - Set database path to: /home/krushna/.stmcufinder/plugins/mcufinder//mcu/
2025-11-11 14:22:29,240 [INFO] DbMcusAds:125 - Set database path to: /home/krushna/.stmcufinder/plugins/mcufinder//mcu/
2025-11-11 14:22:29,241 [INFO] CrossReferenceDbSqlite:203 - Set database path to: /home/krushna/.stmcufinder/plugins/mcufinder//mcu/cs/
2025-11-11 14:22:29,318 [INFO] RulesReader:64 - Compatibility file has been processed (317 Rules)
2025-11-11 14:22:29,364 [INFO] DbMcusXml:78 - Set database path to: /opt/st/stm32cubeide_1.19.0/plugins/com.st.stm32cube.common.mx_6.15.0.202507011659//db//mcu/
2025-11-11 14:22:29,364 [INFO] ApiDb:274 - Set plugin database path to: /opt/st/stm32cubeide_1.19.0/plugins/com.st.stm32cube.common.mx_6.15.0.202507011659//db//plugins/boardmanager/
2025-11-11 14:22:29,364 [INFO] ApiDb:261 - Set plugin images path to: /opt/st/stm32cubeide_1.19.0/plugins/com.st.stm32cube.common.mx_6.15.0.202507011659//db//plugins/mcufinder/images/
2025-11-11 14:22:29,365 [WARN] DbFile:41 - Overriding database path with different value: /home/krushna/.stmcufinder/plugins/mcufinder/ => /home/krushna/.stmcufinder/plugins/mcufinder
2025-11-11 14:22:29,365 [INFO] ApiDb:250 - Set database path to: /home/krushna/.stmcufinder/plugins/mcufinder//mcu/
2025-11-11 14:22:29,365 [WARN] DbFile:41 - Overriding database path with different value: /home/krushna/.stmcufinder/plugins/mcufinder/ => /home/krushna/.stmcufinder/plugins/mcufinder
2025-11-11 14:22:29,365 [INFO] DbMcusAds:125 - Set database path to: /home/krushna/.stmcufinder/plugins/mcufinder//mcu/
2025-11-11 14:22:29,365 [WARN] DbFile:41 - Overriding database path with different value: /home/krushna/.stmcufinder/plugins/mcufinder/ => /home/krushna/.stmcufinder/plugins/mcufinder
2025-11-11 14:22:29,365 [WARN] DbFile:41 - Overriding database path with different value: /home/krushna/.stmcufinder/plugins/mcufinder/ => /home/krushna/.stmcufinder/plugins/mcufinder
2025-11-11 14:22:29,365 [INFO] CrossReferenceDbSqlite:203 - Set database path to: /home/krushna/.stmcufinder/plugins/mcufinder//mcu/cs/
2025-11-11 14:22:29,425 [INFO] MainPanel:274 - HeapMemory: 268435456
2025-11-11 14:22:29,530 [INFO] DbMcusXml:78 - Set database path to: /opt/st/stm32cubeide_1.19.0/plugins/com.st.stm32cube.common.mx_6.15.0.202507011659//db//mcu/
2025-11-11 14:22:29,530 [INFO] ApiDb:274 - Set plugin database path to: /opt/st/stm32cubeide_1.19.0/plugins/com.st.stm32cube.common.mx_6.15.0.202507011659//db//plugins/boardmanager/
2025-11-11 14:22:29,530 [INFO] ApiDb:261 - Set plugin images path to: /opt/st/stm32cubeide_1.19.0/plugins/com.st.stm32cube.common.mx_6.15.0.202507011659//db//plugins/mcufinder/images/
2025-11-11 14:22:29,531 [WARN] DbFile:41 - Overriding database path with different value: /home/krushna/.stmcufinder/plugins/mcufinder/ => /home/krushna/.stmcufinder/plugins/mcufinder
2025-11-11 14:22:29,531 [INFO] ApiDb:250 - Set database path to: /home/krushna/.stmcufinder/plugins/mcufinder//mcu/
2025-11-11 14:22:29,531 [WARN] DbFile:41 - Overriding database path with different value: /home/krushna/.stmcufinder/plugins/mcufinder/ => /home/krushna/.stmcufinder/plugins/mcufinder
2025-11-11 14:22:29,531 [INFO] DbMcusAds:125 - Set database path to: /home/krushna/.stmcufinder/plugins/mcufinder//mcu/
2025-11-11 14:22:29,531 [WARN] DbFile:41 - Overriding database path with different value: /home/krushna/.stmcufinder/plugins/mcufinder/ => /home/krushna/.stmcufinder/plugins/mcufinder
2025-11-11 14:22:29,531 [WARN] DbFile:41 - Overriding database path with different value: /home/krushna/.stmcufinder/plugins/mcufinder/ => /home/krushna/.stmcufinder/plugins/mcufinder
2025-11-11 14:22:29,531 [INFO] CrossReferenceDbSqlite:203 - Set database path to: /home/krushna/.stmcufinder/plugins/mcufinder//mcu/cs/
2025-11-11 14:22:29,541 [INFO] ApplicationProperties:184 - Using Application install path: /opt/st/stm32cubeide_1.19.0/plugins/com.st.stm32cube.common.mx_6.15.0.202507011659
2025-11-11 14:22:29,542 [INFO] PluginManage:196 - Search for loadable plugins [exclusion list=, ]
2025-11-11 14:22:29,543 [INFO] PluginManage:310 - Check plugin analytics
2025-11-11 14:22:29,656 [INFO] AnalyticsPlugin:253 - Accepted Software Licenses: 
2025-11-11 14:22:29,656 [INFO] AnalyticsPlugin:255 - Accepted CMSIS Pack Licenses: 
2025-11-11 14:22:29,656 [INFO] AnalyticsPlugin:257 - Accepted Firmware Licenses: FW.F4.1.28.0
2025-11-11 14:22:29,658 [INFO] PluginManage:359 - Loaded plugin analytics (category:tool,tabindex:-1)
2025-11-11 14:22:29,658 [INFO] PluginManage:310 - Check plugin cadmodel
2025-11-11 14:22:29,662 [INFO] CADModel:105 - Init CAD model plugin
2025-11-11 14:22:29,663 [INFO] PluginManage:359 - Loaded plugin cadmodel (category:power,tabindex:5)
2025-11-11 14:22:29,663 [INFO] PluginManage:310 - Check plugin clock
2025-11-11 14:22:29,670 [INFO] PluginManage:359 - Loaded plugin clock (category:base,tabindex:2)
2025-11-11 14:22:29,670 [INFO] PluginManage:310 - Check plugin ddr
2025-11-11 14:22:29,672 [INFO] PluginManage:359 - Loaded plugin ddr (category:tool,tabindex:6)
2025-11-11 14:22:29,672 [INFO] PluginManage:310 - Check plugin filemanager
2025-11-11 14:22:29,786 [INFO] PluginManage:359 - Loaded plugin filemanager (category:base,tabindex:10)
2025-11-11 14:22:29,786 [INFO] PluginManage:310 - Check plugin ipmanager
2025-11-11 14:22:29,790 [INFO] PluginManage:359 - Loaded plugin ipmanager (category:base,tabindex:5)
2025-11-11 14:22:29,790 [INFO] PluginManage:310 - Check plugin lpbam
2025-11-11 14:22:29,799 [INFO] PluginManage:359 - Loaded plugin lpbam (category:base,tabindex:0)
2025-11-11 14:22:29,799 [INFO] PluginManage:310 - Check plugin memorymap
2025-11-11 14:22:29,807 [INFO] PluginManage:359 - Loaded plugin memorymap (category:base,tabindex:4)
2025-11-11 14:22:29,807 [INFO] PluginManage:310 - Check plugin pinoutandconfiguration
2025-11-11 14:22:29,815 [INFO] PluginManage:359 - Loaded plugin pinoutandconfiguration (category:base,tabindex:1)
2025-11-11 14:22:29,815 [INFO] PluginManage:310 - Check plugin pinoutconfig
2025-11-11 14:22:29,880 [WARN] SupportedApi:132 - Cannot load RTOS API schema: s4s-elt-must-match.1: The content of 'definitions' must match (annotation?, (simpleType | complexType)?, (unique | key | keyref)*)). A problem was found starting at: attribute.
2025-11-11 14:22:29,980 [INFO] PluginManage:359 - Loaded plugin pinoutconfig (category:base,tabindex:0)
2025-11-11 14:22:29,980 [INFO] PluginManage:310 - Check plugin power
2025-11-11 14:22:29,987 [INFO] PluginManage:359 - Loaded plugin power (category:power,tabindex:4)
2025-11-11 14:22:29,988 [INFO] PluginManage:310 - Check plugin projectmanager
2025-11-11 14:22:30,000 [INFO] PluginManage:359 - Loaded plugin projectmanager (category:projectmanager,tabindex:4)
2025-11-11 14:22:30,000 [INFO] PluginManage:310 - Check plugin rif
2025-11-11 14:22:30,009 [INFO] PluginManage:359 - Loaded plugin rif (category:base,tabindex:3)
2025-11-11 14:22:30,009 [INFO] PluginManage:310 - Check plugin thirdparty
2025-11-11 14:22:30,090 [INFO] PluginManage:359 - Loaded plugin thirdparty (category:base,tabindex:-1)
2025-11-11 14:22:30,090 [WARN] IntegrityCheckThread:84 - waiting for thirdparty lock release [integrity check]
2025-11-11 14:22:30,090 [INFO] IntegrityCheckThread:86 - entering critical section [integrity check]
2025-11-11 14:22:30,090 [INFO] PluginManage:310 - Check plugin tools
2025-11-11 14:22:30,091 [INFO] ThirdPartyUpdaterWithRetryManager:70 - Updater plugin not ready yet. [1/15]
2025-11-11 14:22:30,092 [INFO] PluginManage:359 - Loaded plugin tools (category:base,tabindex:7)
2025-11-11 14:22:30,092 [INFO] PluginManage:310 - Check plugin tutovideos
2025-11-11 14:22:30,247 [INFO] PluginManage:359 - Loaded plugin tutovideos (category:base,tabindex:-1)
2025-11-11 14:22:30,247 [INFO] PluginManage:310 - Check plugin updater
2025-11-11 14:22:30,270 [INFO] PluginManage:359 - Loaded plugin updater (category:base,tabindex:12)
2025-11-11 14:22:30,270 [INFO] PluginManage:310 - Check plugin userauth
2025-11-11 14:22:30,274 [INFO] UserAuth:118 - Init User Auth plugin
2025-11-11 14:22:30,275 [INFO] PluginManage:359 - Loaded plugin userauth (category:base,tabindex:14)
2025-11-11 14:22:30,276 [INFO] PluginManage:283 - PluginManage : Loaded plugins [18]
2025-11-11 14:22:30,405 [INFO] PinOutPanel:1589 - setPackage(No Configuration,No Configuration)
2025-11-11 14:22:30,460 [INFO] CADModel:165 - CPN selected for project level
2025-11-11 14:22:30,460 [INFO] CADModel:114 - Register for checkConnection events
2025-11-11 14:22:30,468 [INFO] IPUIPlugin:80 - create IPUIPlugin
2025-11-11 14:22:30,469 [INFO] PluginManager:220 - loadIPPluginJar : add tsc
2025-11-11 14:22:30,473 [INFO] IPUIPlugin:80 - create IPUIPlugin
2025-11-11 14:22:30,474 [INFO] PluginManager:220 - loadIPPluginJar : add gpio
2025-11-11 14:22:30,480 [INFO] IPUIPlugin:80 - create IPUIPlugin
2025-11-11 14:22:30,480 [INFO] PluginManager:220 - loadIPPluginJar : add linkedlist
2025-11-11 14:22:30,488 [INFO] IPUIPlugin:80 - create IPUIPlugin
2025-11-11 14:22:30,488 [INFO] PluginManager:220 - loadIPPluginJar : add fmc
2025-11-11 14:22:30,493 [INFO] IPUIPlugin:80 - create IPUIPlugin
2025-11-11 14:22:30,496 [INFO] PluginManager:220 - loadIPPluginJar : add plateformsettings
2025-11-11 14:22:30,497 [INFO] IPUIPlugin:80 - create IPUIPlugin
2025-11-11 14:22:30,498 [INFO] PluginManager:220 - loadIPPluginJar : add cryp
2025-11-11 14:22:30,499 [INFO] IPUIPlugin:80 - create IPUIPlugin
2025-11-11 14:22:30,499 [INFO] PluginManager:220 - loadIPPluginJar : add i2c
2025-11-11 14:22:30,501 [INFO] IPUIPlugin:80 - create IPUIPlugin
2025-11-11 14:22:30,502 [INFO] PluginManager:220 - loadIPPluginJar : add lorawan
2025-11-11 14:22:30,505 [INFO] IPUIPlugin:80 - create IPUIPlugin
2025-11-11 14:22:30,505 [INFO] PluginManager:220 - loadIPPluginJar : add touchsensing
2025-11-11 14:22:30,506 [INFO] IPUIPlugin:80 - create IPUIPlugin
2025-11-11 14:22:30,506 [INFO] PluginManager:220 - loadIPPluginJar : add ltdc
2025-11-11 14:22:30,508 [INFO] IPUIPlugin:80 - create IPUIPlugin
2025-11-11 14:22:30,508 [INFO] PluginManager:220 - loadIPPluginJar : add i2s
2025-11-11 14:22:30,509 [INFO] IPUIPlugin:80 - create IPUIPlugin
2025-11-11 14:22:30,510 [INFO] PluginManager:220 - loadIPPluginJar : add fatfs
2025-11-11 14:22:30,515 [INFO] IPUIPlugin:80 - create IPUIPlugin
2025-11-11 14:22:30,516 [INFO] PluginManager:220 - loadIPPluginJar : add mdma
2025-11-11 14:22:30,517 [INFO] IPUIPlugin:80 - create IPUIPlugin
2025-11-11 14:22:30,517 [INFO] PluginManager:220 - loadIPPluginJar : add ts
2025-11-11 14:22:30,519 [INFO] IPUIPlugin:80 - create IPUIPlugin
2025-11-11 14:22:30,519 [INFO] PluginManager:220 - loadIPPluginJar : add ucpd
2025-11-11 14:22:30,521 [INFO] IPUIPlugin:80 - create IPUIPlugin
2025-11-11 14:22:30,521 [INFO] PluginManager:220 - loadIPPluginJar : add radio
2025-11-11 14:22:30,524 [INFO] IPUIPlugin:80 - create IPUIPlugin
2025-11-11 14:22:30,524 [INFO] PluginManager:220 - loadIPPluginJar : add ipddr
2025-11-11 14:22:30,528 [INFO] IPUIPlugin:80 - create IPUIPlugin
2025-11-11 14:22:30,529 [INFO] PluginManager:220 - loadIPPluginJar : add nvic
2025-11-11 14:22:30,532 [INFO] IPUIPlugin:80 - create IPUIPlugin
2025-11-11 14:22:30,533 [INFO] PluginManager:220 - loadIPPluginJar : add ddr_ctrl_phy
2025-11-11 14:22:30,535 [INFO] IPUIPlugin:80 - create IPUIPlugin
2025-11-11 14:22:30,535 [INFO] PluginManager:220 - loadIPPluginJar : add opamp
2025-11-11 14:22:30,538 [INFO] IPUIPlugin:80 - create IPUIPlugin
2025-11-11 14:22:30,538 [INFO] PluginManager:220 - loadIPPluginJar : add usart
2025-11-11 14:22:30,544 [INFO] IPUIPlugin:80 - create IPUIPlugin
2025-11-11 14:22:30,544 [INFO] PluginManager:220 - loadIPPluginJar : add freertos
2025-11-11 14:22:30,548 [INFO] IPUIPlugin:80 - create IPUIPlugin
2025-11-11 14:22:30,548 [INFO] PluginManager:220 - loadIPPluginJar : add usbx
2025-11-11 14:22:30,551 [INFO] IPUIPlugin:80 - create IPUIPlugin
2025-11-11 14:22:30,551 [INFO] PluginManager:220 - loadIPPluginJar : add sai
2025-11-11 14:22:30,553 [INFO] IPUIPlugin:80 - create IPUIPlugin
2025-11-11 14:22:30,553 [INFO] PluginManager:220 - loadIPPluginJar : add hash
2025-11-11 14:22:30,556 [INFO] IPUIPlugin:80 - create IPUIPlugin
2025-11-11 14:22:30,556 [INFO] PluginManager:220 - loadIPPluginJar : add openamp
2025-11-11 14:22:30,561 [INFO] IPUIPlugin:80 - create IPUIPlugin
2025-11-11 14:22:30,562 [INFO] PluginManager:220 - loadIPPluginJar : add gic
2025-11-11 14:22:30,565 [INFO] IPUIPlugin:80 - create IPUIPlugin
2025-11-11 14:22:30,565 [INFO] PluginManager:220 - loadIPPluginJar : add extmemmanager
2025-11-11 14:22:30,568 [INFO] IPUIPlugin:80 - create IPUIPlugin
2025-11-11 14:22:30,568 [INFO] PluginManager:220 - loadIPPluginJar : add pdm2pcm
2025-11-11 14:22:30,570 [INFO] IPUIPlugin:80 - create IPUIPlugin
2025-11-11 14:22:30,571 [INFO] PluginManager:220 - loadIPPluginJar : add tim
2025-11-11 14:22:30,574 [INFO] IPUIPlugin:80 - create IPUIPlugin
2025-11-11 14:22:30,574 [INFO] PluginManager:220 - loadIPPluginJar : add dma3
2025-11-11 14:22:30,583 [INFO] IPUIPlugin:80 - create IPUIPlugin
2025-11-11 14:22:30,583 [INFO] PluginManager:220 - loadIPPluginJar : add adc
2025-11-11 14:22:30,591 [INFO] IPUIPlugin:80 - create IPUIPlugin
2025-11-11 14:22:30,592 [INFO] PluginManager:220 - loadIPPluginJar : add stm32_wpan
2025-11-11 14:22:30,594 [INFO] IPUIPlugin:80 - create IPUIPlugin
2025-11-11 14:22:30,594 [INFO] PluginManager:220 - loadIPPluginJar : add tracer_emb
2025-11-11 14:22:30,597 [INFO] IPUIPlugin:80 - create IPUIPlugin
2025-11-11 14:22:30,598 [INFO] PluginManager:220 - loadIPPluginJar : add dfsdm
2025-11-11 14:22:30,601 [INFO] IPUIPlugin:80 - create IPUIPlugin
2025-11-11 14:22:30,601 [INFO] PluginManager:220 - loadIPPluginJar : add i3c
2025-11-11 14:22:30,606 [INFO] IPUIPlugin:80 - create IPUIPlugin
2025-11-11 14:22:30,606 [INFO] PluginManager:220 - loadIPPluginJar : add resmgrutility
2025-11-11 14:22:30,615 [INFO] IPUIPlugin:80 - create IPUIPlugin
2025-11-11 14:22:30,615 [INFO] PluginManager:220 - loadIPPluginJar : add dma
2025-11-11 14:22:30,619 [INFO] IPUIPlugin:80 - create IPUIPlugin
2025-11-11 14:22:30,619 [INFO] PluginManager:220 - loadIPPluginJar : add aes
2025-11-11 14:22:30,621 [INFO] IPUIPlugin:80 - create IPUIPlugin
2025-11-11 14:22:30,621 [INFO] PluginManager:220 - loadIPPluginJar : add quadspi
2025-11-11 14:22:30,625 [INFO] IPUIPlugin:80 - create IPUIPlugin
2025-11-11 14:22:30,625 [INFO] PluginManager:220 - loadIPPluginJar : add gtzc
2025-11-11 14:22:30,628 [INFO] IPUIPlugin:80 - create IPUIPlugin
2025-11-11 14:22:30,628 [INFO] PluginManager:220 - loadIPPluginJar : add spi
2025-11-11 14:22:30,632 [INFO] IPUIPlugin:80 - create IPUIPlugin
2025-11-11 14:22:30,632 [INFO] PluginManager:220 - loadIPPluginJar : add can
2025-11-11 14:22:30,634 [INFO] IPUIPlugin:80 - create IPUIPlugin
2025-11-11 14:22:30,634 [INFO] PluginManager:220 - loadIPPluginJar : add genericplugin
2025-11-11 14:22:30,637 [INFO] IPUIPlugin:80 - create IPUIPlugin
2025-11-11 14:22:30,637 [INFO] PluginManager:220 - loadIPPluginJar : add comp
2025-11-11 14:22:30,641 [INFO] IPUIPlugin:80 - create IPUIPlugin
2025-11-11 14:22:30,642 [INFO] PluginManager:220 - loadIPPluginJar : add gfxmmu
2025-11-11 14:22:30,756 [FATAL] Updater:351 - Updater called before beeing initialized
2025-11-11 14:22:30,783 [INFO] RulesReader:64 - Compatibility file has been processed (317 Rules)
2025-11-11 14:22:30,793 [INFO] RulesReader:64 - Compatibility file has been processed (317 Rules)
2025-11-11 14:22:30,800 [INFO] CADModel:165 - CPN selected for project level
2025-11-11 14:22:30,800 [INFO] CADModel:114 - Register for checkConnection events
2025-11-11 14:22:30,801 [FATAL] Updater:351 - Updater called before beeing initialized
2025-11-11 14:22:30,801 [ERROR] CADModel:125 - Updater not yet initialized, retry later 
2025-11-11 14:22:30,947 [FATAL] Updater:351 - Updater called before beeing initialized
2025-11-11 14:22:30,949 [INFO] CADModel:165 - CPN selected for project level
2025-11-11 14:22:30,949 [INFO] CADModel:114 - Register for checkConnection events
2025-11-11 14:22:30,949 [FATAL] Updater:351 - Updater called before beeing initialized
2025-11-11 14:22:30,949 [ERROR] CADModel:125 - Updater not yet initialized, retry later 
2025-11-11 14:22:30,953 [FATAL] Updater:351 - Updater called before beeing initialized
2025-11-11 14:22:31,065 [FATAL] Updater:351 - Updater called before beeing initialized
2025-11-11 14:22:31,070 [INFO] DbMcusAds:53 - JSON generation date=Fri Nov 07 16:43:48 IST 2025 (1762514028606)
2025-11-11 14:22:31,070 [FATAL] Updater:351 - Updater called before beeing initialized
2025-11-11 14:22:31,099 [WARN] DetailPanel:346 - Failed to get advertising image, set to default
2025-11-11 14:22:31,150 [FATAL] Updater:351 - Updater called before beeing initialized
2025-11-11 14:22:31,151 [FATAL] Updater:351 - Updater called before beeing initialized
2025-11-11 14:22:31,152 [FATAL] Updater:351 - Updater called before beeing initialized
2025-11-11 14:22:31,152 [WARN] DetailPanel:346 - Failed to get advertising image, set to default
2025-11-11 14:22:31,153 [FATAL] Updater:351 - Updater called before beeing initialized
2025-11-11 14:22:31,182 [ERROR] Updater:1198 - MainUpdater not yet initialized. External WinMGr cannot be set.
2025-11-11 14:22:31,183 [INFO] Updater:1134 - Updater Version found : 6.15.0
2025-11-11 14:22:31,200 [INFO] ApplicationProperties:184 - Using Application install path: /opt/st/stm32cubeide_1.19.0/plugins/com.st.stm32cube.common.mx_6.15.0.202507011659
2025-11-11 14:22:31,445 [INFO] MainUpdater:2872 - connection check result : 10
2025-11-11 14:22:31,445 [INFO] MainUpdater:289 - Updater Check For Update Now.
2025-11-11 14:22:31,446 [INFO] MicroXplorer:498 - Change Database Version : DB.6.0.150
2025-11-11 14:22:31,450 [INFO] McuFinderGlobals:63 - Set McuFinder mode to 2 (CubeIDE integrated)
2025-11-11 14:22:31,450 [INFO] UserAuth:171 - activating auth plugin
2025-11-11 14:22:31,453 [INFO] UserAuth:487 - Internet connection configuration mode: 1
2025-11-11 14:22:31,479 [INFO] JxBrowserEngine:152 - Initiate JxBrowser Engine with user profile folder
2025-11-11 14:22:31,623 [INFO] CheckServerUpdateThread:120 - End of CheckServer Thread
2025-11-11 14:22:32,155 [INFO] WebApp:169 - Instantiating new browser for Auth
2025-11-11 14:22:32,779 [INFO] WebApp:463 - Apply proxy settings
2025-11-11 14:22:32,779 [INFO] WebApp:548 - Chromium requires no authentication
2025-11-11 14:22:32,787 [INFO] WebApp:491 - Direct internet connection detected
2025-11-11 14:22:32,813 [INFO] WebApp:900 - Register for checkConnection events
2025-11-11 14:22:32,813 [INFO] WebApp:463 - Apply proxy settings
2025-11-11 14:22:32,814 [INFO] WebApp:548 - Chromium requires no authentication
2025-11-11 14:22:32,815 [INFO] WebApp:491 - Direct internet connection detected
2025-11-11 14:22:32,946 [INFO] WebApp:225 - Starting web application
2025-11-11 14:22:32,947 [INFO] WebApp:593 - Web application path used /opt/st/stm32cubeide_1.19.0/plugins/com.st.stm32cube.common.mx_6.15.0.202507011659/db/plugins/mcufinder/reactClient1/index.html
2025-11-11 14:22:33,236 [WARN] PackLoader:240 - Cannot read IP mode file for STMicroelectronics.FP-SNS-MOTENVWB1.1.4.0
2025-11-11 14:22:33,244 [WARN] PackLoader:240 - Cannot read IP mode file for STMicroelectronics.FP-ATR-ASTRA1.2.0.2
2025-11-11 14:22:33,250 [WARN] PackLoader:240 - Cannot read IP mode file for STMicroelectronics.X-CUBE-SMBUS.2.1.0
2025-11-11 14:22:33,254 [WARN] PackLoader:240 - Cannot read IP mode file for STMicroelectronics.X-CUBE-ST60.1.0.0
2025-11-11 14:22:33,281 [WARN] PackLoader:240 - Cannot read IP mode file for STMicroelectronics.X-CUBE-AZRTOS-F7.1.1.0
2025-11-11 14:22:33,290 [WARN] PackLoader:240 - Cannot read IP mode file for Cesanta.I-CUBE-Mongoose.7.19.0
2025-11-11 14:22:33,295 [WARN] PackLoader:240 - Cannot read IP mode file for STMicroelectronics.FP-SNS-MOTENV1.5.1.0
2025-11-11 14:22:33,306 [WARN] PackLoader:240 - Cannot read IP mode file for WES.I-CUBE-Cesium.1.4.0
2025-11-11 14:22:33,354 [WARN] PackLoader:240 - Cannot read IP mode file for Infineon.AIROC-Wi-Fi-Bluetooth-STM32.1.7.1
2025-11-11 14:22:33,368 [WARN] PackLoader:240 - Cannot read IP mode file for STMicroelectronics.X-CUBE-DISPLAY.3.0.0
2025-11-11 14:22:33,377 [INFO] WebApp:191 - Connection restablished
2025-11-11 14:22:33,381 [WARN] PackLoader:240 - Cannot read IP mode file for STMicroelectronics.X-CUBE-NFC10.1.0.0
2025-11-11 14:22:33,389 [WARN] PackLoader:240 - Cannot read IP mode file for STMicroelectronics.X-CUBE-ST60.1.1.0
2025-11-11 14:22:33,396 [WARN] PackLoader:240 - Cannot read IP mode file for emotas.I-CUBE-CANOPEN.1.3.0
2025-11-11 14:22:33,401 [WARN] PackLoader:240 - Cannot read IP mode file for STMicroelectronics.X-CUBE-GNSS1.7.1.0
2025-11-11 14:22:33,407 [WARN] PackLoader:240 - Cannot read IP mode file for STMicroelectronics.FP-SNS-SMARTAG2.1.2.0
2025-11-11 14:22:33,413 [WARN] PackLoader:240 - Cannot read IP mode file for STMicroelectronics.FP-SNS-FLIGHT1.5.1.0
2025-11-11 14:22:33,424 [INFO] LogOutputStream:77 - [STDOUT_REDIRECT] 1 : Invalid condition id : UX_CORESTACK_Condition cause : null
2025-11-11 14:22:33,425 [INFO] LogOutputStream:77 - [STDOUT_REDIRECT] 1 : Invalid condition id : UX_CORESTACK_Condition cause : null
2025-11-11 14:22:33,426 [INFO] LogOutputStream:77 - [STDOUT_REDIRECT] 1 : Invalid condition id : UX_CORESTACK_Condition cause : null
2025-11-11 14:22:33,426 [INFO] LogOutputStream:77 - [STDOUT_REDIRECT] 1 : Invalid condition id : UX_CORESTACK_Condition cause : null
2025-11-11 14:22:33,426 [INFO] LogOutputStream:77 - [STDOUT_REDIRECT] 1 : Invalid condition id : UX_CORESTACK_Condition cause : null
2025-11-11 14:22:33,429 [WARN] PackLoader:240 - Cannot read IP mode file for STMicroelectronics.X-CUBE-AZRTOS-WL.2.0.0
2025-11-11 14:22:33,435 [WARN] PackLoader:240 - Cannot read IP mode file for STMicroelectronics.FP-SNS-MOTENV1.5.0.0
2025-11-11 14:22:33,441 [WARN] PackLoader:240 - Cannot read IP mode file for STMicroelectronics.X-CUBE-BLE2.3.3.0
2025-11-11 14:22:33,469 [WARN] PackLoader:240 - Cannot read IP mode file for STMicroelectronics.X-CUBE-NFC9.1.0.0
2025-11-11 14:22:33,478 [WARN] PackLoader:240 - Cannot read IP mode file for STMicroelectronics.X-CUBE-BLE1.7.1.0
2025-11-11 14:22:33,482 [WARN] PackLoader:240 - Cannot read IP mode file for wolfSSL.I-CUBE-wolfMQTT.1.19.2
2025-11-11 14:22:33,490 [WARN] PackLoader:240 - Cannot read IP mode file for STMicroelectronics.X-CUBE-ST67W61.1.1.0
2025-11-11 14:22:33,507 [WARN] PackLoader:240 - Cannot read IP mode file for STMicroelectronics.X-CUBE-AZRTOS-G0.1.1.0
2025-11-11 14:22:33,516 [WARN] PackLoader:240 - Cannot read IP mode file for STMicroelectronics.X-CUBE-SAFEA1.1.2.2
2025-11-11 14:22:33,522 [WARN] PackLoader:240 - Cannot read IP mode file for STMicroelectronics.X-CUBE-NFC4.3.0.0
2025-11-11 14:22:33,531 [WARN] PackLoader:240 - Cannot read IP mode file for EmbeddedOffice.I-CUBE-FS-RTOS.1.0.1
2025-11-11 14:22:33,537 [WARN] PackLoader:240 - Cannot read IP mode file for STMicroelectronics.X-CUBE-WB05N.2.0.0
2025-11-11 14:22:33,541 [WARN] PackLoader:240 - Cannot read IP mode file for wolfSSL.I-CUBE-wolfTPM.3.8.0
2025-11-11 14:22:33,546 [WARN] PackLoader:240 - Cannot read IP mode file for STMicroelectronics.X-CUBE-TCPP.4.2.0
2025-11-11 14:22:33,552 [WARN] PackLoader:240 - Cannot read IP mode file for RealThread.X-CUBE-RT-Thread_Nano.4.1.1
2025-11-11 14:22:33,558 [WARN] PackLoader:240 - Cannot read IP mode file for STMicroelectronics.FP-ATR-SIGFOX1.3.2.0
2025-11-11 14:22:33,564 [WARN] PackLoader:240 - Cannot read IP mode file for ITTIA_DB.I-CUBE-ITTIADB.8.9.0
2025-11-11 14:22:33,569 [WARN] PackLoader:240 - Cannot read IP mode file for STMicroelectronics.X-CUBE-ST67W61.1.0.0
2025-11-11 14:22:33,596 [WARN] PackLoader:240 - Cannot read IP mode file for SEGGER.I-CUBE-embOS.1.3.1
2025-11-11 14:22:33,655 [WARN] PackLoader:240 - Cannot read IP mode file for STMicroelectronics.X-CUBE-ALGOBUILD.1.4.0
2025-11-11 14:22:33,739 [WARN] PackLoader:240 - Cannot read IP mode file for STMicroelectronics.X-CUBE-MEMS1.11.3.0
2025-11-11 14:22:33,874 [WARN] PackLoader:240 - Cannot read IP mode file for STMicroelectronics.X-CUBE-PM33A1.1.0.0
2025-11-11 14:22:33,889 [WARN] PackLoader:240 - Cannot read IP mode file for STMicroelectronics.X-CUBE-AZRTOS-F4.1.1.0
2025-11-11 14:22:33,895 [WARN] PackLoader:240 - Cannot read IP mode file for Avnet-IotConnect.X-CUBE-IoTC-DA16k-PMOD.1.0.0
2025-11-11 14:22:33,898 [WARN] PackLoader:240 - Cannot read IP mode file for STMicroelectronics.X-CUBE-ISPU.2.1.0
2025-11-11 14:22:33,916 [WARN] PackLoader:240 - Cannot read IP mode file for STMicroelectronics.X-CUBE-IPS.3.2.0
2025-11-11 14:22:33,938 [WARN] PackLoader:240 - Cannot read IP mode file for STMicroelectronics.X-CUBE-AZRTOS-L5.2.0.0
2025-11-11 14:22:33,948 [WARN] PackLoader:240 - Cannot read IP mode file for STMicroelectronics.X-CUBE-NFC6.3.1.0
2025-11-11 14:22:33,955 [WARN] PackLoader:240 - Cannot read IP mode file for STMicroelectronics.X-CUBE-FREERTOS.1.3.1
2025-11-11 14:22:33,959 [WARN] PackLoader:240 - Cannot read IP mode file for STMicroelectronics.X-CUBE-TOUCHGFX.4.26.0
2025-11-11 14:22:33,964 [WARN] PackLoader:240 - Cannot read IP mode file for STMicroelectronics.X-CUBE-DPower.1.3.0
2025-11-11 14:22:33,981 [WARN] ConditionMgr:438 - getConditionDescription Invalid condition id : LAN8742 Phy interface Condition cause : null
2025-11-11 14:22:33,982 [WARN] PackLoader:240 - Cannot read IP mode file for STMicroelectronics.X-CUBE-AZRTOS-L4.2.0.0
2025-11-11 14:22:33,983 [WARN] ConditionMgr:1044 - genDependencies : Invalid condition id : LAN8742 Phy interface Condition cause : null
2025-11-11 14:22:33,984 [WARN] ConditionMgr:1044 - genDependencies : Invalid condition id : LAN8742 Phy interface Condition cause : null
2025-11-11 14:22:33,984 [WARN] ConditionMgr:1044 - genDependencies : Invalid condition id : LAN8742 Phy interface Condition cause : null
2025-11-11 14:22:33,991 [WARN] PackLoader:240 - Cannot read IP mode file for STMicroelectronics.X-CUBE-SFXS2LP1.4.0.0
2025-11-11 14:22:34,001 [WARN] ConditionMgr:438 - getConditionDescription Invalid condition id : UX DEVICE CLASS RTOS Condition cause : null
2025-11-11 14:22:34,001 [WARN] ConditionMgr:438 - getConditionDescription Invalid condition id : UX DEVICE CLASS RTOS Condition cause : null
2025-11-11 14:22:34,003 [WARN] PackLoader:240 - Cannot read IP mode file for STMicroelectronics.X-CUBE-AZRTOS-WB.2.0.0
2025-11-11 14:22:34,004 [WARN] ConditionMgr:1044 - genDependencies : Invalid condition id : UX DEVICE CLASS RTOS Condition cause : null
2025-11-11 14:22:34,004 [WARN] ConditionMgr:1044 - genDependencies : Invalid condition id : UX DEVICE CLASS RTOS Condition cause : null
2025-11-11 14:22:34,004 [WARN] ConditionMgr:1044 - genDependencies : Invalid condition id : UX DEVICE CLASS RTOS Condition cause : null
2025-11-11 14:22:34,005 [WARN] ConditionMgr:1044 - genDependencies : Invalid condition id : UX DEVICE CLASS RTOS Condition cause : null
2025-11-11 14:22:34,005 [WARN] ConditionMgr:1044 - genDependencies : Invalid condition id : UX DEVICE CLASS RTOS Condition cause : null
2025-11-11 14:22:34,013 [WARN] PackLoader:240 - Cannot read IP mode file for STMicroelectronics.X-CUBE-GNSS1.7.0.1
2025-11-11 14:22:34,017 [WARN] PackLoader:240 - Cannot read IP mode file for STMicroelectronics.X-CUBE-TOUCHGFX.4.25.0
2025-11-11 14:22:34,022 [WARN] ConditionMgr:438 - getConditionDescription Invalid condition id : Cortex-A Device cause : null
2025-11-11 14:22:34,033 [WARN] ConditionMgr:1044 - genDependencies : Invalid condition id : Cortex-A Device cause : null
2025-11-11 14:22:34,033 [WARN] ConditionMgr:1044 - genDependencies : Invalid condition id : Cortex-A Device cause : null
2025-11-11 14:22:34,033 [WARN] ConditionMgr:1044 - genDependencies : Invalid condition id : Cortex-A Device cause : null
2025-11-11 14:22:34,041 [WARN] PackLoader:240 - Cannot read IP mode file for STMicroelectronics.X-CUBE-SUBG2.5.0.0
2025-11-11 14:22:34,058 [WARN] PackLoader:240 - Cannot read IP mode file for STMicroelectronics.X-CUBE-AZRTOS-H7RS.1.1.0
2025-11-11 14:22:34,071 [WARN] PackLoader:240 - Cannot read IP mode file for STMicroelectronics.X-CUBE-AZRTOS-G4.2.0.0
2025-11-11 14:22:34,076 [WARN] PackLoader:240 - Cannot read IP mode file for wolfSSL.I-CUBE-wolfSSH.1.4.20
2025-11-11 14:22:34,080 [WARN] PackLoader:240 - Cannot read IP mode file for STMicroelectronics.X-CUBE-NFC7.2.0.0
2025-11-11 14:22:34,091 [WARN] PackLoader:240 - Cannot read IP mode file for STMicroelectronics.X-CUBE-IPS.3.1.0
2025-11-11 14:22:34,102 [WARN] PackLoader:240 - Cannot read IP mode file for STMicroelectronics.X-CUBE-ALS.1.0.2
2025-11-11 14:22:34,110 [WARN] PackLoader:240 - Cannot read IP mode file for STMicroelectronics.X-CUBE-TOF1.3.4.3
2025-11-11 14:22:34,129 [INFO] ThirdParty:978 - Integrity check success = true
2025-11-11 14:22:34,129 [INFO] IntegrityCheckThread:100 - exiting critical section [integrity check]
2025-11-11 14:22:34,129 [INFO] IntegrityCheckThread:103 - End integrity checks thread
2025-11-11 14:22:34,836 [ERROR] LogOutputStream:75 - [STDERR_REDIRECT] 
2025-11-11 15:33:44,655 [INFO] Activator:176 - 


2025-11-11 15:33:44,656 [INFO] Activator:177 - !SESSION log4j initialized
2025-11-11 15:33:47,838 [INFO] LogOutputStream:77 - [STDOUT_REDIRECT] 
2025-11-11 15:33:48,798 [INFO] ApplicationProperties:184 - Using Application install path: /opt/st/stm32cubeide_1.19.0/plugins/com.st.stm32cube.common.mx_6.15.0.202507011659
2025-11-11 15:33:48,814 [INFO] DbMcusXml:78 - Set database path to: /opt/st/stm32cubeide_1.19.0/plugins/com.st.stm32cube.common.mx_6.15.0.202507011659//db//mcu/
2025-11-11 15:33:48,814 [INFO] ApiDb:274 - Set plugin database path to: /opt/st/stm32cubeide_1.19.0/plugins/com.st.stm32cube.common.mx_6.15.0.202507011659//db//plugins/boardmanager/
2025-11-11 15:33:48,814 [WARN] ApiDb:259 - Overriding images path with different value:  => /opt/st/stm32cubeide_1.19.0/plugins/com.st.stm32cube.common.mx_6.15.0.202507011659//db//plugins/mcufinder/images/
2025-11-11 15:33:48,817 [INFO] ApiDb:250 - Set database path to: /home/krushna/.stmcufinder/plugins/mcufinder//mcu/
2025-11-11 15:33:48,818 [INFO] DbMcusAds:125 - Set database path to: /home/krushna/.stmcufinder/plugins/mcufinder//mcu/
2025-11-11 15:33:48,820 [INFO] CrossReferenceDbSqlite:203 - Set database path to: /home/krushna/.stmcufinder/plugins/mcufinder//mcu/cs/
2025-11-11 15:33:48,937 [INFO] RulesReader:64 - Compatibility file has been processed (317 Rules)
2025-11-11 15:33:49,003 [INFO] DbMcusXml:78 - Set database path to: /opt/st/stm32cubeide_1.19.0/plugins/com.st.stm32cube.common.mx_6.15.0.202507011659//db//mcu/
2025-11-11 15:33:49,003 [INFO] ApiDb:274 - Set plugin database path to: /opt/st/stm32cubeide_1.19.0/plugins/com.st.stm32cube.common.mx_6.15.0.202507011659//db//plugins/boardmanager/
2025-11-11 15:33:49,003 [INFO] ApiDb:261 - Set plugin images path to: /opt/st/stm32cubeide_1.19.0/plugins/com.st.stm32cube.common.mx_6.15.0.202507011659//db//plugins/mcufinder/images/
2025-11-11 15:33:49,003 [WARN] DbFile:41 - Overriding database path with different value: /home/krushna/.stmcufinder/plugins/mcufinder/ => /home/krushna/.stmcufinder/plugins/mcufinder
2025-11-11 15:33:49,003 [INFO] ApiDb:250 - Set database path to: /home/krushna/.stmcufinder/plugins/mcufinder//mcu/
2025-11-11 15:33:49,004 [WARN] DbFile:41 - Overriding database path with different value: /home/krushna/.stmcufinder/plugins/mcufinder/ => /home/krushna/.stmcufinder/plugins/mcufinder
2025-11-11 15:33:49,004 [INFO] DbMcusAds:125 - Set database path to: /home/krushna/.stmcufinder/plugins/mcufinder//mcu/
2025-11-11 15:33:49,004 [WARN] DbFile:41 - Overriding database path with different value: /home/krushna/.stmcufinder/plugins/mcufinder/ => /home/krushna/.stmcufinder/plugins/mcufinder
2025-11-11 15:33:49,004 [WARN] DbFile:41 - Overriding database path with different value: /home/krushna/.stmcufinder/plugins/mcufinder/ => /home/krushna/.stmcufinder/plugins/mcufinder
2025-11-11 15:33:49,004 [INFO] CrossReferenceDbSqlite:203 - Set database path to: /home/krushna/.stmcufinder/plugins/mcufinder//mcu/cs/
2025-11-11 15:33:49,062 [INFO] MainPanel:274 - HeapMemory: 268435456
2025-11-11 15:33:49,167 [INFO] DbMcusXml:78 - Set database path to: /opt/st/stm32cubeide_1.19.0/plugins/com.st.stm32cube.common.mx_6.15.0.202507011659//db//mcu/
2025-11-11 15:33:49,167 [INFO] ApiDb:274 - Set plugin database path to: /opt/st/stm32cubeide_1.19.0/plugins/com.st.stm32cube.common.mx_6.15.0.202507011659//db//plugins/boardmanager/
2025-11-11 15:33:49,168 [INFO] ApiDb:261 - Set plugin images path to: /opt/st/stm32cubeide_1.19.0/plugins/com.st.stm32cube.common.mx_6.15.0.202507011659//db//plugins/mcufinder/images/
2025-11-11 15:33:49,168 [WARN] DbFile:41 - Overriding database path with different value: /home/krushna/.stmcufinder/plugins/mcufinder/ => /home/krushna/.stmcufinder/plugins/mcufinder
2025-11-11 15:33:49,168 [INFO] ApiDb:250 - Set database path to: /home/krushna/.stmcufinder/plugins/mcufinder//mcu/
2025-11-11 15:33:49,168 [WARN] DbFile:41 - Overriding database path with different value: /home/krushna/.stmcufinder/plugins/mcufinder/ => /home/krushna/.stmcufinder/plugins/mcufinder
2025-11-11 15:33:49,168 [INFO] DbMcusAds:125 - Set database path to: /home/krushna/.stmcufinder/plugins/mcufinder//mcu/
2025-11-11 15:33:49,168 [WARN] DbFile:41 - Overriding database path with different value: /home/krushna/.stmcufinder/plugins/mcufinder/ => /home/krushna/.stmcufinder/plugins/mcufinder
2025-11-11 15:33:49,168 [WARN] DbFile:41 - Overriding database path with different value: /home/krushna/.stmcufinder/plugins/mcufinder/ => /home/krushna/.stmcufinder/plugins/mcufinder
2025-11-11 15:33:49,168 [INFO] CrossReferenceDbSqlite:203 - Set database path to: /home/krushna/.stmcufinder/plugins/mcufinder//mcu/cs/
2025-11-11 15:33:49,186 [INFO] ApplicationProperties:184 - Using Application install path: /opt/st/stm32cubeide_1.19.0/plugins/com.st.stm32cube.common.mx_6.15.0.202507011659
2025-11-11 15:33:49,187 [INFO] PluginManage:196 - Search for loadable plugins [exclusion list=, ]
2025-11-11 15:33:49,189 [INFO] PluginManage:310 - Check plugin analytics
2025-11-11 15:33:49,341 [INFO] AnalyticsPlugin:253 - Accepted Software Licenses: 
2025-11-11 15:33:49,341 [INFO] AnalyticsPlugin:255 - Accepted CMSIS Pack Licenses: 
2025-11-11 15:33:49,341 [INFO] AnalyticsPlugin:257 - Accepted Firmware Licenses: FW.F4.1.28.0
2025-11-11 15:33:49,343 [INFO] PluginManage:359 - Loaded plugin analytics (category:tool,tabindex:-1)
2025-11-11 15:33:49,343 [INFO] PluginManage:310 - Check plugin cadmodel
2025-11-11 15:33:49,346 [INFO] CADModel:105 - Init CAD model plugin
2025-11-11 15:33:49,347 [INFO] PluginManage:359 - Loaded plugin cadmodel (category:power,tabindex:5)
2025-11-11 15:33:49,347 [INFO] PluginManage:310 - Check plugin clock
2025-11-11 15:33:49,353 [INFO] PluginManage:359 - Loaded plugin clock (category:base,tabindex:2)
2025-11-11 15:33:49,353 [INFO] PluginManage:310 - Check plugin ddr
2025-11-11 15:33:49,355 [INFO] PluginManage:359 - Loaded plugin ddr (category:tool,tabindex:6)
2025-11-11 15:33:49,355 [INFO] PluginManage:310 - Check plugin filemanager
2025-11-11 15:33:49,476 [INFO] PluginManage:359 - Loaded plugin filemanager (category:base,tabindex:10)
2025-11-11 15:33:49,476 [INFO] PluginManage:310 - Check plugin ipmanager
2025-11-11 15:33:49,481 [INFO] PluginManage:359 - Loaded plugin ipmanager (category:base,tabindex:5)
2025-11-11 15:33:49,481 [INFO] PluginManage:310 - Check plugin lpbam
2025-11-11 15:33:49,490 [INFO] PluginManage:359 - Loaded plugin lpbam (category:base,tabindex:0)
2025-11-11 15:33:49,491 [INFO] PluginManage:310 - Check plugin memorymap
2025-11-11 15:33:49,499 [INFO] PluginManage:359 - Loaded plugin memorymap (category:base,tabindex:4)
2025-11-11 15:33:49,499 [INFO] PluginManage:310 - Check plugin pinoutandconfiguration
2025-11-11 15:33:49,505 [INFO] PluginManage:359 - Loaded plugin pinoutandconfiguration (category:base,tabindex:1)
2025-11-11 15:33:49,505 [INFO] PluginManage:310 - Check plugin pinoutconfig
2025-11-11 15:33:49,582 [WARN] SupportedApi:132 - Cannot load RTOS API schema: s4s-elt-must-match.1: The content of 'definitions' must match (annotation?, (simpleType | complexType)?, (unique | key | keyref)*)). A problem was found starting at: attribute.
2025-11-11 15:33:49,727 [INFO] PluginManage:359 - Loaded plugin pinoutconfig (category:base,tabindex:0)
2025-11-11 15:33:49,727 [INFO] PluginManage:310 - Check plugin power
2025-11-11 15:33:49,733 [INFO] PluginManage:359 - Loaded plugin power (category:power,tabindex:4)
2025-11-11 15:33:49,734 [INFO] PluginManage:310 - Check plugin projectmanager
2025-11-11 15:33:49,749 [INFO] PluginManage:359 - Loaded plugin projectmanager (category:projectmanager,tabindex:4)
2025-11-11 15:33:49,749 [INFO] PluginManage:310 - Check plugin rif
2025-11-11 15:33:49,758 [INFO] PluginManage:359 - Loaded plugin rif (category:base,tabindex:3)
2025-11-11 15:33:49,758 [INFO] PluginManage:310 - Check plugin thirdparty
2025-11-11 15:33:49,875 [WARN] IntegrityCheckThread:84 - waiting for thirdparty lock release [integrity check]
2025-11-11 15:33:49,875 [INFO] PluginManage:359 - Loaded plugin thirdparty (category:base,tabindex:-1)
2025-11-11 15:33:49,875 [INFO] IntegrityCheckThread:86 - entering critical section [integrity check]
2025-11-11 15:33:49,875 [INFO] PluginManage:310 - Check plugin tools
2025-11-11 15:33:49,875 [INFO] ThirdPartyUpdaterWithRetryManager:70 - Updater plugin not ready yet. [1/15]
2025-11-11 15:33:49,877 [INFO] PluginManage:359 - Loaded plugin tools (category:base,tabindex:7)
2025-11-11 15:33:49,877 [INFO] PluginManage:310 - Check plugin tutovideos
2025-11-11 15:33:50,002 [INFO] PluginManage:359 - Loaded plugin tutovideos (category:base,tabindex:-1)
2025-11-11 15:33:50,002 [INFO] PluginManage:310 - Check plugin updater
2025-11-11 15:33:50,018 [INFO] PluginManage:359 - Loaded plugin updater (category:base,tabindex:12)
2025-11-11 15:33:50,018 [INFO] PluginManage:310 - Check plugin userauth
2025-11-11 15:33:50,021 [INFO] UserAuth:118 - Init User Auth plugin
2025-11-11 15:33:50,022 [INFO] PluginManage:359 - Loaded plugin userauth (category:base,tabindex:14)
2025-11-11 15:33:50,022 [INFO] PluginManage:283 - PluginManage : Loaded plugins [18]
2025-11-11 15:33:50,142 [INFO] PinOutPanel:1589 - setPackage(No Configuration,No Configuration)
2025-11-11 15:33:50,191 [INFO] CADModel:165 - CPN selected for project level
2025-11-11 15:33:50,191 [INFO] CADModel:114 - Register for checkConnection events
2025-11-11 15:33:50,198 [INFO] IPUIPlugin:80 - create IPUIPlugin
2025-11-11 15:33:50,198 [INFO] PluginManager:220 - loadIPPluginJar : add tsc
2025-11-11 15:33:50,201 [INFO] IPUIPlugin:80 - create IPUIPlugin
2025-11-11 15:33:50,202 [INFO] PluginManager:220 - loadIPPluginJar : add gpio
2025-11-11 15:33:50,208 [INFO] IPUIPlugin:80 - create IPUIPlugin
2025-11-11 15:33:50,208 [INFO] PluginManager:220 - loadIPPluginJar : add linkedlist
2025-11-11 15:33:50,215 [INFO] IPUIPlugin:80 - create IPUIPlugin
2025-11-11 15:33:50,215 [INFO] PluginManager:220 - loadIPPluginJar : add fmc
2025-11-11 15:33:50,219 [INFO] IPUIPlugin:80 - create IPUIPlugin
2025-11-11 15:33:50,221 [INFO] PluginManager:220 - loadIPPluginJar : add plateformsettings
2025-11-11 15:33:50,223 [INFO] IPUIPlugin:80 - create IPUIPlugin
2025-11-11 15:33:50,223 [INFO] PluginManager:220 - loadIPPluginJar : add cryp
2025-11-11 15:33:50,225 [INFO] IPUIPlugin:80 - create IPUIPlugin
2025-11-11 15:33:50,225 [INFO] PluginManager:220 - loadIPPluginJar : add i2c
2025-11-11 15:33:50,227 [INFO] IPUIPlugin:80 - create IPUIPlugin
2025-11-11 15:33:50,227 [INFO] PluginManager:220 - loadIPPluginJar : add lorawan
2025-11-11 15:33:50,229 [INFO] IPUIPlugin:80 - create IPUIPlugin
2025-11-11 15:33:50,229 [INFO] PluginManager:220 - loadIPPluginJar : add touchsensing
2025-11-11 15:33:50,230 [INFO] IPUIPlugin:80 - create IPUIPlugin
2025-11-11 15:33:50,230 [INFO] PluginManager:220 - loadIPPluginJar : add ltdc
2025-11-11 15:33:50,231 [INFO] IPUIPlugin:80 - create IPUIPlugin
2025-11-11 15:33:50,232 [INFO] PluginManager:220 - loadIPPluginJar : add i2s
2025-11-11 15:33:50,232 [INFO] IPUIPlugin:80 - create IPUIPlugin
2025-11-11 15:33:50,232 [INFO] PluginManager:220 - loadIPPluginJar : add fatfs
2025-11-11 15:33:50,237 [INFO] IPUIPlugin:80 - create IPUIPlugin
2025-11-11 15:33:50,237 [INFO] PluginManager:220 - loadIPPluginJar : add mdma
2025-11-11 15:33:50,238 [INFO] IPUIPlugin:80 - create IPUIPlugin
2025-11-11 15:33:50,238 [INFO] PluginManager:220 - loadIPPluginJar : add ts
2025-11-11 15:33:50,239 [INFO] IPUIPlugin:80 - create IPUIPlugin
2025-11-11 15:33:50,239 [INFO] PluginManager:220 - loadIPPluginJar : add ucpd
2025-11-11 15:33:50,240 [INFO] IPUIPlugin:80 - create IPUIPlugin
2025-11-11 15:33:50,240 [INFO] PluginManager:220 - loadIPPluginJar : add radio
2025-11-11 15:33:50,243 [INFO] IPUIPlugin:80 - create IPUIPlugin
2025-11-11 15:33:50,243 [INFO] PluginManager:220 - loadIPPluginJar : add ipddr
2025-11-11 15:33:50,245 [INFO] IPUIPlugin:80 - create IPUIPlugin
2025-11-11 15:33:50,245 [INFO] PluginManager:220 - loadIPPluginJar : add nvic
2025-11-11 15:33:50,247 [INFO] IPUIPlugin:80 - create IPUIPlugin
2025-11-11 15:33:50,247 [INFO] PluginManager:220 - loadIPPluginJar : add ddr_ctrl_phy
2025-11-11 15:33:50,249 [INFO] IPUIPlugin:80 - create IPUIPlugin
2025-11-11 15:33:50,249 [INFO] PluginManager:220 - loadIPPluginJar : add opamp
2025-11-11 15:33:50,251 [INFO] IPUIPlugin:80 - create IPUIPlugin
2025-11-11 15:33:50,251 [INFO] PluginManager:220 - loadIPPluginJar : add usart
2025-11-11 15:33:50,255 [INFO] IPUIPlugin:80 - create IPUIPlugin
2025-11-11 15:33:50,256 [INFO] PluginManager:220 - loadIPPluginJar : add freertos
2025-11-11 15:33:50,258 [INFO] IPUIPlugin:80 - create IPUIPlugin
2025-11-11 15:33:50,258 [INFO] PluginManager:220 - loadIPPluginJar : add usbx
2025-11-11 15:33:50,260 [INFO] IPUIPlugin:80 - create IPUIPlugin
2025-11-11 15:33:50,261 [INFO] PluginManager:220 - loadIPPluginJar : add sai
2025-11-11 15:33:50,263 [INFO] IPUIPlugin:80 - create IPUIPlugin
2025-11-11 15:33:50,263 [INFO] PluginManager:220 - loadIPPluginJar : add hash
2025-11-11 15:33:50,265 [INFO] IPUIPlugin:80 - create IPUIPlugin
2025-11-11 15:33:50,265 [INFO] PluginManager:220 - loadIPPluginJar : add openamp
2025-11-11 15:33:50,269 [INFO] IPUIPlugin:80 - create IPUIPlugin
2025-11-11 15:33:50,269 [INFO] PluginManager:220 - loadIPPluginJar : add gic
2025-11-11 15:33:50,271 [INFO] IPUIPlugin:80 - create IPUIPlugin
2025-11-11 15:33:50,271 [INFO] PluginManager:220 - loadIPPluginJar : add extmemmanager
2025-11-11 15:33:50,273 [INFO] IPUIPlugin:80 - create IPUIPlugin
2025-11-11 15:33:50,273 [INFO] PluginManager:220 - loadIPPluginJar : add pdm2pcm
2025-11-11 15:33:50,274 [INFO] IPUIPlugin:80 - create IPUIPlugin
2025-11-11 15:33:50,274 [INFO] PluginManager:220 - loadIPPluginJar : add tim
2025-11-11 15:33:50,276 [INFO] IPUIPlugin:80 - create IPUIPlugin
2025-11-11 15:33:50,276 [INFO] PluginManager:220 - loadIPPluginJar : add dma3
2025-11-11 15:33:50,281 [INFO] IPUIPlugin:80 - create IPUIPlugin
2025-11-11 15:33:50,281 [INFO] PluginManager:220 - loadIPPluginJar : add adc
2025-11-11 15:33:50,285 [INFO] IPUIPlugin:80 - create IPUIPlugin
2025-11-11 15:33:50,285 [INFO] PluginManager:220 - loadIPPluginJar : add stm32_wpan
2025-11-11 15:33:50,287 [INFO] IPUIPlugin:80 - create IPUIPlugin
2025-11-11 15:33:50,287 [INFO] PluginManager:220 - loadIPPluginJar : add tracer_emb
2025-11-11 15:33:50,289 [INFO] IPUIPlugin:80 - create IPUIPlugin
2025-11-11 15:33:50,289 [INFO] PluginManager:220 - loadIPPluginJar : add dfsdm
2025-11-11 15:33:50,291 [INFO] IPUIPlugin:80 - create IPUIPlugin
2025-11-11 15:33:50,291 [INFO] PluginManager:220 - loadIPPluginJar : add i3c
2025-11-11 15:33:50,293 [INFO] IPUIPlugin:80 - create IPUIPlugin
2025-11-11 15:33:50,294 [INFO] PluginManager:220 - loadIPPluginJar : add resmgrutility
2025-11-11 15:33:50,299 [INFO] IPUIPlugin:80 - create IPUIPlugin
2025-11-11 15:33:50,299 [INFO] PluginManager:220 - loadIPPluginJar : add dma
2025-11-11 15:33:50,301 [INFO] IPUIPlugin:80 - create IPUIPlugin
2025-11-11 15:33:50,301 [INFO] PluginManager:220 - loadIPPluginJar : add aes
2025-11-11 15:33:50,302 [INFO] IPUIPlugin:80 - create IPUIPlugin
2025-11-11 15:33:50,302 [INFO] PluginManager:220 - loadIPPluginJar : add quadspi
2025-11-11 15:33:50,305 [INFO] IPUIPlugin:80 - create IPUIPlugin
2025-11-11 15:33:50,305 [INFO] PluginManager:220 - loadIPPluginJar : add gtzc
2025-11-11 15:33:50,307 [INFO] IPUIPlugin:80 - create IPUIPlugin
2025-11-11 15:33:50,307 [INFO] PluginManager:220 - loadIPPluginJar : add spi
2025-11-11 15:33:50,309 [INFO] IPUIPlugin:80 - create IPUIPlugin
2025-11-11 15:33:50,309 [INFO] PluginManager:220 - loadIPPluginJar : add can
2025-11-11 15:33:50,310 [INFO] IPUIPlugin:80 - create IPUIPlugin
2025-11-11 15:33:50,310 [INFO] PluginManager:220 - loadIPPluginJar : add genericplugin
2025-11-11 15:33:50,312 [INFO] IPUIPlugin:80 - create IPUIPlugin
2025-11-11 15:33:50,312 [INFO] PluginManager:220 - loadIPPluginJar : add comp
2025-11-11 15:33:50,313 [INFO] IPUIPlugin:80 - create IPUIPlugin
2025-11-11 15:33:50,313 [INFO] PluginManager:220 - loadIPPluginJar : add gfxmmu
2025-11-11 15:33:50,412 [FATAL] Updater:351 - Updater called before beeing initialized
2025-11-11 15:33:50,431 [INFO] RulesReader:64 - Compatibility file has been processed (317 Rules)
2025-11-11 15:33:50,439 [INFO] RulesReader:64 - Compatibility file has been processed (317 Rules)
2025-11-11 15:33:50,444 [INFO] CADModel:165 - CPN selected for project level
2025-11-11 15:33:50,445 [INFO] CADModel:114 - Register for checkConnection events
2025-11-11 15:33:50,445 [FATAL] Updater:351 - Updater called before beeing initialized
2025-11-11 15:33:50,445 [ERROR] CADModel:125 - Updater not yet initialized, retry later 
2025-11-11 15:33:50,542 [FATAL] Updater:351 - Updater called before beeing initialized
2025-11-11 15:33:50,543 [INFO] CADModel:165 - CPN selected for project level
2025-11-11 15:33:50,543 [INFO] CADModel:114 - Register for checkConnection events
2025-11-11 15:33:50,543 [FATAL] Updater:351 - Updater called before beeing initialized
2025-11-11 15:33:50,544 [ERROR] CADModel:125 - Updater not yet initialized, retry later 
2025-11-11 15:33:50,547 [FATAL] Updater:351 - Updater called before beeing initialized
2025-11-11 15:33:50,626 [FATAL] Updater:351 - Updater called before beeing initialized
2025-11-11 15:33:50,629 [INFO] DbMcusAds:53 - JSON generation date=Fri Nov 07 16:43:48 IST 2025 (1762514028606)
2025-11-11 15:33:50,630 [FATAL] Updater:351 - Updater called before beeing initialized
2025-11-11 15:33:50,651 [WARN] DetailPanel:346 - Failed to get advertising image, set to default
2025-11-11 15:33:50,699 [FATAL] Updater:351 - Updater called before beeing initialized
2025-11-11 15:33:50,700 [FATAL] Updater:351 - Updater called before beeing initialized
2025-11-11 15:33:50,700 [FATAL] Updater:351 - Updater called before beeing initialized
2025-11-11 15:33:50,700 [WARN] DetailPanel:346 - Failed to get advertising image, set to default
2025-11-11 15:33:50,701 [FATAL] Updater:351 - Updater called before beeing initialized
2025-11-11 15:33:50,721 [ERROR] Updater:1198 - MainUpdater not yet initialized. External WinMGr cannot be set.
2025-11-11 15:33:50,722 [INFO] Updater:1134 - Updater Version found : 6.15.0
2025-11-11 15:33:50,732 [INFO] ApplicationProperties:184 - Using Application install path: /opt/st/stm32cubeide_1.19.0/plugins/com.st.stm32cube.common.mx_6.15.0.202507011659
2025-11-11 15:33:50,937 [INFO] MainUpdater:2872 - connection check result : 10
2025-11-11 15:33:50,938 [INFO] MainUpdater:289 - Updater Check For Update Now.
2025-11-11 15:33:50,939 [INFO] MicroXplorer:498 - Change Database Version : DB.6.0.150
2025-11-11 15:33:50,947 [INFO] McuFinderGlobals:63 - Set McuFinder mode to 2 (CubeIDE integrated)
2025-11-11 15:33:50,947 [INFO] UserAuth:171 - activating auth plugin
2025-11-11 15:33:50,952 [INFO] UserAuth:487 - Internet connection configuration mode: 1
2025-11-11 15:33:50,978 [INFO] JxBrowserEngine:152 - Initiate JxBrowser Engine with user profile folder
2025-11-11 15:33:51,130 [INFO] CheckServerUpdateThread:120 - End of CheckServer Thread
2025-11-11 15:33:51,401 [INFO] WebApp:169 - Instantiating new browser for Auth
2025-11-11 15:33:51,853 [INFO] WebApp:463 - Apply proxy settings
2025-11-11 15:33:51,854 [INFO] WebApp:548 - Chromium requires no authentication
2025-11-11 15:33:51,860 [INFO] WebApp:491 - Direct internet connection detected
2025-11-11 15:33:51,877 [INFO] WebApp:900 - Register for checkConnection events
2025-11-11 15:33:51,877 [INFO] WebApp:463 - Apply proxy settings
2025-11-11 15:33:51,877 [INFO] WebApp:548 - Chromium requires no authentication
2025-11-11 15:33:51,877 [INFO] WebApp:491 - Direct internet connection detected
2025-11-11 15:33:51,980 [INFO] WebApp:225 - Starting web application
2025-11-11 15:33:51,980 [INFO] WebApp:593 - Web application path used /opt/st/stm32cubeide_1.19.0/plugins/com.st.stm32cube.common.mx_6.15.0.202507011659/db/plugins/mcufinder/reactClient1/index.html
2025-11-11 15:33:52,374 [INFO] WebApp:191 - Connection restablished
2025-11-11 15:33:52,976 [WARN] PackLoader:240 - Cannot read IP mode file for STMicroelectronics.FP-SNS-MOTENVWB1.1.4.0
2025-11-11 15:33:52,986 [WARN] PackLoader:240 - Cannot read IP mode file for STMicroelectronics.FP-ATR-ASTRA1.2.0.2
2025-11-11 15:33:52,994 [WARN] PackLoader:240 - Cannot read IP mode file for STMicroelectronics.X-CUBE-SMBUS.2.1.0
2025-11-11 15:33:52,998 [WARN] PackLoader:240 - Cannot read IP mode file for STMicroelectronics.X-CUBE-ST60.1.0.0
2025-11-11 15:33:53,026 [WARN] PackLoader:240 - Cannot read IP mode file for STMicroelectronics.X-CUBE-AZRTOS-F7.1.1.0
2025-11-11 15:33:53,034 [WARN] PackLoader:240 - Cannot read IP mode file for Cesanta.I-CUBE-Mongoose.7.19.0
2025-11-11 15:33:53,038 [WARN] PackLoader:240 - Cannot read IP mode file for STMicroelectronics.FP-SNS-MOTENV1.5.1.0
2025-11-11 15:33:53,048 [WARN] PackLoader:240 - Cannot read IP mode file for WES.I-CUBE-Cesium.1.4.0
2025-11-11 15:33:53,070 [WARN] PackLoader:240 - Cannot read IP mode file for Infineon.AIROC-Wi-Fi-Bluetooth-STM32.1.7.1
2025-11-11 15:33:53,089 [WARN] PackLoader:240 - Cannot read IP mode file for STMicroelectronics.X-CUBE-DISPLAY.3.0.0
2025-11-11 15:33:53,104 [WARN] PackLoader:240 - Cannot read IP mode file for STMicroelectronics.X-CUBE-NFC10.1.0.0
2025-11-11 15:33:53,110 [WARN] PackLoader:240 - Cannot read IP mode file for STMicroelectronics.X-CUBE-ST60.1.1.0
2025-11-11 15:33:53,118 [WARN] PackLoader:240 - Cannot read IP mode file for emotas.I-CUBE-CANOPEN.1.3.0
2025-11-11 15:33:53,124 [WARN] PackLoader:240 - Cannot read IP mode file for STMicroelectronics.X-CUBE-GNSS1.7.1.0
2025-11-11 15:33:53,129 [WARN] PackLoader:240 - Cannot read IP mode file for STMicroelectronics.FP-SNS-SMARTAG2.1.2.0
2025-11-11 15:33:53,132 [WARN] PackLoader:240 - Cannot read IP mode file for STMicroelectronics.FP-SNS-FLIGHT1.5.1.0
2025-11-11 15:33:53,141 [INFO] LogOutputStream:77 - [STDOUT_REDIRECT] 1 : Invalid condition id : UX_CORESTACK_Condition cause : null
2025-11-11 15:33:53,142 [INFO] LogOutputStream:77 - [STDOUT_REDIRECT] 1 : Invalid condition id : UX_CORESTACK_Condition cause : null
2025-11-11 15:33:53,143 [INFO] LogOutputStream:77 - [STDOUT_REDIRECT] 1 : Invalid condition id : UX_CORESTACK_Condition cause : null
2025-11-11 15:33:53,143 [INFO] LogOutputStream:77 - [STDOUT_REDIRECT] 1 : Invalid condition id : UX_CORESTACK_Condition cause : null
2025-11-11 15:33:53,143 [INFO] LogOutputStream:77 - [STDOUT_REDIRECT] 1 : Invalid condition id : UX_CORESTACK_Condition cause : null
2025-11-11 15:33:53,147 [WARN] PackLoader:240 - Cannot read IP mode file for STMicroelectronics.X-CUBE-AZRTOS-WL.2.0.0
2025-11-11 15:33:53,153 [WARN] PackLoader:240 - Cannot read IP mode file for STMicroelectronics.FP-SNS-MOTENV1.5.0.0
2025-11-11 15:33:53,159 [WARN] PackLoader:240 - Cannot read IP mode file for STMicroelectronics.X-CUBE-BLE2.3.3.0
2025-11-11 15:33:53,180 [WARN] PackLoader:240 - Cannot read IP mode file for STMicroelectronics.X-CUBE-NFC9.1.0.0
2025-11-11 15:33:53,201 [WARN] PackLoader:240 - Cannot read IP mode file for STMicroelectronics.X-CUBE-BLE1.7.1.0
2025-11-11 15:33:53,205 [WARN] PackLoader:240 - Cannot read IP mode file for wolfSSL.I-CUBE-wolfMQTT.1.19.2
2025-11-11 15:33:53,211 [WARN] PackLoader:240 - Cannot read IP mode file for STMicroelectronics.X-CUBE-ST67W61.1.1.0
2025-11-11 15:33:53,224 [WARN] PackLoader:240 - Cannot read IP mode file for STMicroelectronics.X-CUBE-AZRTOS-G0.1.1.0
2025-11-11 15:33:53,231 [WARN] PackLoader:240 - Cannot read IP mode file for STMicroelectronics.X-CUBE-SAFEA1.1.2.2
2025-11-11 15:33:53,235 [WARN] PackLoader:240 - Cannot read IP mode file for STMicroelectronics.X-CUBE-NFC4.3.0.0
2025-11-11 15:33:53,243 [WARN] PackLoader:240 - Cannot read IP mode file for EmbeddedOffice.I-CUBE-FS-RTOS.1.0.1
2025-11-11 15:33:53,247 [WARN] PackLoader:240 - Cannot read IP mode file for STMicroelectronics.X-CUBE-WB05N.2.0.0
2025-11-11 15:33:53,251 [WARN] PackLoader:240 - Cannot read IP mode file for wolfSSL.I-CUBE-wolfTPM.3.8.0
2025-11-11 15:33:53,254 [WARN] PackLoader:240 - Cannot read IP mode file for STMicroelectronics.X-CUBE-TCPP.4.2.0
2025-11-11 15:33:53,258 [WARN] PackLoader:240 - Cannot read IP mode file for RealThread.X-CUBE-RT-Thread_Nano.4.1.1
2025-11-11 15:33:53,261 [WARN] PackLoader:240 - Cannot read IP mode file for STMicroelectronics.FP-ATR-SIGFOX1.3.2.0
2025-11-11 15:33:53,265 [WARN] PackLoader:240 - Cannot read IP mode file for ITTIA_DB.I-CUBE-ITTIADB.8.9.0
2025-11-11 15:33:53,269 [WARN] PackLoader:240 - Cannot read IP mode file for STMicroelectronics.X-CUBE-ST67W61.1.0.0
2025-11-11 15:33:53,292 [WARN] PackLoader:240 - Cannot read IP mode file for SEGGER.I-CUBE-embOS.1.3.1
2025-11-11 15:33:53,334 [WARN] PackLoader:240 - Cannot read IP mode file for STMicroelectronics.X-CUBE-ALGOBUILD.1.4.0
2025-11-11 15:33:53,377 [WARN] PackLoader:240 - Cannot read IP mode file for STMicroelectronics.X-CUBE-MEMS1.11.3.0
2025-11-11 15:33:53,496 [WARN] PackLoader:240 - Cannot read IP mode file for STMicroelectronics.X-CUBE-PM33A1.1.0.0
2025-11-11 15:33:53,512 [WARN] PackLoader:240 - Cannot read IP mode file for STMicroelectronics.X-CUBE-AZRTOS-F4.1.1.0
2025-11-11 15:33:53,518 [WARN] PackLoader:240 - Cannot read IP mode file for Avnet-IotConnect.X-CUBE-IoTC-DA16k-PMOD.1.0.0
2025-11-11 15:33:53,521 [WARN] PackLoader:240 - Cannot read IP mode file for STMicroelectronics.X-CUBE-ISPU.2.1.0
2025-11-11 15:33:53,535 [WARN] PackLoader:240 - Cannot read IP mode file for STMicroelectronics.X-CUBE-IPS.3.2.0
2025-11-11 15:33:53,556 [WARN] PackLoader:240 - Cannot read IP mode file for STMicroelectronics.X-CUBE-AZRTOS-L5.2.0.0
2025-11-11 15:33:53,562 [WARN] PackLoader:240 - Cannot read IP mode file for STMicroelectronics.X-CUBE-NFC6.3.1.0
2025-11-11 15:33:53,567 [WARN] PackLoader:240 - Cannot read IP mode file for STMicroelectronics.X-CUBE-FREERTOS.1.3.1
2025-11-11 15:33:53,571 [WARN] PackLoader:240 - Cannot read IP mode file for STMicroelectronics.X-CUBE-TOUCHGFX.4.26.0
2025-11-11 15:33:53,573 [WARN] PackLoader:240 - Cannot read IP mode file for STMicroelectronics.X-CUBE-DPower.1.3.0
2025-11-11 15:33:53,585 [WARN] ConditionMgr:438 - getConditionDescription Invalid condition id : LAN8742 Phy interface Condition cause : null
2025-11-11 15:33:53,586 [WARN] PackLoader:240 - Cannot read IP mode file for STMicroelectronics.X-CUBE-AZRTOS-L4.2.0.0
2025-11-11 15:33:53,588 [WARN] ConditionMgr:1044 - genDependencies : Invalid condition id : LAN8742 Phy interface Condition cause : null
2025-11-11 15:33:53,588 [WARN] ConditionMgr:1044 - genDependencies : Invalid condition id : LAN8742 Phy interface Condition cause : null
2025-11-11 15:33:53,589 [WARN] ConditionMgr:1044 - genDependencies : Invalid condition id : LAN8742 Phy interface Condition cause : null
2025-11-11 15:33:53,595 [WARN] PackLoader:240 - Cannot read IP mode file for STMicroelectronics.X-CUBE-SFXS2LP1.4.0.0
2025-11-11 15:33:53,604 [WARN] ConditionMgr:438 - getConditionDescription Invalid condition id : UX DEVICE CLASS RTOS Condition cause : null
2025-11-11 15:33:53,604 [WARN] ConditionMgr:438 - getConditionDescription Invalid condition id : UX DEVICE CLASS RTOS Condition cause : null
2025-11-11 15:33:53,606 [WARN] PackLoader:240 - Cannot read IP mode file for STMicroelectronics.X-CUBE-AZRTOS-WB.2.0.0
2025-11-11 15:33:53,606 [WARN] ConditionMgr:1044 - genDependencies : Invalid condition id : UX DEVICE CLASS RTOS Condition cause : null
2025-11-11 15:33:53,606 [WARN] ConditionMgr:1044 - genDependencies : Invalid condition id : UX DEVICE CLASS RTOS Condition cause : null
2025-11-11 15:33:53,606 [WARN] ConditionMgr:1044 - genDependencies : Invalid condition id : UX DEVICE CLASS RTOS Condition cause : null
2025-11-11 15:33:53,606 [WARN] ConditionMgr:1044 - genDependencies : Invalid condition id : UX DEVICE CLASS RTOS Condition cause : null
2025-11-11 15:33:53,607 [WARN] ConditionMgr:1044 - genDependencies : Invalid condition id : UX DEVICE CLASS RTOS Condition cause : null
2025-11-11 15:33:53,610 [WARN] PackLoader:240 - Cannot read IP mode file for STMicroelectronics.X-CUBE-GNSS1.7.0.1
2025-11-11 15:33:53,612 [WARN] PackLoader:240 - Cannot read IP mode file for STMicroelectronics.X-CUBE-TOUCHGFX.4.25.0
2025-11-11 15:33:53,614 [WARN] ConditionMgr:438 - getConditionDescription Invalid condition id : Cortex-A Device cause : null
2025-11-11 15:33:53,621 [WARN] ConditionMgr:1044 - genDependencies : Invalid condition id : Cortex-A Device cause : null
2025-11-11 15:33:53,622 [WARN] ConditionMgr:1044 - genDependencies : Invalid condition id : Cortex-A Device cause : null
2025-11-11 15:33:53,622 [WARN] ConditionMgr:1044 - genDependencies : Invalid condition id : Cortex-A Device cause : null
2025-11-11 15:33:53,628 [WARN] PackLoader:240 - Cannot read IP mode file for STMicroelectronics.X-CUBE-SUBG2.5.0.0
2025-11-11 15:33:53,642 [WARN] PackLoader:240 - Cannot read IP mode file for STMicroelectronics.X-CUBE-AZRTOS-H7RS.1.1.0
2025-11-11 15:33:53,655 [WARN] PackLoader:240 - Cannot read IP mode file for STMicroelectronics.X-CUBE-AZRTOS-G4.2.0.0
2025-11-11 15:33:53,659 [WARN] PackLoader:240 - Cannot read IP mode file for wolfSSL.I-CUBE-wolfSSH.1.4.20
2025-11-11 15:33:53,663 [WARN] PackLoader:240 - Cannot read IP mode file for STMicroelectronics.X-CUBE-NFC7.2.0.0
2025-11-11 15:33:53,675 [WARN] PackLoader:240 - Cannot read IP mode file for STMicroelectronics.X-CUBE-IPS.3.1.0
2025-11-11 15:33:53,682 [WARN] PackLoader:240 - Cannot read IP mode file for STMicroelectronics.X-CUBE-ALS.1.0.2
2025-11-11 15:33:53,690 [WARN] PackLoader:240 - Cannot read IP mode file for STMicroelectronics.X-CUBE-TOF1.3.4.3
2025-11-11 15:33:53,699 [INFO] ThirdParty:978 - Integrity check success = true
2025-11-11 15:33:53,699 [INFO] IntegrityCheckThread:100 - exiting critical section [integrity check]
2025-11-11 15:33:53,699 [INFO] IntegrityCheckThread:103 - End integrity checks thread
2025-11-11 15:39:18,602 [INFO] WebApp:194 - Connection lost
2025-11-11 15:39:18,809 [INFO] WebApp:191 - Connection restablished
2025-11-11 15:45:29,713 [INFO] WebApp:194 - Connection lost
2025-11-11 15:45:29,916 [INFO] WebApp:191 - Connection restablished
2025-11-11 15:45:47,814 [INFO] WebApp:194 - Connection lost
2025-11-11 15:45:48,025 [INFO] WebApp:191 - Connection restablished
2025-11-11 15:47:31,166 [INFO] WebApp:194 - Connection lost
2025-11-11 15:47:31,372 [INFO] WebApp:191 - Connection restablished
2025-11-11 15:53:35,023 [ERROR] LogOutputStream:75 - [STDERR_REDIRECT] 
