2025-11-25 17:27:55,952 [INFO] Activator:176 - 


2025-11-25 17:27:55,957 [INFO] Activator:177 - !SESSION log4j initialized
2025-11-25 17:28:00,222 [INFO] LogOutputStream:77 - [STDOUT_REDIRECT] 
2025-11-25 17:28:01,525 [INFO] ApplicationProperties:184 - Using Application install path: /opt/st/stm32cubeide_1.19.0/plugins/com.st.stm32cube.common.mx_6.15.0.202507011659
2025-11-25 17:28:01,551 [INFO] DbMcusXml:78 - Set database path to: /opt/st/stm32cubeide_1.19.0/plugins/com.st.stm32cube.common.mx_6.15.0.202507011659//db//mcu/
2025-11-25 17:28:01,552 [INFO] ApiDb:274 - Set plugin database path to: /opt/st/stm32cubeide_1.19.0/plugins/com.st.stm32cube.common.mx_6.15.0.202507011659//db//plugins/boardmanager/
2025-11-25 17:28:01,552 [WARN] ApiDb:259 - Overriding images path with different value:  => /opt/st/stm32cubeide_1.19.0/plugins/com.st.stm32cube.common.mx_6.15.0.202507011659//db//plugins/mcufinder/images/
2025-11-25 17:28:01,562 [INFO] ApiDb:250 - Set database path to: /home/krushna/.stmcufinder/plugins/mcufinder//mcu/
2025-11-25 17:28:01,564 [INFO] DbMcusAds:125 - Set database path to: /home/krushna/.stmcufinder/plugins/mcufinder//mcu/
2025-11-25 17:28:01,568 [INFO] CrossReferenceDbSqlite:203 - Set database path to: /home/krushna/.stmcufinder/plugins/mcufinder//mcu/cs/
2025-11-25 17:28:01,729 [INFO] RulesReader:64 - Compatibility file has been processed (317 Rules)
2025-11-25 17:28:01,812 [INFO] DbMcusXml:78 - Set database path to: /opt/st/stm32cubeide_1.19.0/plugins/com.st.stm32cube.common.mx_6.15.0.202507011659//db//mcu/
2025-11-25 17:28:01,813 [INFO] ApiDb:274 - Set plugin database path to: /opt/st/stm32cubeide_1.19.0/plugins/com.st.stm32cube.common.mx_6.15.0.202507011659//db//plugins/boardmanager/
2025-11-25 17:28:01,813 [INFO] ApiDb:261 - Set plugin images path to: /opt/st/stm32cubeide_1.19.0/plugins/com.st.stm32cube.common.mx_6.15.0.202507011659//db//plugins/mcufinder/images/
2025-11-25 17:28:01,813 [WARN] DbFile:41 - Overriding database path with different value: /home/krushna/.stmcufinder/plugins/mcufinder/ => /home/krushna/.stmcufinder/plugins/mcufinder
2025-11-25 17:28:01,814 [INFO] ApiDb:250 - Set database path to: /home/krushna/.stmcufinder/plugins/mcufinder//mcu/
2025-11-25 17:28:01,814 [WARN] DbFile:41 - Overriding database path with different value: /home/krushna/.stmcufinder/plugins/mcufinder/ => /home/krushna/.stmcufinder/plugins/mcufinder
2025-11-25 17:28:01,814 [INFO] DbMcusAds:125 - Set database path to: /home/krushna/.stmcufinder/plugins/mcufinder//mcu/
2025-11-25 17:28:01,814 [WARN] DbFile:41 - Overriding database path with different value: /home/krushna/.stmcufinder/plugins/mcufinder/ => /home/krushna/.stmcufinder/plugins/mcufinder
2025-11-25 17:28:01,814 [WARN] DbFile:41 - Overriding database path with different value: /home/krushna/.stmcufinder/plugins/mcufinder/ => /home/krushna/.stmcufinder/plugins/mcufinder
2025-11-25 17:28:01,815 [INFO] CrossReferenceDbSqlite:203 - Set database path to: /home/krushna/.stmcufinder/plugins/mcufinder//mcu/cs/
2025-11-25 17:28:01,914 [INFO] MainPanel:274 - HeapMemory: 268435456
2025-11-25 17:28:02,063 [INFO] DbMcusXml:78 - Set database path to: /opt/st/stm32cubeide_1.19.0/plugins/com.st.stm32cube.common.mx_6.15.0.202507011659//db//mcu/
2025-11-25 17:28:02,063 [INFO] ApiDb:274 - Set plugin database path to: /opt/st/stm32cubeide_1.19.0/plugins/com.st.stm32cube.common.mx_6.15.0.202507011659//db//plugins/boardmanager/
2025-11-25 17:28:02,063 [INFO] ApiDb:261 - Set plugin images path to: /opt/st/stm32cubeide_1.19.0/plugins/com.st.stm32cube.common.mx_6.15.0.202507011659//db//plugins/mcufinder/images/
2025-11-25 17:28:02,064 [WARN] DbFile:41 - Overriding database path with different value: /home/krushna/.stmcufinder/plugins/mcufinder/ => /home/krushna/.stmcufinder/plugins/mcufinder
2025-11-25 17:28:02,064 [INFO] ApiDb:250 - Set database path to: /home/krushna/.stmcufinder/plugins/mcufinder//mcu/
2025-11-25 17:28:02,064 [WARN] DbFile:41 - Overriding database path with different value: /home/krushna/.stmcufinder/plugins/mcufinder/ => /home/krushna/.stmcufinder/plugins/mcufinder
2025-11-25 17:28:02,064 [INFO] DbMcusAds:125 - Set database path to: /home/krushna/.stmcufinder/plugins/mcufinder//mcu/
2025-11-25 17:28:02,064 [WARN] DbFile:41 - Overriding database path with different value: /home/krushna/.stmcufinder/plugins/mcufinder/ => /home/krushna/.stmcufinder/plugins/mcufinder
2025-11-25 17:28:02,064 [WARN] DbFile:41 - Overriding database path with different value: /home/krushna/.stmcufinder/plugins/mcufinder/ => /home/krushna/.stmcufinder/plugins/mcufinder
2025-11-25 17:28:02,064 [INFO] CrossReferenceDbSqlite:203 - Set database path to: /home/krushna/.stmcufinder/plugins/mcufinder//mcu/cs/
2025-11-25 17:28:02,080 [INFO] ApplicationProperties:184 - Using Application install path: /opt/st/stm32cubeide_1.19.0/plugins/com.st.stm32cube.common.mx_6.15.0.202507011659
2025-11-25 17:28:02,083 [INFO] PluginManage:196 - Search for loadable plugins [exclusion list=, ]
2025-11-25 17:28:02,085 [INFO] PluginManage:310 - Check plugin analytics
2025-11-25 17:28:02,233 [INFO] AnalyticsPlugin:253 - Accepted Software Licenses: 
2025-11-25 17:28:02,234 [INFO] AnalyticsPlugin:255 - Accepted CMSIS Pack Licenses: 
2025-11-25 17:28:02,234 [INFO] AnalyticsPlugin:257 - Accepted Firmware Licenses: FW.F4.1.28.0
2025-11-25 17:28:02,236 [INFO] PluginManage:359 - Loaded plugin analytics (category:tool,tabindex:-1)
2025-11-25 17:28:02,236 [INFO] PluginManage:310 - Check plugin cadmodel
2025-11-25 17:28:02,240 [INFO] CADModel:105 - Init CAD model plugin
2025-11-25 17:28:02,241 [INFO] PluginManage:359 - Loaded plugin cadmodel (category:power,tabindex:5)
2025-11-25 17:28:02,241 [INFO] PluginManage:310 - Check plugin clock
2025-11-25 17:28:02,249 [INFO] PluginManage:359 - Loaded plugin clock (category:base,tabindex:2)
2025-11-25 17:28:02,250 [INFO] PluginManage:310 - Check plugin ddr
2025-11-25 17:28:02,252 [INFO] PluginManage:359 - Loaded plugin ddr (category:tool,tabindex:6)
2025-11-25 17:28:02,252 [INFO] PluginManage:310 - Check plugin filemanager
2025-11-25 17:28:02,385 [INFO] PluginManage:359 - Loaded plugin filemanager (category:base,tabindex:10)
2025-11-25 17:28:02,386 [INFO] PluginManage:310 - Check plugin ipmanager
2025-11-25 17:28:02,390 [INFO] PluginManage:359 - Loaded plugin ipmanager (category:base,tabindex:5)
2025-11-25 17:28:02,390 [INFO] PluginManage:310 - Check plugin lpbam
2025-11-25 17:28:02,399 [INFO] PluginManage:359 - Loaded plugin lpbam (category:base,tabindex:0)
2025-11-25 17:28:02,399 [INFO] PluginManage:310 - Check plugin memorymap
2025-11-25 17:28:02,410 [INFO] PluginManage:359 - Loaded plugin memorymap (category:base,tabindex:4)
2025-11-25 17:28:02,410 [INFO] PluginManage:310 - Check plugin pinoutandconfiguration
2025-11-25 17:28:02,418 [INFO] PluginManage:359 - Loaded plugin pinoutandconfiguration (category:base,tabindex:1)
2025-11-25 17:28:02,418 [INFO] PluginManage:310 - Check plugin pinoutconfig
2025-11-25 17:28:02,490 [WARN] SupportedApi:132 - Cannot load RTOS API schema: s4s-elt-must-match.1: The content of 'definitions' must match (annotation?, (simpleType | complexType)?, (unique | key | keyref)*)). A problem was found starting at: attribute.
2025-11-25 17:28:02,610 [INFO] PluginManage:359 - Loaded plugin pinoutconfig (category:base,tabindex:0)
2025-11-25 17:28:02,611 [INFO] PluginManage:310 - Check plugin power
2025-11-25 17:28:02,621 [INFO] PluginManage:359 - Loaded plugin power (category:power,tabindex:4)
2025-11-25 17:28:02,621 [INFO] PluginManage:310 - Check plugin projectmanager
2025-11-25 17:28:02,635 [INFO] PluginManage:359 - Loaded plugin projectmanager (category:projectmanager,tabindex:4)
2025-11-25 17:28:02,635 [INFO] PluginManage:310 - Check plugin rif
2025-11-25 17:28:02,645 [INFO] PluginManage:359 - Loaded plugin rif (category:base,tabindex:3)
2025-11-25 17:28:02,645 [INFO] PluginManage:310 - Check plugin thirdparty
2025-11-25 17:28:02,765 [INFO] PluginManage:359 - Loaded plugin thirdparty (category:base,tabindex:-1)
2025-11-25 17:28:02,765 [WARN] IntegrityCheckThread:84 - waiting for thirdparty lock release [integrity check]
2025-11-25 17:28:02,766 [INFO] PluginManage:310 - Check plugin tools
2025-11-25 17:28:02,766 [INFO] IntegrityCheckThread:86 - entering critical section [integrity check]
2025-11-25 17:28:02,766 [INFO] ThirdPartyUpdaterWithRetryManager:70 - Updater plugin not ready yet. [1/15]
2025-11-25 17:28:02,768 [INFO] PluginManage:359 - Loaded plugin tools (category:base,tabindex:7)
2025-11-25 17:28:02,768 [INFO] PluginManage:310 - Check plugin tutovideos
2025-11-25 17:28:02,950 [INFO] PluginManage:359 - Loaded plugin tutovideos (category:base,tabindex:-1)
2025-11-25 17:28:02,950 [INFO] PluginManage:310 - Check plugin updater
2025-11-25 17:28:02,972 [INFO] PluginManage:359 - Loaded plugin updater (category:base,tabindex:12)
2025-11-25 17:28:02,972 [INFO] PluginManage:310 - Check plugin userauth
2025-11-25 17:28:02,977 [INFO] UserAuth:118 - Init User Auth plugin
2025-11-25 17:28:02,978 [INFO] PluginManage:359 - Loaded plugin userauth (category:base,tabindex:14)
2025-11-25 17:28:02,978 [INFO] PluginManage:283 - PluginManage : Loaded plugins [18]
2025-11-25 17:28:03,155 [INFO] PinOutPanel:1589 - setPackage(No Configuration,No Configuration)
2025-11-25 17:28:03,231 [INFO] CADModel:165 - CPN selected for project level
2025-11-25 17:28:03,232 [INFO] CADModel:114 - Register for checkConnection events
2025-11-25 17:28:03,243 [INFO] IPUIPlugin:80 - create IPUIPlugin
2025-11-25 17:28:03,244 [INFO] PluginManager:220 - loadIPPluginJar : add tsc
2025-11-25 17:28:03,250 [INFO] IPUIPlugin:80 - create IPUIPlugin
2025-11-25 17:28:03,250 [INFO] PluginManager:220 - loadIPPluginJar : add gpio
2025-11-25 17:28:03,259 [INFO] IPUIPlugin:80 - create IPUIPlugin
2025-11-25 17:28:03,259 [INFO] PluginManager:220 - loadIPPluginJar : add linkedlist
2025-11-25 17:28:03,269 [INFO] IPUIPlugin:80 - create IPUIPlugin
2025-11-25 17:28:03,269 [INFO] PluginManager:220 - loadIPPluginJar : add fmc
2025-11-25 17:28:03,276 [INFO] IPUIPlugin:80 - create IPUIPlugin
2025-11-25 17:28:03,278 [INFO] PluginManager:220 - loadIPPluginJar : add plateformsettings
2025-11-25 17:28:03,281 [INFO] IPUIPlugin:80 - create IPUIPlugin
2025-11-25 17:28:03,281 [INFO] PluginManager:220 - loadIPPluginJar : add cryp
2025-11-25 17:28:03,283 [INFO] IPUIPlugin:80 - create IPUIPlugin
2025-11-25 17:28:03,284 [INFO] PluginManager:220 - loadIPPluginJar : add i2c
2025-11-25 17:28:03,286 [INFO] IPUIPlugin:80 - create IPUIPlugin
2025-11-25 17:28:03,286 [INFO] PluginManager:220 - loadIPPluginJar : add lorawan
2025-11-25 17:28:03,289 [INFO] IPUIPlugin:80 - create IPUIPlugin
2025-11-25 17:28:03,290 [INFO] PluginManager:220 - loadIPPluginJar : add touchsensing
2025-11-25 17:28:03,291 [INFO] IPUIPlugin:80 - create IPUIPlugin
2025-11-25 17:28:03,291 [INFO] PluginManager:220 - loadIPPluginJar : add ltdc
2025-11-25 17:28:03,293 [INFO] IPUIPlugin:80 - create IPUIPlugin
2025-11-25 17:28:03,293 [INFO] PluginManager:220 - loadIPPluginJar : add i2s
2025-11-25 17:28:03,294 [INFO] IPUIPlugin:80 - create IPUIPlugin
2025-11-25 17:28:03,294 [INFO] PluginManager:220 - loadIPPluginJar : add fatfs
2025-11-25 17:28:03,301 [INFO] IPUIPlugin:80 - create IPUIPlugin
2025-11-25 17:28:03,302 [INFO] PluginManager:220 - loadIPPluginJar : add mdma
2025-11-25 17:28:03,303 [INFO] IPUIPlugin:80 - create IPUIPlugin
2025-11-25 17:28:03,303 [INFO] PluginManager:220 - loadIPPluginJar : add ts
2025-11-25 17:28:03,305 [INFO] IPUIPlugin:80 - create IPUIPlugin
2025-11-25 17:28:03,306 [INFO] PluginManager:220 - loadIPPluginJar : add ucpd
2025-11-25 17:28:03,307 [INFO] IPUIPlugin:80 - create IPUIPlugin
2025-11-25 17:28:03,308 [INFO] PluginManager:220 - loadIPPluginJar : add radio
2025-11-25 17:28:03,311 [INFO] IPUIPlugin:80 - create IPUIPlugin
2025-11-25 17:28:03,311 [INFO] PluginManager:220 - loadIPPluginJar : add ipddr
2025-11-25 17:28:03,315 [INFO] IPUIPlugin:80 - create IPUIPlugin
2025-11-25 17:28:03,315 [INFO] PluginManager:220 - loadIPPluginJar : add nvic
2025-11-25 17:28:03,318 [INFO] IPUIPlugin:80 - create IPUIPlugin
2025-11-25 17:28:03,319 [INFO] PluginManager:220 - loadIPPluginJar : add ddr_ctrl_phy
2025-11-25 17:28:03,321 [INFO] IPUIPlugin:80 - create IPUIPlugin
2025-11-25 17:28:03,321 [INFO] PluginManager:220 - loadIPPluginJar : add opamp
2025-11-25 17:28:03,324 [INFO] IPUIPlugin:80 - create IPUIPlugin
2025-11-25 17:28:03,324 [INFO] PluginManager:220 - loadIPPluginJar : add usart
2025-11-25 17:28:03,330 [INFO] IPUIPlugin:80 - create IPUIPlugin
2025-11-25 17:28:03,330 [INFO] PluginManager:220 - loadIPPluginJar : add freertos
2025-11-25 17:28:03,334 [INFO] IPUIPlugin:80 - create IPUIPlugin
2025-11-25 17:28:03,334 [INFO] PluginManager:220 - loadIPPluginJar : add usbx
2025-11-25 17:28:03,337 [INFO] IPUIPlugin:80 - create IPUIPlugin
2025-11-25 17:28:03,337 [INFO] PluginManager:220 - loadIPPluginJar : add sai
2025-11-25 17:28:03,340 [INFO] IPUIPlugin:80 - create IPUIPlugin
2025-11-25 17:28:03,340 [INFO] PluginManager:220 - loadIPPluginJar : add hash
2025-11-25 17:28:03,343 [INFO] IPUIPlugin:80 - create IPUIPlugin
2025-11-25 17:28:03,343 [INFO] PluginManager:220 - loadIPPluginJar : add openamp
2025-11-25 17:28:03,349 [INFO] IPUIPlugin:80 - create IPUIPlugin
2025-11-25 17:28:03,349 [INFO] PluginManager:220 - loadIPPluginJar : add gic
2025-11-25 17:28:03,352 [INFO] IPUIPlugin:80 - create IPUIPlugin
2025-11-25 17:28:03,352 [INFO] PluginManager:220 - loadIPPluginJar : add extmemmanager
2025-11-25 17:28:03,354 [INFO] IPUIPlugin:80 - create IPUIPlugin
2025-11-25 17:28:03,355 [INFO] PluginManager:220 - loadIPPluginJar : add pdm2pcm
2025-11-25 17:28:03,357 [INFO] IPUIPlugin:80 - create IPUIPlugin
2025-11-25 17:28:03,357 [INFO] PluginManager:220 - loadIPPluginJar : add tim
2025-11-25 17:28:03,359 [INFO] IPUIPlugin:80 - create IPUIPlugin
2025-11-25 17:28:03,360 [INFO] PluginManager:220 - loadIPPluginJar : add dma3
2025-11-25 17:28:03,366 [INFO] IPUIPlugin:80 - create IPUIPlugin
2025-11-25 17:28:03,366 [INFO] PluginManager:220 - loadIPPluginJar : add adc
2025-11-25 17:28:03,373 [INFO] IPUIPlugin:80 - create IPUIPlugin
2025-11-25 17:28:03,373 [INFO] PluginManager:220 - loadIPPluginJar : add stm32_wpan
2025-11-25 17:28:03,375 [INFO] IPUIPlugin:80 - create IPUIPlugin
2025-11-25 17:28:03,376 [INFO] PluginManager:220 - loadIPPluginJar : add tracer_emb
2025-11-25 17:28:03,377 [INFO] IPUIPlugin:80 - create IPUIPlugin
2025-11-25 17:28:03,378 [INFO] PluginManager:220 - loadIPPluginJar : add dfsdm
2025-11-25 17:28:03,380 [INFO] IPUIPlugin:80 - create IPUIPlugin
2025-11-25 17:28:03,380 [INFO] PluginManager:220 - loadIPPluginJar : add i3c
2025-11-25 17:28:03,384 [INFO] IPUIPlugin:80 - create IPUIPlugin
2025-11-25 17:28:03,384 [INFO] PluginManager:220 - loadIPPluginJar : add resmgrutility
2025-11-25 17:28:03,390 [INFO] IPUIPlugin:80 - create IPUIPlugin
2025-11-25 17:28:03,390 [INFO] PluginManager:220 - loadIPPluginJar : add dma
2025-11-25 17:28:03,392 [INFO] IPUIPlugin:80 - create IPUIPlugin
2025-11-25 17:28:03,393 [INFO] PluginManager:220 - loadIPPluginJar : add aes
2025-11-25 17:28:03,394 [INFO] IPUIPlugin:80 - create IPUIPlugin
2025-11-25 17:28:03,394 [INFO] PluginManager:220 - loadIPPluginJar : add quadspi
2025-11-25 17:28:03,397 [INFO] IPUIPlugin:80 - create IPUIPlugin
2025-11-25 17:28:03,397 [INFO] PluginManager:220 - loadIPPluginJar : add gtzc
2025-11-25 17:28:03,399 [INFO] IPUIPlugin:80 - create IPUIPlugin
2025-11-25 17:28:03,399 [INFO] PluginManager:220 - loadIPPluginJar : add spi
2025-11-25 17:28:03,401 [INFO] IPUIPlugin:80 - create IPUIPlugin
2025-11-25 17:28:03,402 [INFO] PluginManager:220 - loadIPPluginJar : add can
2025-11-25 17:28:03,403 [INFO] IPUIPlugin:80 - create IPUIPlugin
2025-11-25 17:28:03,403 [INFO] PluginManager:220 - loadIPPluginJar : add genericplugin
2025-11-25 17:28:03,404 [INFO] IPUIPlugin:80 - create IPUIPlugin
2025-11-25 17:28:03,404 [INFO] PluginManager:220 - loadIPPluginJar : add comp
2025-11-25 17:28:03,407 [INFO] IPUIPlugin:80 - create IPUIPlugin
2025-11-25 17:28:03,407 [INFO] PluginManager:220 - loadIPPluginJar : add gfxmmu
2025-11-25 17:28:03,511 [FATAL] Updater:351 - Updater called before beeing initialized
2025-11-25 17:28:03,553 [INFO] RulesReader:64 - Compatibility file has been processed (317 Rules)
2025-11-25 17:28:03,588 [INFO] RulesReader:64 - Compatibility file has been processed (317 Rules)
2025-11-25 17:28:03,604 [INFO] CADModel:165 - CPN selected for project level
2025-11-25 17:28:03,604 [INFO] CADModel:114 - Register for checkConnection events
2025-11-25 17:28:03,604 [FATAL] Updater:351 - Updater called before beeing initialized
2025-11-25 17:28:03,605 [ERROR] CADModel:125 - Updater not yet initialized, retry later 
2025-11-25 17:28:03,746 [FATAL] Updater:351 - Updater called before beeing initialized
2025-11-25 17:28:03,747 [INFO] CADModel:165 - CPN selected for project level
2025-11-25 17:28:03,747 [INFO] CADModel:114 - Register for checkConnection events
2025-11-25 17:28:03,748 [FATAL] Updater:351 - Updater called before beeing initialized
2025-11-25 17:28:03,748 [ERROR] CADModel:125 - Updater not yet initialized, retry later 
2025-11-25 17:28:03,751 [FATAL] Updater:351 - Updater called before beeing initialized
2025-11-25 17:28:03,853 [FATAL] Updater:351 - Updater called before beeing initialized
2025-11-25 17:28:03,858 [INFO] DbMcusAds:53 - JSON generation date=Fri Nov 07 16:43:48 IST 2025 (1762514028606)
2025-11-25 17:28:03,859 [FATAL] Updater:351 - Updater called before beeing initialized
2025-11-25 17:28:03,894 [WARN] DetailPanel:346 - Failed to get advertising image, set to default
2025-11-25 17:28:03,963 [FATAL] Updater:351 - Updater called before beeing initialized
2025-11-25 17:28:03,965 [FATAL] Updater:351 - Updater called before beeing initialized
2025-11-25 17:28:03,966 [FATAL] Updater:351 - Updater called before beeing initialized
2025-11-25 17:28:03,966 [WARN] DetailPanel:346 - Failed to get advertising image, set to default
2025-11-25 17:28:03,967 [FATAL] Updater:351 - Updater called before beeing initialized
2025-11-25 17:28:03,999 [ERROR] Updater:1198 - MainUpdater not yet initialized. External WinMGr cannot be set.
2025-11-25 17:28:04,000 [INFO] Updater:1134 - Updater Version found : 6.15.0
2025-11-25 17:28:04,023 [INFO] ApplicationProperties:184 - Using Application install path: /opt/st/stm32cubeide_1.19.0/plugins/com.st.stm32cube.common.mx_6.15.0.202507011659
2025-11-25 17:28:04,405 [INFO] MainUpdater:2872 - connection check result : 10
2025-11-25 17:28:04,406 [INFO] MainUpdater:3604 - Updater definition file requires update
2025-11-25 17:28:04,406 [INFO] MainUpdater:289 - Updater Check For Update Now.
2025-11-25 17:28:04,407 [INFO] MicroXplorer:498 - Change Database Version : DB.6.0.150
2025-11-25 17:28:04,411 [INFO] McuFinderGlobals:63 - Set McuFinder mode to 2 (CubeIDE integrated)
2025-11-25 17:28:04,411 [INFO] UserAuth:171 - activating auth plugin
2025-11-25 17:28:04,414 [INFO] UserAuth:487 - Internet connection configuration mode: 1
2025-11-25 17:28:04,434 [INFO] JxBrowserEngine:152 - Initiate JxBrowser Engine with user profile folder
2025-11-25 17:28:04,473 [INFO] ServerAccessManage:452 - Complete download http(s) 200
2025-11-25 17:28:04,474 [INFO] ServerAccessManage:509 - Download File updaters.zip
2025-11-25 17:28:04,638 [INFO] FileExtend:248 - Unzip File : updaters.zip
2025-11-25 17:28:04,639 [INFO] FileExtend:263 - Standard Zip Deflate
2025-11-25 17:28:04,970 [INFO] ServerAccessManage:452 - Complete download http(s) 200
2025-11-25 17:28:04,970 [INFO] ServerAccessManage:509 - Download File PacksControlFlags.xml
2025-11-25 17:28:05,065 [INFO] ServerAccessManage:452 - Complete download http(s) 200
2025-11-25 17:28:05,065 [INFO] ServerAccessManage:509 - Download File cubemx.pidx
2025-11-25 17:28:05,337 [INFO] WebApp:169 - Instantiating new browser for Auth
2025-11-25 17:28:05,674 [INFO] ServerAccessManage:452 - Complete download http(s) 200
2025-11-25 17:28:05,674 [INFO] ServerAccessManage:509 - Download File STMicroelectronics.X-CUBE-FREERTOS.pdsc
2025-11-25 17:28:05,766 [WARN] MainUpdater:1193 - Updater busy. Cannot search thirdparties
2025-11-25 17:28:05,767 [INFO] ThirdPartyUpdaterWithRetryManager:96 - Updater plugin is busy. [1/15]
2025-11-25 17:28:06,067 [INFO] WebApp:463 - Apply proxy settings
2025-11-25 17:28:06,067 [INFO] WebApp:548 - Chromium requires no authentication
2025-11-25 17:28:06,075 [INFO] WebApp:491 - Direct internet connection detected
2025-11-25 17:28:06,092 [INFO] WebApp:900 - Register for checkConnection events
2025-11-25 17:28:06,092 [INFO] WebApp:463 - Apply proxy settings
2025-11-25 17:28:06,093 [INFO] WebApp:548 - Chromium requires no authentication
2025-11-25 17:28:06,093 [INFO] WebApp:491 - Direct internet connection detected
2025-11-25 17:28:06,236 [INFO] WebApp:225 - Starting web application
2025-11-25 17:28:06,236 [INFO] WebApp:593 - Web application path used /opt/st/stm32cubeide_1.19.0/plugins/com.st.stm32cube.common.mx_6.15.0.202507011659/db/plugins/mcufinder/reactClient1/index.html
2025-11-25 17:28:06,653 [INFO] WebApp:191 - Connection restablished
2025-11-25 17:28:06,694 [INFO] ServerAccessManage:452 - Complete download http(s) 200
2025-11-25 17:28:06,694 [INFO] ServerAccessManage:509 - Download File STMicroelectronics.X-CUBE-MEMS1.pdsc
2025-11-25 17:28:08,767 [WARN] MainUpdater:1193 - Updater busy. Cannot search thirdparties
2025-11-25 17:28:08,768 [INFO] ThirdPartyUpdaterWithRetryManager:96 - Updater plugin is busy. [2/15]
2025-11-25 17:28:09,947 [INFO] ServerAccessManage:452 - Complete download http(s) 200
2025-11-25 17:28:09,947 [INFO] ServerAccessManage:509 - Download File STMicroelectronics.X-CUBE-AZRTOS-H7RS.pdsc
2025-11-25 17:28:10,672 [WARN] PackLoader:240 - Cannot read IP mode file for STMicroelectronics.X-CUBE-FREERTOS.1.4.0
2025-11-25 17:28:10,733 [WARN] PackLoader:240 - Cannot read IP mode file for STMicroelectronics.X-CUBE-MEMS1.12.0.0
2025-11-25 17:28:10,812 [INFO] CheckServerUpdateThread:120 - End of CheckServer Thread
2025-11-25 17:28:10,844 [WARN] PackLoader:240 - Cannot read IP mode file for STMicroelectronics.X-CUBE-AZRTOS-H7RS.1.2.0
2025-11-25 17:28:10,847 [INFO] PopulateThirdPartyThread:66 - Ending populate Thread
2025-11-25 17:28:10,849 [INFO] ThirdParty:1030 - CMSIS Pack Vendor :STMicroelectronics X-CUBE-FREERTOS 1.4.0
2025-11-25 17:28:10,849 [INFO] ThirdParty:1030 - CMSIS Pack Vendor :STMicroelectronics X-CUBE-MEMS1 12.0.0
2025-11-25 17:28:10,849 [INFO] ThirdParty:1030 - CMSIS Pack Vendor :STMicroelectronics X-CUBE-AZRTOS-H7RS 1.2.0
2025-11-25 17:28:10,849 [INFO] LoadServerUpdatesThread:375 - End of LoadServerUpdate Thread
2025-11-25 17:28:11,907 [WARN] PackLoader:240 - Cannot read IP mode file for STMicroelectronics.FP-SNS-MOTENVWB1.1.4.0
2025-11-25 17:28:11,911 [WARN] PackLoader:240 - Cannot read IP mode file for STMicroelectronics.FP-ATR-ASTRA1.2.0.2
2025-11-25 17:28:11,915 [WARN] PackLoader:240 - Cannot read IP mode file for STMicroelectronics.X-CUBE-SMBUS.2.1.0
2025-11-25 17:28:11,918 [WARN] PackLoader:240 - Cannot read IP mode file for STMicroelectronics.X-CUBE-ST60.1.0.0
2025-11-25 17:28:11,930 [WARN] PackLoader:240 - Cannot read IP mode file for STMicroelectronics.X-CUBE-AZRTOS-F7.1.1.0
2025-11-25 17:28:11,934 [WARN] PackLoader:240 - Cannot read IP mode file for Cesanta.I-CUBE-Mongoose.7.19.0
2025-11-25 17:28:11,937 [WARN] PackLoader:240 - Cannot read IP mode file for STMicroelectronics.FP-SNS-MOTENV1.5.1.0
2025-11-25 17:28:11,942 [WARN] PackLoader:240 - Cannot read IP mode file for WES.I-CUBE-Cesium.1.4.0
2025-11-25 17:28:11,956 [WARN] PackLoader:240 - Cannot read IP mode file for Infineon.AIROC-Wi-Fi-Bluetooth-STM32.1.7.1
2025-11-25 17:28:11,964 [WARN] PackLoader:240 - Cannot read IP mode file for STMicroelectronics.X-CUBE-DISPLAY.3.0.0
2025-11-25 17:28:11,970 [WARN] PackLoader:240 - Cannot read IP mode file for STMicroelectronics.X-CUBE-NFC10.1.0.0
2025-11-25 17:28:11,974 [WARN] PackLoader:240 - Cannot read IP mode file for STMicroelectronics.X-CUBE-ST60.1.1.0
2025-11-25 17:28:11,978 [WARN] PackLoader:240 - Cannot read IP mode file for emotas.I-CUBE-CANOPEN.1.3.0
2025-11-25 17:28:11,981 [WARN] PackLoader:240 - Cannot read IP mode file for STMicroelectronics.X-CUBE-GNSS1.7.1.0
2025-11-25 17:28:11,985 [WARN] PackLoader:240 - Cannot read IP mode file for STMicroelectronics.FP-SNS-SMARTAG2.1.2.0
2025-11-25 17:28:11,987 [WARN] PackLoader:240 - Cannot read IP mode file for STMicroelectronics.FP-SNS-FLIGHT1.5.1.0
2025-11-25 17:28:11,993 [INFO] LogOutputStream:77 - [STDOUT_REDIRECT] 1 : Invalid condition id : UX_CORESTACK_Condition cause : null
2025-11-25 17:28:11,993 [INFO] LogOutputStream:77 - [STDOUT_REDIRECT] 1 : Invalid condition id : UX_CORESTACK_Condition cause : null
2025-11-25 17:28:11,993 [INFO] LogOutputStream:77 - [STDOUT_REDIRECT] 1 : Invalid condition id : UX_CORESTACK_Condition cause : null
2025-11-25 17:28:11,994 [INFO] LogOutputStream:77 - [STDOUT_REDIRECT] 1 : Invalid condition id : UX_CORESTACK_Condition cause : null
2025-11-25 17:28:11,994 [INFO] LogOutputStream:77 - [STDOUT_REDIRECT] 1 : Invalid condition id : UX_CORESTACK_Condition cause : null
2025-11-25 17:28:11,996 [WARN] PackLoader:240 - Cannot read IP mode file for STMicroelectronics.X-CUBE-AZRTOS-WL.2.0.0
2025-11-25 17:28:11,999 [WARN] PackLoader:240 - Cannot read IP mode file for STMicroelectronics.FP-SNS-MOTENV1.5.0.0
2025-11-25 17:28:12,012 [WARN] PackLoader:240 - Cannot read IP mode file for STMicroelectronics.X-CUBE-AZRTOS-H7RS.1.2.0
2025-11-25 17:28:12,017 [WARN] PackLoader:240 - Cannot read IP mode file for STMicroelectronics.X-CUBE-BLE2.3.3.0
2025-11-25 17:28:12,029 [WARN] PackLoader:240 - Cannot read IP mode file for STMicroelectronics.X-CUBE-NFC9.1.0.0
2025-11-25 17:28:12,033 [WARN] PackLoader:240 - Cannot read IP mode file for STMicroelectronics.X-CUBE-BLE1.7.1.0
2025-11-25 17:28:12,036 [WARN] PackLoader:240 - Cannot read IP mode file for wolfSSL.I-CUBE-wolfMQTT.1.19.2
2025-11-25 17:28:12,039 [WARN] PackLoader:240 - Cannot read IP mode file for STMicroelectronics.X-CUBE-FREERTOS.1.4.0
2025-11-25 17:28:12,042 [WARN] PackLoader:240 - Cannot read IP mode file for STMicroelectronics.X-CUBE-ST67W61.1.1.0
2025-11-25 17:28:12,090 [WARN] PackLoader:240 - Cannot read IP mode file for STMicroelectronics.X-CUBE-MEMS1.12.0.0
2025-11-25 17:28:12,167 [WARN] PackLoader:240 - Cannot read IP mode file for STMicroelectronics.X-CUBE-AZRTOS-G0.1.1.0
2025-11-25 17:28:12,172 [WARN] PackLoader:240 - Cannot read IP mode file for STMicroelectronics.X-CUBE-SAFEA1.1.2.2
2025-11-25 17:28:12,175 [WARN] PackLoader:240 - Cannot read IP mode file for STMicroelectronics.X-CUBE-NFC4.3.0.0
2025-11-25 17:28:12,180 [WARN] PackLoader:240 - Cannot read IP mode file for EmbeddedOffice.I-CUBE-FS-RTOS.1.0.1
2025-11-25 17:28:12,184 [WARN] PackLoader:240 - Cannot read IP mode file for STMicroelectronics.X-CUBE-WB05N.2.0.0
2025-11-25 17:28:12,187 [WARN] PackLoader:240 - Cannot read IP mode file for wolfSSL.I-CUBE-wolfTPM.3.8.0
2025-11-25 17:28:12,190 [WARN] PackLoader:240 - Cannot read IP mode file for STMicroelectronics.X-CUBE-TCPP.4.2.0
2025-11-25 17:28:12,194 [WARN] PackLoader:240 - Cannot read IP mode file for RealThread.X-CUBE-RT-Thread_Nano.4.1.1
2025-11-25 17:28:12,196 [WARN] PackLoader:240 - Cannot read IP mode file for STMicroelectronics.FP-ATR-SIGFOX1.3.2.0
2025-11-25 17:28:12,200 [WARN] PackLoader:240 - Cannot read IP mode file for ITTIA_DB.I-CUBE-ITTIADB.8.9.0
2025-11-25 17:28:12,204 [WARN] PackLoader:240 - Cannot read IP mode file for STMicroelectronics.X-CUBE-ST67W61.1.0.0
2025-11-25 17:28:12,219 [WARN] PackLoader:240 - Cannot read IP mode file for SEGGER.I-CUBE-embOS.1.3.1
2025-11-25 17:28:12,245 [WARN] PackLoader:240 - Cannot read IP mode file for STMicroelectronics.X-CUBE-ALGOBUILD.1.4.0
2025-11-25 17:28:12,272 [WARN] PackLoader:240 - Cannot read IP mode file for STMicroelectronics.X-CUBE-MEMS1.11.3.0
2025-11-25 17:28:12,337 [WARN] PackLoader:240 - Cannot read IP mode file for STMicroelectronics.X-CUBE-PM33A1.1.0.0
2025-11-25 17:28:12,347 [WARN] PackLoader:240 - Cannot read IP mode file for STMicroelectronics.X-CUBE-AZRTOS-F4.1.1.0
2025-11-25 17:28:12,351 [WARN] PackLoader:240 - Cannot read IP mode file for Avnet-IotConnect.X-CUBE-IoTC-DA16k-PMOD.1.0.0
2025-11-25 17:28:12,353 [WARN] PackLoader:240 - Cannot read IP mode file for STMicroelectronics.X-CUBE-ISPU.2.1.0
2025-11-25 17:28:12,361 [WARN] PackLoader:240 - Cannot read IP mode file for STMicroelectronics.X-CUBE-IPS.3.2.0
2025-11-25 17:28:12,377 [WARN] PackLoader:240 - Cannot read IP mode file for STMicroelectronics.X-CUBE-AZRTOS-L5.2.0.0
2025-11-25 17:28:12,385 [WARN] PackLoader:240 - Cannot read IP mode file for STMicroelectronics.X-CUBE-NFC6.3.1.0
2025-11-25 17:28:12,390 [WARN] PackLoader:240 - Cannot read IP mode file for STMicroelectronics.X-CUBE-FREERTOS.1.3.1
2025-11-25 17:28:12,393 [WARN] PackLoader:240 - Cannot read IP mode file for STMicroelectronics.X-CUBE-TOUCHGFX.4.26.0
2025-11-25 17:28:12,396 [WARN] PackLoader:240 - Cannot read IP mode file for STMicroelectronics.X-CUBE-DPower.1.3.0
2025-11-25 17:28:12,412 [WARN] ConditionMgr:438 - getConditionDescription Invalid condition id : LAN8742 Phy interface Condition cause : null
2025-11-25 17:28:12,412 [WARN] PackLoader:240 - Cannot read IP mode file for STMicroelectronics.X-CUBE-AZRTOS-L4.2.0.0
2025-11-25 17:28:12,413 [WARN] ConditionMgr:1044 - genDependencies : Invalid condition id : LAN8742 Phy interface Condition cause : null
2025-11-25 17:28:12,413 [WARN] ConditionMgr:1044 - genDependencies : Invalid condition id : LAN8742 Phy interface Condition cause : null
2025-11-25 17:28:12,414 [WARN] ConditionMgr:1044 - genDependencies : Invalid condition id : LAN8742 Phy interface Condition cause : null
2025-11-25 17:28:12,420 [WARN] PackLoader:240 - Cannot read IP mode file for STMicroelectronics.X-CUBE-SFXS2LP1.4.0.0
2025-11-25 17:28:12,429 [WARN] ConditionMgr:438 - getConditionDescription Invalid condition id : UX DEVICE CLASS RTOS Condition cause : null
2025-11-25 17:28:12,429 [WARN] ConditionMgr:438 - getConditionDescription Invalid condition id : UX DEVICE CLASS RTOS Condition cause : null
2025-11-25 17:28:12,431 [WARN] PackLoader:240 - Cannot read IP mode file for STMicroelectronics.X-CUBE-AZRTOS-WB.2.0.0
2025-11-25 17:28:12,432 [WARN] ConditionMgr:1044 - genDependencies : Invalid condition id : UX DEVICE CLASS RTOS Condition cause : null
2025-11-25 17:28:12,432 [WARN] ConditionMgr:1044 - genDependencies : Invalid condition id : UX DEVICE CLASS RTOS Condition cause : null
2025-11-25 17:28:12,433 [WARN] ConditionMgr:1044 - genDependencies : Invalid condition id : UX DEVICE CLASS RTOS Condition cause : null
2025-11-25 17:28:12,433 [WARN] ConditionMgr:1044 - genDependencies : Invalid condition id : UX DEVICE CLASS RTOS Condition cause : null
2025-11-25 17:28:12,433 [WARN] ConditionMgr:1044 - genDependencies : Invalid condition id : UX DEVICE CLASS RTOS Condition cause : null
2025-11-25 17:28:12,438 [WARN] PackLoader:240 - Cannot read IP mode file for STMicroelectronics.X-CUBE-GNSS1.7.0.1
2025-11-25 17:28:12,441 [WARN] PackLoader:240 - Cannot read IP mode file for STMicroelectronics.X-CUBE-TOUCHGFX.4.25.0
2025-11-25 17:28:12,443 [WARN] ConditionMgr:438 - getConditionDescription Invalid condition id : Cortex-A Device cause : null
2025-11-25 17:28:12,449 [WARN] ConditionMgr:1044 - genDependencies : Invalid condition id : Cortex-A Device cause : null
2025-11-25 17:28:12,449 [WARN] ConditionMgr:1044 - genDependencies : Invalid condition id : Cortex-A Device cause : null
2025-11-25 17:28:12,449 [WARN] ConditionMgr:1044 - genDependencies : Invalid condition id : Cortex-A Device cause : null
2025-11-25 17:28:12,458 [WARN] PackLoader:240 - Cannot read IP mode file for STMicroelectronics.X-CUBE-SUBG2.5.0.0
2025-11-25 17:28:12,475 [WARN] PackLoader:240 - Cannot read IP mode file for STMicroelectronics.X-CUBE-AZRTOS-H7RS.1.1.0
2025-11-25 17:28:12,489 [WARN] PackLoader:240 - Cannot read IP mode file for STMicroelectronics.X-CUBE-AZRTOS-G4.2.0.0
2025-11-25 17:28:12,493 [WARN] PackLoader:240 - Cannot read IP mode file for wolfSSL.I-CUBE-wolfSSH.1.4.20
2025-11-25 17:28:12,497 [WARN] PackLoader:240 - Cannot read IP mode file for STMicroelectronics.X-CUBE-NFC7.2.0.0
2025-11-25 17:28:12,508 [WARN] PackLoader:240 - Cannot read IP mode file for STMicroelectronics.X-CUBE-IPS.3.1.0
2025-11-25 17:28:12,514 [WARN] PackLoader:240 - Cannot read IP mode file for STMicroelectronics.X-CUBE-ALS.1.0.2
2025-11-25 17:28:12,521 [WARN] PackLoader:240 - Cannot read IP mode file for STMicroelectronics.X-CUBE-TOF1.3.4.3
2025-11-25 17:28:12,528 [INFO] ThirdParty:978 - Integrity check success = true
2025-11-25 17:28:12,528 [INFO] IntegrityCheckThread:100 - exiting critical section [integrity check]
2025-11-25 17:28:12,528 [INFO] IntegrityCheckThread:103 - End integrity checks thread
2025-11-25 17:30:49,198 [INFO] Activator:176 - 


2025-11-25 17:30:49,199 [INFO] Activator:177 - !SESSION log4j initialized
2025-11-25 17:30:53,803 [INFO] LogOutputStream:77 - [STDOUT_REDIRECT] 
2025-11-25 17:30:54,927 [INFO] ApplicationProperties:184 - Using Application install path: /opt/st/stm32cubeide_1.19.0/plugins/com.st.stm32cube.common.mx_6.15.0.202507011659
2025-11-25 17:30:54,953 [INFO] DbMcusXml:78 - Set database path to: /opt/st/stm32cubeide_1.19.0/plugins/com.st.stm32cube.common.mx_6.15.0.202507011659//db//mcu/
2025-11-25 17:30:54,954 [INFO] ApiDb:274 - Set plugin database path to: /opt/st/stm32cubeide_1.19.0/plugins/com.st.stm32cube.common.mx_6.15.0.202507011659//db//plugins/boardmanager/
2025-11-25 17:30:54,954 [WARN] ApiDb:259 - Overriding images path with different value:  => /opt/st/stm32cubeide_1.19.0/plugins/com.st.stm32cube.common.mx_6.15.0.202507011659//db//plugins/mcufinder/images/
2025-11-25 17:30:54,958 [INFO] ApiDb:250 - Set database path to: /home/krushna/.stmcufinder/plugins/mcufinder//mcu/
2025-11-25 17:30:54,959 [INFO] DbMcusAds:125 - Set database path to: /home/krushna/.stmcufinder/plugins/mcufinder//mcu/
2025-11-25 17:30:54,962 [INFO] CrossReferenceDbSqlite:203 - Set database path to: /home/krushna/.stmcufinder/plugins/mcufinder//mcu/cs/
2025-11-25 17:30:55,118 [INFO] RulesReader:64 - Compatibility file has been processed (317 Rules)
2025-11-25 17:30:55,183 [INFO] DbMcusXml:78 - Set database path to: /opt/st/stm32cubeide_1.19.0/plugins/com.st.stm32cube.common.mx_6.15.0.202507011659//db//mcu/
2025-11-25 17:30:55,183 [INFO] ApiDb:274 - Set plugin database path to: /opt/st/stm32cubeide_1.19.0/plugins/com.st.stm32cube.common.mx_6.15.0.202507011659//db//plugins/boardmanager/
2025-11-25 17:30:55,184 [INFO] ApiDb:261 - Set plugin images path to: /opt/st/stm32cubeide_1.19.0/plugins/com.st.stm32cube.common.mx_6.15.0.202507011659//db//plugins/mcufinder/images/
2025-11-25 17:30:55,184 [WARN] DbFile:41 - Overriding database path with different value: /home/krushna/.stmcufinder/plugins/mcufinder/ => /home/krushna/.stmcufinder/plugins/mcufinder
2025-11-25 17:30:55,184 [INFO] ApiDb:250 - Set database path to: /home/krushna/.stmcufinder/plugins/mcufinder//mcu/
2025-11-25 17:30:55,184 [WARN] DbFile:41 - Overriding database path with different value: /home/krushna/.stmcufinder/plugins/mcufinder/ => /home/krushna/.stmcufinder/plugins/mcufinder
2025-11-25 17:30:55,184 [INFO] DbMcusAds:125 - Set database path to: /home/krushna/.stmcufinder/plugins/mcufinder//mcu/
2025-11-25 17:30:55,184 [WARN] DbFile:41 - Overriding database path with different value: /home/krushna/.stmcufinder/plugins/mcufinder/ => /home/krushna/.stmcufinder/plugins/mcufinder
2025-11-25 17:30:55,185 [WARN] DbFile:41 - Overriding database path with different value: /home/krushna/.stmcufinder/plugins/mcufinder/ => /home/krushna/.stmcufinder/plugins/mcufinder
2025-11-25 17:30:55,185 [INFO] CrossReferenceDbSqlite:203 - Set database path to: /home/krushna/.stmcufinder/plugins/mcufinder//mcu/cs/
2025-11-25 17:30:55,257 [INFO] MainPanel:274 - HeapMemory: 268435456
2025-11-25 17:30:55,392 [INFO] DbMcusXml:78 - Set database path to: /opt/st/stm32cubeide_1.19.0/plugins/com.st.stm32cube.common.mx_6.15.0.202507011659//db//mcu/
2025-11-25 17:30:55,393 [INFO] ApiDb:274 - Set plugin database path to: /opt/st/stm32cubeide_1.19.0/plugins/com.st.stm32cube.common.mx_6.15.0.202507011659//db//plugins/boardmanager/
2025-11-25 17:30:55,393 [INFO] ApiDb:261 - Set plugin images path to: /opt/st/stm32cubeide_1.19.0/plugins/com.st.stm32cube.common.mx_6.15.0.202507011659//db//plugins/mcufinder/images/
2025-11-25 17:30:55,393 [WARN] DbFile:41 - Overriding database path with different value: /home/krushna/.stmcufinder/plugins/mcufinder/ => /home/krushna/.stmcufinder/plugins/mcufinder
2025-11-25 17:30:55,394 [INFO] ApiDb:250 - Set database path to: /home/krushna/.stmcufinder/plugins/mcufinder//mcu/
2025-11-25 17:30:55,394 [WARN] DbFile:41 - Overriding database path with different value: /home/krushna/.stmcufinder/plugins/mcufinder/ => /home/krushna/.stmcufinder/plugins/mcufinder
2025-11-25 17:30:55,394 [INFO] DbMcusAds:125 - Set database path to: /home/krushna/.stmcufinder/plugins/mcufinder//mcu/
2025-11-25 17:30:55,394 [WARN] DbFile:41 - Overriding database path with different value: /home/krushna/.stmcufinder/plugins/mcufinder/ => /home/krushna/.stmcufinder/plugins/mcufinder
2025-11-25 17:30:55,394 [WARN] DbFile:41 - Overriding database path with different value: /home/krushna/.stmcufinder/plugins/mcufinder/ => /home/krushna/.stmcufinder/plugins/mcufinder
2025-11-25 17:30:55,394 [INFO] CrossReferenceDbSqlite:203 - Set database path to: /home/krushna/.stmcufinder/plugins/mcufinder//mcu/cs/
2025-11-25 17:30:55,415 [INFO] ApplicationProperties:184 - Using Application install path: /opt/st/stm32cubeide_1.19.0/plugins/com.st.stm32cube.common.mx_6.15.0.202507011659
2025-11-25 17:30:55,419 [INFO] PluginManage:196 - Search for loadable plugins [exclusion list=, ]
2025-11-25 17:30:55,420 [INFO] PluginManage:310 - Check plugin analytics
2025-11-25 17:30:55,621 [INFO] AnalyticsPlugin:253 - Accepted Software Licenses: 
2025-11-25 17:30:55,621 [INFO] AnalyticsPlugin:255 - Accepted CMSIS Pack Licenses: 
2025-11-25 17:30:55,621 [INFO] AnalyticsPlugin:257 - Accepted Firmware Licenses: FW.F4.1.28.0
2025-11-25 17:30:55,623 [INFO] PluginManage:359 - Loaded plugin analytics (category:tool,tabindex:-1)
2025-11-25 17:30:55,624 [INFO] PluginManage:310 - Check plugin cadmodel
2025-11-25 17:30:55,628 [INFO] CADModel:105 - Init CAD model plugin
2025-11-25 17:30:55,628 [INFO] PluginManage:359 - Loaded plugin cadmodel (category:power,tabindex:5)
2025-11-25 17:30:55,628 [INFO] PluginManage:310 - Check plugin clock
2025-11-25 17:30:55,636 [INFO] PluginManage:359 - Loaded plugin clock (category:base,tabindex:2)
2025-11-25 17:30:55,636 [INFO] PluginManage:310 - Check plugin ddr
2025-11-25 17:30:55,638 [INFO] PluginManage:359 - Loaded plugin ddr (category:tool,tabindex:6)
2025-11-25 17:30:55,639 [INFO] PluginManage:310 - Check plugin filemanager
2025-11-25 17:30:55,814 [INFO] PluginManage:359 - Loaded plugin filemanager (category:base,tabindex:10)
2025-11-25 17:30:55,814 [INFO] PluginManage:310 - Check plugin ipmanager
2025-11-25 17:30:55,821 [INFO] PluginManage:359 - Loaded plugin ipmanager (category:base,tabindex:5)
2025-11-25 17:30:55,821 [INFO] PluginManage:310 - Check plugin lpbam
2025-11-25 17:30:55,833 [INFO] PluginManage:359 - Loaded plugin lpbam (category:base,tabindex:0)
2025-11-25 17:30:55,833 [INFO] PluginManage:310 - Check plugin memorymap
2025-11-25 17:30:55,847 [INFO] PluginManage:359 - Loaded plugin memorymap (category:base,tabindex:4)
2025-11-25 17:30:55,847 [INFO] PluginManage:310 - Check plugin pinoutandconfiguration
2025-11-25 17:30:55,855 [INFO] PluginManage:359 - Loaded plugin pinoutandconfiguration (category:base,tabindex:1)
2025-11-25 17:30:55,855 [INFO] PluginManage:310 - Check plugin pinoutconfig
2025-11-25 17:30:55,963 [WARN] SupportedApi:132 - Cannot load RTOS API schema: s4s-elt-must-match.1: The content of 'definitions' must match (annotation?, (simpleType | complexType)?, (unique | key | keyref)*)). A problem was found starting at: attribute.
2025-11-25 17:30:56,101 [INFO] PluginManage:359 - Loaded plugin pinoutconfig (category:base,tabindex:0)
2025-11-25 17:30:56,102 [INFO] PluginManage:310 - Check plugin power
2025-11-25 17:30:56,110 [INFO] PluginManage:359 - Loaded plugin power (category:power,tabindex:4)
2025-11-25 17:30:56,110 [INFO] PluginManage:310 - Check plugin projectmanager
2025-11-25 17:30:56,127 [INFO] PluginManage:359 - Loaded plugin projectmanager (category:projectmanager,tabindex:4)
2025-11-25 17:30:56,128 [INFO] PluginManage:310 - Check plugin rif
2025-11-25 17:30:56,137 [INFO] PluginManage:359 - Loaded plugin rif (category:base,tabindex:3)
2025-11-25 17:30:56,137 [INFO] PluginManage:310 - Check plugin thirdparty
2025-11-25 17:30:56,258 [INFO] PluginManage:359 - Loaded plugin thirdparty (category:base,tabindex:-1)
2025-11-25 17:30:56,257 [WARN] IntegrityCheckThread:84 - waiting for thirdparty lock release [integrity check]
2025-11-25 17:30:56,258 [INFO] PluginManage:310 - Check plugin tools
2025-11-25 17:30:56,258 [INFO] IntegrityCheckThread:86 - entering critical section [integrity check]
2025-11-25 17:30:56,258 [INFO] ThirdPartyUpdaterWithRetryManager:70 - Updater plugin not ready yet. [1/15]
2025-11-25 17:30:56,260 [INFO] PluginManage:359 - Loaded plugin tools (category:base,tabindex:7)
2025-11-25 17:30:56,260 [INFO] PluginManage:310 - Check plugin tutovideos
2025-11-25 17:30:56,459 [INFO] PluginManage:359 - Loaded plugin tutovideos (category:base,tabindex:-1)
2025-11-25 17:30:56,459 [INFO] PluginManage:310 - Check plugin updater
2025-11-25 17:30:56,483 [INFO] PluginManage:359 - Loaded plugin updater (category:base,tabindex:12)
2025-11-25 17:30:56,483 [INFO] PluginManage:310 - Check plugin userauth
2025-11-25 17:30:56,487 [INFO] UserAuth:118 - Init User Auth plugin
2025-11-25 17:30:56,488 [INFO] PluginManage:359 - Loaded plugin userauth (category:base,tabindex:14)
2025-11-25 17:30:56,489 [INFO] PluginManage:283 - PluginManage : Loaded plugins [18]
2025-11-25 17:30:56,691 [INFO] PinOutPanel:1589 - setPackage(No Configuration,No Configuration)
2025-11-25 17:30:56,767 [INFO] CADModel:165 - CPN selected for project level
2025-11-25 17:30:56,767 [INFO] CADModel:114 - Register for checkConnection events
2025-11-25 17:30:56,776 [INFO] IPUIPlugin:80 - create IPUIPlugin
2025-11-25 17:30:56,776 [INFO] PluginManager:220 - loadIPPluginJar : add tsc
2025-11-25 17:30:56,780 [INFO] IPUIPlugin:80 - create IPUIPlugin
2025-11-25 17:30:56,781 [INFO] PluginManager:220 - loadIPPluginJar : add gpio
2025-11-25 17:30:56,789 [INFO] IPUIPlugin:80 - create IPUIPlugin
2025-11-25 17:30:56,789 [INFO] PluginManager:220 - loadIPPluginJar : add linkedlist
2025-11-25 17:30:56,797 [INFO] IPUIPlugin:80 - create IPUIPlugin
2025-11-25 17:30:56,797 [INFO] PluginManager:220 - loadIPPluginJar : add fmc
2025-11-25 17:30:56,803 [INFO] IPUIPlugin:80 - create IPUIPlugin
2025-11-25 17:30:56,807 [INFO] PluginManager:220 - loadIPPluginJar : add plateformsettings
2025-11-25 17:30:56,811 [INFO] IPUIPlugin:80 - create IPUIPlugin
2025-11-25 17:30:56,811 [INFO] PluginManager:220 - loadIPPluginJar : add cryp
2025-11-25 17:30:56,814 [INFO] IPUIPlugin:80 - create IPUIPlugin
2025-11-25 17:30:56,814 [INFO] PluginManager:220 - loadIPPluginJar : add i2c
2025-11-25 17:30:56,817 [INFO] IPUIPlugin:80 - create IPUIPlugin
2025-11-25 17:30:56,817 [INFO] PluginManager:220 - loadIPPluginJar : add lorawan
2025-11-25 17:30:56,821 [INFO] IPUIPlugin:80 - create IPUIPlugin
2025-11-25 17:30:56,821 [INFO] PluginManager:220 - loadIPPluginJar : add touchsensing
2025-11-25 17:30:56,823 [INFO] IPUIPlugin:80 - create IPUIPlugin
2025-11-25 17:30:56,823 [INFO] PluginManager:220 - loadIPPluginJar : add ltdc
2025-11-25 17:30:56,824 [INFO] IPUIPlugin:80 - create IPUIPlugin
2025-11-25 17:30:56,825 [INFO] PluginManager:220 - loadIPPluginJar : add i2s
2025-11-25 17:30:56,826 [INFO] IPUIPlugin:80 - create IPUIPlugin
2025-11-25 17:30:56,827 [INFO] PluginManager:220 - loadIPPluginJar : add fatfs
2025-11-25 17:30:56,833 [INFO] IPUIPlugin:80 - create IPUIPlugin
2025-11-25 17:30:56,834 [INFO] PluginManager:220 - loadIPPluginJar : add mdma
2025-11-25 17:30:56,836 [INFO] IPUIPlugin:80 - create IPUIPlugin
2025-11-25 17:30:56,836 [INFO] PluginManager:220 - loadIPPluginJar : add ts
2025-11-25 17:30:56,838 [INFO] IPUIPlugin:80 - create IPUIPlugin
2025-11-25 17:30:56,838 [INFO] PluginManager:220 - loadIPPluginJar : add ucpd
2025-11-25 17:30:56,839 [INFO] IPUIPlugin:80 - create IPUIPlugin
2025-11-25 17:30:56,840 [INFO] PluginManager:220 - loadIPPluginJar : add radio
2025-11-25 17:30:56,844 [INFO] IPUIPlugin:80 - create IPUIPlugin
2025-11-25 17:30:56,844 [INFO] PluginManager:220 - loadIPPluginJar : add ipddr
2025-11-25 17:30:56,847 [INFO] IPUIPlugin:80 - create IPUIPlugin
2025-11-25 17:30:56,847 [INFO] PluginManager:220 - loadIPPluginJar : add nvic
2025-11-25 17:30:56,850 [INFO] IPUIPlugin:80 - create IPUIPlugin
2025-11-25 17:30:56,850 [INFO] PluginManager:220 - loadIPPluginJar : add ddr_ctrl_phy
2025-11-25 17:30:56,853 [INFO] IPUIPlugin:80 - create IPUIPlugin
2025-11-25 17:30:56,853 [INFO] PluginManager:220 - loadIPPluginJar : add opamp
2025-11-25 17:30:56,855 [INFO] IPUIPlugin:80 - create IPUIPlugin
2025-11-25 17:30:56,855 [INFO] PluginManager:220 - loadIPPluginJar : add usart
2025-11-25 17:30:56,861 [INFO] IPUIPlugin:80 - create IPUIPlugin
2025-11-25 17:30:56,862 [INFO] PluginManager:220 - loadIPPluginJar : add freertos
2025-11-25 17:30:56,866 [INFO] IPUIPlugin:80 - create IPUIPlugin
2025-11-25 17:30:56,866 [INFO] PluginManager:220 - loadIPPluginJar : add usbx
2025-11-25 17:30:56,869 [INFO] IPUIPlugin:80 - create IPUIPlugin
2025-11-25 17:30:56,869 [INFO] PluginManager:220 - loadIPPluginJar : add sai
2025-11-25 17:30:56,872 [INFO] IPUIPlugin:80 - create IPUIPlugin
2025-11-25 17:30:56,872 [INFO] PluginManager:220 - loadIPPluginJar : add hash
2025-11-25 17:30:56,875 [INFO] IPUIPlugin:80 - create IPUIPlugin
2025-11-25 17:30:56,875 [INFO] PluginManager:220 - loadIPPluginJar : add openamp
2025-11-25 17:30:56,880 [INFO] IPUIPlugin:80 - create IPUIPlugin
2025-11-25 17:30:56,881 [INFO] PluginManager:220 - loadIPPluginJar : add gic
2025-11-25 17:30:56,883 [INFO] IPUIPlugin:80 - create IPUIPlugin
2025-11-25 17:30:56,883 [INFO] PluginManager:220 - loadIPPluginJar : add extmemmanager
2025-11-25 17:30:56,886 [INFO] IPUIPlugin:80 - create IPUIPlugin
2025-11-25 17:30:56,886 [INFO] PluginManager:220 - loadIPPluginJar : add pdm2pcm
2025-11-25 17:30:56,888 [INFO] IPUIPlugin:80 - create IPUIPlugin
2025-11-25 17:30:56,888 [INFO] PluginManager:220 - loadIPPluginJar : add tim
2025-11-25 17:30:56,890 [INFO] IPUIPlugin:80 - create IPUIPlugin
2025-11-25 17:30:56,890 [INFO] PluginManager:220 - loadIPPluginJar : add dma3
2025-11-25 17:30:56,898 [INFO] IPUIPlugin:80 - create IPUIPlugin
2025-11-25 17:30:56,898 [INFO] PluginManager:220 - loadIPPluginJar : add adc
2025-11-25 17:30:56,905 [INFO] IPUIPlugin:80 - create IPUIPlugin
2025-11-25 17:30:56,906 [INFO] PluginManager:220 - loadIPPluginJar : add stm32_wpan
2025-11-25 17:30:56,908 [INFO] IPUIPlugin:80 - create IPUIPlugin
2025-11-25 17:30:56,909 [INFO] PluginManager:220 - loadIPPluginJar : add tracer_emb
2025-11-25 17:30:56,910 [INFO] IPUIPlugin:80 - create IPUIPlugin
2025-11-25 17:30:56,911 [INFO] PluginManager:220 - loadIPPluginJar : add dfsdm
2025-11-25 17:30:56,913 [INFO] IPUIPlugin:80 - create IPUIPlugin
2025-11-25 17:30:56,913 [INFO] PluginManager:220 - loadIPPluginJar : add i3c
2025-11-25 17:30:56,916 [INFO] IPUIPlugin:80 - create IPUIPlugin
2025-11-25 17:30:56,916 [INFO] PluginManager:220 - loadIPPluginJar : add resmgrutility
2025-11-25 17:30:56,922 [INFO] IPUIPlugin:80 - create IPUIPlugin
2025-11-25 17:30:56,923 [INFO] PluginManager:220 - loadIPPluginJar : add dma
2025-11-25 17:30:56,926 [INFO] IPUIPlugin:80 - create IPUIPlugin
2025-11-25 17:30:56,926 [INFO] PluginManager:220 - loadIPPluginJar : add aes
2025-11-25 17:30:56,927 [INFO] IPUIPlugin:80 - create IPUIPlugin
2025-11-25 17:30:56,927 [INFO] PluginManager:220 - loadIPPluginJar : add quadspi
2025-11-25 17:30:56,931 [INFO] IPUIPlugin:80 - create IPUIPlugin
2025-11-25 17:30:56,931 [INFO] PluginManager:220 - loadIPPluginJar : add gtzc
2025-11-25 17:30:56,932 [INFO] IPUIPlugin:80 - create IPUIPlugin
2025-11-25 17:30:56,932 [INFO] PluginManager:220 - loadIPPluginJar : add spi
2025-11-25 17:30:56,934 [INFO] IPUIPlugin:80 - create IPUIPlugin
2025-11-25 17:30:56,934 [INFO] PluginManager:220 - loadIPPluginJar : add can
2025-11-25 17:30:56,936 [INFO] IPUIPlugin:80 - create IPUIPlugin
2025-11-25 17:30:56,936 [INFO] PluginManager:220 - loadIPPluginJar : add genericplugin
2025-11-25 17:30:56,938 [INFO] IPUIPlugin:80 - create IPUIPlugin
2025-11-25 17:30:56,938 [INFO] PluginManager:220 - loadIPPluginJar : add comp
2025-11-25 17:30:56,939 [INFO] IPUIPlugin:80 - create IPUIPlugin
2025-11-25 17:30:56,939 [INFO] PluginManager:220 - loadIPPluginJar : add gfxmmu
2025-11-25 17:30:57,047 [FATAL] Updater:351 - Updater called before beeing initialized
2025-11-25 17:30:57,074 [INFO] RulesReader:64 - Compatibility file has been processed (317 Rules)
2025-11-25 17:30:57,085 [INFO] RulesReader:64 - Compatibility file has been processed (317 Rules)
2025-11-25 17:30:57,092 [INFO] CADModel:165 - CPN selected for project level
2025-11-25 17:30:57,093 [INFO] CADModel:114 - Register for checkConnection events
2025-11-25 17:30:57,093 [FATAL] Updater:351 - Updater called before beeing initialized
2025-11-25 17:30:57,093 [ERROR] CADModel:125 - Updater not yet initialized, retry later 
2025-11-25 17:30:57,196 [FATAL] Updater:351 - Updater called before beeing initialized
2025-11-25 17:30:57,198 [INFO] CADModel:165 - CPN selected for project level
2025-11-25 17:30:57,198 [INFO] CADModel:114 - Register for checkConnection events
2025-11-25 17:30:57,198 [FATAL] Updater:351 - Updater called before beeing initialized
2025-11-25 17:30:57,198 [ERROR] CADModel:125 - Updater not yet initialized, retry later 
2025-11-25 17:30:57,202 [FATAL] Updater:351 - Updater called before beeing initialized
2025-11-25 17:30:57,271 [FATAL] Updater:351 - Updater called before beeing initialized
2025-11-25 17:30:57,275 [INFO] DbMcusAds:53 - JSON generation date=Fri Nov 07 16:43:48 IST 2025 (1762514028606)
2025-11-25 17:30:57,275 [FATAL] Updater:351 - Updater called before beeing initialized
2025-11-25 17:30:57,303 [WARN] DetailPanel:346 - Failed to get advertising image, set to default
2025-11-25 17:30:57,368 [FATAL] Updater:351 - Updater called before beeing initialized
2025-11-25 17:30:57,369 [FATAL] Updater:351 - Updater called before beeing initialized
2025-11-25 17:30:57,369 [FATAL] Updater:351 - Updater called before beeing initialized
2025-11-25 17:30:57,370 [WARN] DetailPanel:346 - Failed to get advertising image, set to default
2025-11-25 17:30:57,370 [FATAL] Updater:351 - Updater called before beeing initialized
2025-11-25 17:30:57,402 [ERROR] Updater:1198 - MainUpdater not yet initialized. External WinMGr cannot be set.
2025-11-25 17:30:57,404 [INFO] Updater:1134 - Updater Version found : 6.15.0
2025-11-25 17:30:57,422 [INFO] ApplicationProperties:184 - Using Application install path: /opt/st/stm32cubeide_1.19.0/plugins/com.st.stm32cube.common.mx_6.15.0.202507011659
2025-11-25 17:30:57,722 [INFO] MainUpdater:2872 - connection check result : 10
2025-11-25 17:30:57,723 [INFO] MainUpdater:289 - Updater Check For Update Now.
2025-11-25 17:30:57,723 [INFO] MicroXplorer:498 - Change Database Version : DB.6.0.150
2025-11-25 17:30:57,728 [INFO] McuFinderGlobals:63 - Set McuFinder mode to 2 (CubeIDE integrated)
2025-11-25 17:30:57,728 [INFO] UserAuth:171 - activating auth plugin
2025-11-25 17:30:57,731 [INFO] UserAuth:487 - Internet connection configuration mode: 1
2025-11-25 17:30:57,757 [INFO] JxBrowserEngine:152 - Initiate JxBrowser Engine with user profile folder
2025-11-25 17:30:57,994 [INFO] CheckServerUpdateThread:120 - End of CheckServer Thread
2025-11-25 17:30:58,503 [INFO] WebApp:169 - Instantiating new browser for Auth
2025-11-25 17:30:59,095 [INFO] WebApp:463 - Apply proxy settings
2025-11-25 17:30:59,096 [INFO] WebApp:548 - Chromium requires no authentication
2025-11-25 17:30:59,105 [INFO] WebApp:491 - Direct internet connection detected
2025-11-25 17:30:59,124 [INFO] WebApp:900 - Register for checkConnection events
2025-11-25 17:30:59,124 [INFO] WebApp:463 - Apply proxy settings
2025-11-25 17:30:59,124 [INFO] WebApp:548 - Chromium requires no authentication
2025-11-25 17:30:59,124 [INFO] WebApp:491 - Direct internet connection detected
2025-11-25 17:30:59,272 [INFO] WebApp:225 - Starting web application
2025-11-25 17:30:59,273 [INFO] WebApp:593 - Web application path used /opt/st/stm32cubeide_1.19.0/plugins/com.st.stm32cube.common.mx_6.15.0.202507011659/db/plugins/mcufinder/reactClient1/index.html
2025-11-25 17:30:59,370 [WARN] PackLoader:240 - Cannot read IP mode file for STMicroelectronics.FP-SNS-MOTENVWB1.1.4.0
2025-11-25 17:30:59,379 [WARN] PackLoader:240 - Cannot read IP mode file for STMicroelectronics.FP-ATR-ASTRA1.2.0.2
2025-11-25 17:30:59,387 [WARN] PackLoader:240 - Cannot read IP mode file for STMicroelectronics.X-CUBE-SMBUS.2.1.0
2025-11-25 17:30:59,392 [WARN] PackLoader:240 - Cannot read IP mode file for STMicroelectronics.X-CUBE-ST60.1.0.0
2025-11-25 17:30:59,428 [WARN] PackLoader:240 - Cannot read IP mode file for STMicroelectronics.X-CUBE-AZRTOS-F7.1.1.0
2025-11-25 17:30:59,437 [WARN] PackLoader:240 - Cannot read IP mode file for Cesanta.I-CUBE-Mongoose.7.19.0
2025-11-25 17:30:59,441 [WARN] PackLoader:240 - Cannot read IP mode file for STMicroelectronics.FP-SNS-MOTENV1.5.1.0
2025-11-25 17:30:59,451 [WARN] PackLoader:240 - Cannot read IP mode file for WES.I-CUBE-Cesium.1.4.0
2025-11-25 17:30:59,479 [WARN] PackLoader:240 - Cannot read IP mode file for Infineon.AIROC-Wi-Fi-Bluetooth-STM32.1.7.1
2025-11-25 17:30:59,493 [WARN] PackLoader:240 - Cannot read IP mode file for STMicroelectronics.X-CUBE-DISPLAY.3.0.0
2025-11-25 17:30:59,532 [WARN] PackLoader:240 - Cannot read IP mode file for STMicroelectronics.X-CUBE-NFC10.1.0.0
2025-11-25 17:30:59,541 [WARN] PackLoader:240 - Cannot read IP mode file for STMicroelectronics.X-CUBE-ST60.1.1.0
2025-11-25 17:30:59,548 [WARN] PackLoader:240 - Cannot read IP mode file for emotas.I-CUBE-CANOPEN.1.3.0
2025-11-25 17:30:59,554 [WARN] PackLoader:240 - Cannot read IP mode file for STMicroelectronics.X-CUBE-GNSS1.7.1.0
2025-11-25 17:30:59,561 [WARN] PackLoader:240 - Cannot read IP mode file for STMicroelectronics.FP-SNS-SMARTAG2.1.2.0
2025-11-25 17:30:59,565 [WARN] PackLoader:240 - Cannot read IP mode file for STMicroelectronics.FP-SNS-FLIGHT1.5.1.0
2025-11-25 17:30:59,574 [INFO] LogOutputStream:77 - [STDOUT_REDIRECT] 1 : Invalid condition id : UX_CORESTACK_Condition cause : null
2025-11-25 17:30:59,575 [INFO] LogOutputStream:77 - [STDOUT_REDIRECT] 1 : Invalid condition id : UX_CORESTACK_Condition cause : null
2025-11-25 17:30:59,575 [INFO] LogOutputStream:77 - [STDOUT_REDIRECT] 1 : Invalid condition id : UX_CORESTACK_Condition cause : null
2025-11-25 17:30:59,575 [INFO] LogOutputStream:77 - [STDOUT_REDIRECT] 1 : Invalid condition id : UX_CORESTACK_Condition cause : null
2025-11-25 17:30:59,575 [INFO] LogOutputStream:77 - [STDOUT_REDIRECT] 1 : Invalid condition id : UX_CORESTACK_Condition cause : null
2025-11-25 17:30:59,580 [WARN] PackLoader:240 - Cannot read IP mode file for STMicroelectronics.X-CUBE-AZRTOS-WL.2.0.0
2025-11-25 17:30:59,586 [WARN] PackLoader:240 - Cannot read IP mode file for STMicroelectronics.FP-SNS-MOTENV1.5.0.0
2025-11-25 17:30:59,650 [WARN] PackLoader:240 - Cannot read IP mode file for STMicroelectronics.X-CUBE-AZRTOS-H7RS.1.2.0
2025-11-25 17:30:59,661 [WARN] PackLoader:240 - Cannot read IP mode file for STMicroelectronics.X-CUBE-BLE2.3.3.0
2025-11-25 17:30:59,694 [WARN] PackLoader:240 - Cannot read IP mode file for STMicroelectronics.X-CUBE-NFC9.1.0.0
2025-11-25 17:30:59,701 [WARN] PackLoader:240 - Cannot read IP mode file for STMicroelectronics.X-CUBE-BLE1.7.1.0
2025-11-25 17:30:59,707 [WARN] PackLoader:240 - Cannot read IP mode file for wolfSSL.I-CUBE-wolfMQTT.1.19.2
2025-11-25 17:30:59,713 [WARN] PackLoader:240 - Cannot read IP mode file for STMicroelectronics.X-CUBE-FREERTOS.1.4.0
2025-11-25 17:30:59,717 [WARN] PackLoader:240 - Cannot read IP mode file for STMicroelectronics.X-CUBE-ST67W61.1.1.0
2025-11-25 17:30:59,718 [INFO] WebApp:191 - Connection restablished
2025-11-25 17:30:59,770 [WARN] PackLoader:240 - Cannot read IP mode file for STMicroelectronics.X-CUBE-MEMS1.12.0.0
2025-11-25 17:30:59,893 [WARN] PackLoader:240 - Cannot read IP mode file for STMicroelectronics.X-CUBE-AZRTOS-G0.1.1.0
2025-11-25 17:30:59,901 [WARN] PackLoader:240 - Cannot read IP mode file for STMicroelectronics.X-CUBE-SAFEA1.1.2.2
2025-11-25 17:30:59,907 [WARN] PackLoader:240 - Cannot read IP mode file for STMicroelectronics.X-CUBE-NFC4.3.0.0
2025-11-25 17:30:59,915 [WARN] PackLoader:240 - Cannot read IP mode file for EmbeddedOffice.I-CUBE-FS-RTOS.1.0.1
2025-11-25 17:30:59,921 [WARN] PackLoader:240 - Cannot read IP mode file for STMicroelectronics.X-CUBE-WB05N.2.0.0
2025-11-25 17:30:59,926 [WARN] PackLoader:240 - Cannot read IP mode file for wolfSSL.I-CUBE-wolfTPM.3.8.0
2025-11-25 17:30:59,931 [WARN] PackLoader:240 - Cannot read IP mode file for STMicroelectronics.X-CUBE-TCPP.4.2.0
2025-11-25 17:30:59,937 [WARN] PackLoader:240 - Cannot read IP mode file for RealThread.X-CUBE-RT-Thread_Nano.4.1.1
2025-11-25 17:30:59,942 [WARN] PackLoader:240 - Cannot read IP mode file for STMicroelectronics.FP-ATR-SIGFOX1.3.2.0
2025-11-25 17:30:59,947 [WARN] PackLoader:240 - Cannot read IP mode file for ITTIA_DB.I-CUBE-ITTIADB.8.9.0
2025-11-25 17:30:59,955 [WARN] PackLoader:240 - Cannot read IP mode file for STMicroelectronics.X-CUBE-ST67W61.1.0.0
2025-11-25 17:30:59,983 [WARN] PackLoader:240 - Cannot read IP mode file for SEGGER.I-CUBE-embOS.1.3.1
2025-11-25 17:31:00,035 [WARN] PackLoader:240 - Cannot read IP mode file for STMicroelectronics.X-CUBE-ALGOBUILD.1.4.0
2025-11-25 17:31:00,082 [WARN] PackLoader:240 - Cannot read IP mode file for STMicroelectronics.X-CUBE-MEMS1.11.3.0
2025-11-25 17:31:00,214 [WARN] PackLoader:240 - Cannot read IP mode file for STMicroelectronics.X-CUBE-PM33A1.1.0.0
2025-11-25 17:31:00,226 [WARN] PackLoader:240 - Cannot read IP mode file for STMicroelectronics.X-CUBE-AZRTOS-F4.1.1.0
2025-11-25 17:31:00,231 [WARN] PackLoader:240 - Cannot read IP mode file for Avnet-IotConnect.X-CUBE-IoTC-DA16k-PMOD.1.0.0
2025-11-25 17:31:00,234 [WARN] PackLoader:240 - Cannot read IP mode file for STMicroelectronics.X-CUBE-ISPU.2.1.0
2025-11-25 17:31:00,249 [WARN] PackLoader:240 - Cannot read IP mode file for STMicroelectronics.X-CUBE-IPS.3.2.0
2025-11-25 17:31:00,265 [WARN] PackLoader:240 - Cannot read IP mode file for STMicroelectronics.X-CUBE-AZRTOS-L5.2.0.0
2025-11-25 17:31:00,272 [WARN] PackLoader:240 - Cannot read IP mode file for STMicroelectronics.X-CUBE-NFC6.3.1.0
2025-11-25 17:31:00,277 [WARN] PackLoader:240 - Cannot read IP mode file for STMicroelectronics.X-CUBE-FREERTOS.1.3.1
2025-11-25 17:31:00,281 [WARN] PackLoader:240 - Cannot read IP mode file for STMicroelectronics.X-CUBE-TOUCHGFX.4.26.0
2025-11-25 17:31:00,285 [WARN] PackLoader:240 - Cannot read IP mode file for STMicroelectronics.X-CUBE-DPower.1.3.0
2025-11-25 17:31:00,298 [WARN] ConditionMgr:438 - getConditionDescription Invalid condition id : LAN8742 Phy interface Condition cause : null
2025-11-25 17:31:00,299 [WARN] PackLoader:240 - Cannot read IP mode file for STMicroelectronics.X-CUBE-AZRTOS-L4.2.0.0
2025-11-25 17:31:00,301 [WARN] ConditionMgr:1044 - genDependencies : Invalid condition id : LAN8742 Phy interface Condition cause : null
2025-11-25 17:31:00,301 [WARN] ConditionMgr:1044 - genDependencies : Invalid condition id : LAN8742 Phy interface Condition cause : null
2025-11-25 17:31:00,312 [WARN] ConditionMgr:1044 - genDependencies : Invalid condition id : LAN8742 Phy interface Condition cause : null
2025-11-25 17:31:00,324 [WARN] PackLoader:240 - Cannot read IP mode file for STMicroelectronics.X-CUBE-SFXS2LP1.4.0.0
2025-11-25 17:31:00,343 [WARN] ConditionMgr:438 - getConditionDescription Invalid condition id : UX DEVICE CLASS RTOS Condition cause : null
2025-11-25 17:31:00,344 [WARN] ConditionMgr:438 - getConditionDescription Invalid condition id : UX DEVICE CLASS RTOS Condition cause : null
2025-11-25 17:31:00,350 [WARN] PackLoader:240 - Cannot read IP mode file for STMicroelectronics.X-CUBE-AZRTOS-WB.2.0.0
2025-11-25 17:31:00,351 [WARN] ConditionMgr:1044 - genDependencies : Invalid condition id : UX DEVICE CLASS RTOS Condition cause : null
2025-11-25 17:31:00,351 [WARN] ConditionMgr:1044 - genDependencies : Invalid condition id : UX DEVICE CLASS RTOS Condition cause : null
2025-11-25 17:31:00,352 [WARN] ConditionMgr:1044 - genDependencies : Invalid condition id : UX DEVICE CLASS RTOS Condition cause : null
2025-11-25 17:31:00,352 [WARN] ConditionMgr:1044 - genDependencies : Invalid condition id : UX DEVICE CLASS RTOS Condition cause : null
2025-11-25 17:31:00,353 [WARN] ConditionMgr:1044 - genDependencies : Invalid condition id : UX DEVICE CLASS RTOS Condition cause : null
2025-11-25 17:31:00,360 [WARN] PackLoader:240 - Cannot read IP mode file for STMicroelectronics.X-CUBE-GNSS1.7.0.1
2025-11-25 17:31:00,364 [WARN] PackLoader:240 - Cannot read IP mode file for STMicroelectronics.X-CUBE-TOUCHGFX.4.25.0
2025-11-25 17:31:00,368 [WARN] ConditionMgr:438 - getConditionDescription Invalid condition id : Cortex-A Device cause : null
2025-11-25 17:31:00,386 [WARN] ConditionMgr:1044 - genDependencies : Invalid condition id : Cortex-A Device cause : null
2025-11-25 17:31:00,386 [WARN] ConditionMgr:1044 - genDependencies : Invalid condition id : Cortex-A Device cause : null
2025-11-25 17:31:00,386 [WARN] ConditionMgr:1044 - genDependencies : Invalid condition id : Cortex-A Device cause : null
2025-11-25 17:31:00,397 [WARN] PackLoader:240 - Cannot read IP mode file for STMicroelectronics.X-CUBE-SUBG2.5.0.0
2025-11-25 17:31:00,421 [WARN] PackLoader:240 - Cannot read IP mode file for STMicroelectronics.X-CUBE-AZRTOS-H7RS.1.1.0
2025-11-25 17:31:00,439 [WARN] PackLoader:240 - Cannot read IP mode file for STMicroelectronics.X-CUBE-AZRTOS-G4.2.0.0
2025-11-25 17:31:00,477 [WARN] PackLoader:240 - Cannot read IP mode file for wolfSSL.I-CUBE-wolfSSH.1.4.20
2025-11-25 17:31:00,482 [WARN] PackLoader:240 - Cannot read IP mode file for STMicroelectronics.X-CUBE-NFC7.2.0.0
2025-11-25 17:31:00,497 [WARN] PackLoader:240 - Cannot read IP mode file for STMicroelectronics.X-CUBE-IPS.3.1.0
2025-11-25 17:31:00,511 [WARN] PackLoader:240 - Cannot read IP mode file for STMicroelectronics.X-CUBE-ALS.1.0.2
2025-11-25 17:31:00,526 [WARN] PackLoader:240 - Cannot read IP mode file for STMicroelectronics.X-CUBE-TOF1.3.4.3
2025-11-25 17:31:00,541 [INFO] ThirdParty:978 - Integrity check success = true
2025-11-25 17:31:00,542 [INFO] IntegrityCheckThread:100 - exiting critical section [integrity check]
2025-11-25 17:31:00,542 [INFO] IntegrityCheckThread:103 - End integrity checks thread
2025-11-25 17:31:38,583 [ERROR] LogOutputStream:75 - [STDERR_REDIRECT] 
