2025-11-29 00:03:36,902 [INFO] NvicIntPanel:101 - NVIC parent = com.st.microxplorer.plugins.ip.nvic.MultiNvicIntPanel[,0,0,450x279,layout=javax.swing.BoxLayout,alignmentX=0.0,alignmentY=0.0,border=,flags=9,maximumSize=,minimumSize=,preferredSize=]
2025-11-29 00:03:39,390 [INFO] NvicIntPanel:101 - NVIC parent = com.st.microxplorer.plugins.ip.nvic.MultiNvicIntPanel[,0,0,0x0,invalid,layout=javax.swing.BoxLayout,alignmentX=0.0,alignmentY=0.0,border=,flags=9,maximumSize=,minimumSize=,preferredSize=]
2025-11-29 00:04:21,769 [INFO] NvicIntPanel:101 - NVIC parent = com.st.microxplorer.plugins.ip.nvic.MultiNvicIntPanel[,0,0,0x0,invalid,layout=javax.swing.BoxLayout,alignmentX=0.0,alignmentY=0.0,border=,flags=9,maximumSize=,minimumSize=,preferredSize=]
2025-11-29 00:04:21,893 [INFO] NvicIntPanel:101 - NVIC parent = com.st.microxplorer.plugins.ip.nvic.MultiNvicIntPanel[,0,0,0x0,invalid,layout=javax.swing.BoxLayout,alignmentX=0.0,alignmentY=0.0,border=,flags=9,maximumSize=,minimumSize=,preferredSize=]
2025-11-29 00:04:52,133 [INFO] UtilMem:75 - End SaveConfig() Used Memory: 529010592 Bytes (1026555904)
2025-11-29 00:04:52,335 [INFO] UtilMem:75 - End SaveConfig() Used Memory: 554697880 Bytes (1026555904)
2025-11-29 00:04:53,086 [INFO] UtilMem:75 - End SaveConfig() Used Memory: 605031560 Bytes (1026555904)
2025-11-29 00:04:53,268 [INFO] BlockDiagram:2775 - set Specific Code input for plugin: TIM1_8
2025-11-29 00:04:53,268 [INFO] BlockDiagram:2775 - set Specific Code input for plugin: SYS
2025-11-29 00:04:53,268 [INFO] BlockDiagram:2775 - set Specific Code input for plugin: RCC
2025-11-29 00:04:53,268 [INFO] BlockDiagram:2775 - set Specific Code input for plugin: NVIC
2025-11-29 00:04:53,268 [INFO] BlockDiagram:2775 - set Specific Code input for plugin: USART
2025-11-29 00:04:53,269 [INFO] BlockDiagram:2775 - set Specific Code input for plugin: GPIO
2025-11-29 00:04:53,269 [INFO] CodeGenerator:892 - code generatio: config db path: /opt/st/stm32cubeide_1.19.0/plugins/com.st.stm32cube.common.mx_6.15.0.202507011659//db/
2025-11-29 00:04:53,427 [INFO] CodeEngine:265 - oldGeneratedFile, /home/krushna/STM32_Projects/ultrasonic_F407/MXTmpFiles/license.tmp_save
2025-11-29 00:04:53,761 [INFO] CodeEngine:289 - Generated code: /home/krushna/STM32_Projects/ultrasonic_F407/MXTmpFiles/license.tmp
2025-11-29 00:04:53,785 [INFO] CodeEngine:265 - oldGeneratedFile, /home/krushna/STM32_Projects/ultrasonic_F407/MXTmpFiles/gpio.tmp_save
2025-11-29 00:04:53,952 [INFO] CodeEngine:289 - Generated code: /home/krushna/STM32_Projects/ultrasonic_F407/MXTmpFiles/gpio.tmp
2025-11-29 00:04:54,181 [INFO] CodeEngine:265 - oldGeneratedFile, /home/krushna/STM32_Projects/ultrasonic_F407/Core/Src/stm32f4xx_it.c_save
2025-11-29 00:04:54,548 [INFO] CodeEngine:289 - Generated code: /home/krushna/STM32_Projects/ultrasonic_F407/Core/Src/stm32f4xx_it.c
2025-11-29 00:04:54,550 [INFO] CodeEngine:265 - oldGeneratedFile, /home/krushna/STM32_Projects/ultrasonic_F407/Core/Inc/stm32f4xx_it.h_save
2025-11-29 00:04:54,661 [INFO] CodeEngine:289 - Generated code: /home/krushna/STM32_Projects/ultrasonic_F407/Core/Inc/stm32f4xx_it.h
2025-11-29 00:04:54,671 [INFO] CodeEngine:265 - oldGeneratedFile, /home/krushna/STM32_Projects/ultrasonic_F407/Core/Src/stm32f4xx_hal_msp.c_save
2025-11-29 00:04:54,826 [INFO] CodeEngine:289 - Generated code: /home/krushna/STM32_Projects/ultrasonic_F407/Core/Src/stm32f4xx_hal_msp.c
2025-11-29 00:04:54,829 [INFO] CodeEngine:265 - oldGeneratedFile, /home/krushna/STM32_Projects/ultrasonic_F407/MXTmpFiles/system.tmp_save
2025-11-29 00:04:54,896 [INFO] CodeEngine:289 - Generated code: /home/krushna/STM32_Projects/ultrasonic_F407/MXTmpFiles/system.tmp
2025-11-29 00:04:54,901 [INFO] CodeEngine:321 - oldGeneratedFile, /home/krushna/STM32_Projects/ultrasonic_F407/Core/Inc/stm32f4xx_hal_conf.h_save
2025-11-29 00:04:54,983 [INFO] CodeEngine:345 - Generated code: /home/krushna/STM32_Projects/ultrasonic_F407/Core/Inc/stm32f4xx_hal_conf.h
2025-11-29 00:04:55,010 [WARN] IPConfigManager:3811 - IP not found : TIM
2025-11-29 00:04:55,011 [WARN] CodeGenerator:4259 - IP not found : null
2025-11-29 00:04:55,014 [INFO] CodeEngine:265 - oldGeneratedFile, /home/krushna/STM32_Projects/ultrasonic_F407/Core/Inc/main.h_save
2025-11-29 00:04:55,131 [INFO] CodeEngine:289 - Generated code: /home/krushna/STM32_Projects/ultrasonic_F407/Core/Inc/main.h
2025-11-29 00:04:55,133 [INFO] CodeEngine:265 - oldGeneratedFile, /home/krushna/STM32_Projects/ultrasonic_F407/Core/Src/main.c_save
2025-11-29 00:04:55,298 [INFO] CodeEngine:289 - Generated code: /home/krushna/STM32_Projects/ultrasonic_F407/Core/Src/main.c
2025-11-29 00:04:55,532 [INFO] ProjectBuilder:3606 - Time for Copy HAL[1] : 22mS.
2025-11-29 00:04:55,534 [INFO] ProjectBuilder:5216 - Project Generator version: 4.7.0-B52
2025-11-29 00:04:55,621 [INFO] ConfigFileManager:1595 - The Die is : DIE413
2025-11-29 00:04:56,851 [INFO] ProjectBuilder:5496 - Time for Generating toolchain IDE Files: 1316mS.
2025-11-29 00:04:56,851 [INFO] ProjectBuilder:3463 - Time for Copy CMSIS : 0mS.
2025-11-29 00:04:56,852 [INFO] ProjectBuilder:3463 - Time for Copy CMSIS : 0mS.
2025-11-29 00:16:53,797 [INFO] NvicIntPanel:101 - NVIC parent = com.st.microxplorer.plugins.ip.nvic.MultiNvicIntPanel[,0,0,0x0,invalid,layout=javax.swing.BoxLayout,alignmentX=0.0,alignmentY=0.0,border=,flags=9,maximumSize=,minimumSize=,preferredSize=]
2025-11-29 00:16:54,040 [INFO] NvicIntPanel:101 - NVIC parent = com.st.microxplorer.plugins.ip.nvic.MultiNvicIntPanel[,0,0,0x0,invalid,layout=javax.swing.BoxLayout,alignmentX=0.0,alignmentY=0.0,border=,flags=9,maximumSize=,minimumSize=,preferredSize=]
2025-11-29 00:17:37,715 [INFO] NvicIntPanel:101 - NVIC parent = com.st.microxplorer.plugins.ip.nvic.MultiNvicIntPanel[,0,0,0x0,invalid,layout=javax.swing.BoxLayout,alignmentX=0.0,alignmentY=0.0,border=,flags=9,maximumSize=,minimumSize=,preferredSize=]
2025-11-29 00:17:39,921 [INFO] UtilMem:75 - End SaveConfig() Used Memory: 663976080 Bytes (1003487232)
2025-11-29 00:17:40,088 [INFO] UtilMem:75 - End SaveConfig() Used Memory: 688615568 Bytes (1003487232)
2025-11-29 00:17:40,612 [INFO] UtilMem:75 - End SaveConfig() Used Memory: 759396496 Bytes (1003487232)
2025-11-29 00:17:40,969 [INFO] BlockDiagram:2775 - set Specific Code input for plugin: TIM1_8
2025-11-29 00:17:40,969 [INFO] BlockDiagram:2775 - set Specific Code input for plugin: SYS
2025-11-29 00:17:40,969 [INFO] BlockDiagram:2775 - set Specific Code input for plugin: RCC
2025-11-29 00:17:40,969 [INFO] BlockDiagram:2775 - set Specific Code input for plugin: NVIC
2025-11-29 00:17:40,969 [INFO] BlockDiagram:2775 - set Specific Code input for plugin: USART
2025-11-29 00:17:40,970 [INFO] BlockDiagram:2775 - set Specific Code input for plugin: GPIO
2025-11-29 00:17:40,970 [INFO] CodeGenerator:892 - code generatio: config db path: /opt/st/stm32cubeide_1.19.0/plugins/com.st.stm32cube.common.mx_6.15.0.202507011659//db/
2025-11-29 00:17:41,135 [INFO] CodeEngine:265 - oldGeneratedFile, /home/krushna/STM32_Projects/ultrasonic_F407/MXTmpFiles/license.tmp_save
2025-11-29 00:17:41,582 [INFO] CodeEngine:289 - Generated code: /home/krushna/STM32_Projects/ultrasonic_F407/MXTmpFiles/license.tmp
2025-11-29 00:17:41,611 [INFO] CodeEngine:265 - oldGeneratedFile, /home/krushna/STM32_Projects/ultrasonic_F407/MXTmpFiles/gpio.tmp_save
2025-11-29 00:17:41,800 [INFO] CodeEngine:289 - Generated code: /home/krushna/STM32_Projects/ultrasonic_F407/MXTmpFiles/gpio.tmp
2025-11-29 00:17:42,008 [INFO] CodeEngine:265 - oldGeneratedFile, /home/krushna/STM32_Projects/ultrasonic_F407/Core/Src/stm32f4xx_it.c_save
2025-11-29 00:17:42,311 [INFO] CodeEngine:289 - Generated code: /home/krushna/STM32_Projects/ultrasonic_F407/Core/Src/stm32f4xx_it.c
2025-11-29 00:17:42,313 [INFO] CodeEngine:265 - oldGeneratedFile, /home/krushna/STM32_Projects/ultrasonic_F407/Core/Inc/stm32f4xx_it.h_save
2025-11-29 00:17:42,396 [INFO] CodeEngine:289 - Generated code: /home/krushna/STM32_Projects/ultrasonic_F407/Core/Inc/stm32f4xx_it.h
2025-11-29 00:17:42,403 [INFO] CodeEngine:265 - oldGeneratedFile, /home/krushna/STM32_Projects/ultrasonic_F407/Core/Src/stm32f4xx_hal_msp.c_save
2025-11-29 00:17:42,558 [INFO] CodeEngine:289 - Generated code: /home/krushna/STM32_Projects/ultrasonic_F407/Core/Src/stm32f4xx_hal_msp.c
2025-11-29 00:17:42,559 [INFO] CodeEngine:265 - oldGeneratedFile, /home/krushna/STM32_Projects/ultrasonic_F407/MXTmpFiles/system.tmp_save
2025-11-29 00:17:42,635 [INFO] CodeEngine:289 - Generated code: /home/krushna/STM32_Projects/ultrasonic_F407/MXTmpFiles/system.tmp
2025-11-29 00:17:42,639 [INFO] CodeEngine:321 - oldGeneratedFile, /home/krushna/STM32_Projects/ultrasonic_F407/Core/Inc/stm32f4xx_hal_conf.h_save
2025-11-29 00:17:42,734 [INFO] CodeEngine:345 - Generated code: /home/krushna/STM32_Projects/ultrasonic_F407/Core/Inc/stm32f4xx_hal_conf.h
2025-11-29 00:17:42,757 [WARN] IPConfigManager:3811 - IP not found : TIM
2025-11-29 00:17:42,757 [WARN] CodeGenerator:4259 - IP not found : null
2025-11-29 00:17:42,759 [INFO] CodeEngine:265 - oldGeneratedFile, /home/krushna/STM32_Projects/ultrasonic_F407/Core/Inc/main.h_save
2025-11-29 00:17:42,890 [INFO] CodeEngine:289 - Generated code: /home/krushna/STM32_Projects/ultrasonic_F407/Core/Inc/main.h
2025-11-29 00:17:42,892 [INFO] CodeEngine:265 - oldGeneratedFile, /home/krushna/STM32_Projects/ultrasonic_F407/Core/Src/main.c_save
2025-11-29 00:17:43,007 [INFO] CodeEngine:289 - Generated code: /home/krushna/STM32_Projects/ultrasonic_F407/Core/Src/main.c
2025-11-29 00:17:43,224 [INFO] ProjectBuilder:3606 - Time for Copy HAL[1] : 31mS.
2025-11-29 00:17:43,227 [INFO] ProjectBuilder:5216 - Project Generator version: 4.7.0-B52
2025-11-29 00:17:43,308 [INFO] ConfigFileManager:1595 - The Die is : DIE413
2025-11-29 00:17:44,129 [INFO] ProjectBuilder:5496 - Time for Generating toolchain IDE Files: 901mS.
2025-11-29 00:17:44,129 [INFO] ProjectBuilder:3463 - Time for Copy CMSIS : 0mS.
2025-11-29 00:17:44,129 [INFO] ProjectBuilder:3463 - Time for Copy CMSIS : 0mS.
2025-11-29 00:32:14,086 [INFO] MainUpdater:2872 - connection check result : 10
2025-11-29 00:32:14,252 [INFO] McuFinderGlobals:76 - Set McuFinderConnectedMode to true
2025-11-29 00:32:14,264 [INFO] MultiScanPanel:200 - Auto-refresh data requested => check proxy status ongoing
2025-11-29 00:32:14,268 [INFO] FinderPluginLoader:96 - Searching for filters in installed packs
2025-11-29 00:32:15,783 [INFO] LoadUrlFilesThread:185 - End of LoadServerUrlFiles without Thread
2025-11-29 00:32:15,833 [INFO] DetailPanel:341 - Set advertising image to /home/krushna/STM32Cube/Repository//en.mcu-finder-preevent.jpg
2025-11-29 00:32:19,280 [INFO] MultiScanPanel:200 - Auto-refresh data requested => check proxy status ongoing
2025-11-29 00:32:19,390 [INFO] LoadUrlFilesThread:185 - End of LoadServerUrlFiles without Thread
2025-11-29 00:32:19,390 [INFO] DetailPanel:341 - Set advertising image to /home/krushna/STM32Cube/Repository//en.mcu-finder-preevent.jpg
2025-11-29 00:32:19,402 [INFO] DbBoards:642 - Loading board mini-images...
2025-11-29 00:32:21,226 [ERROR] DbBoards:659 - Image file not found for board STM32MP215F-DK: /home/krushna/.stmcufinder/plugins/mcufinder//mcu//boards_images/STM32MP215F-DK.jpg
2025-11-29 00:32:21,327 [INFO] DbBoards:665 - Loaded 211 board mini-images
2025-11-29 00:32:46,080 [INFO] MainUpdater:2872 - connection check result : 10
2025-11-29 00:32:46,080 [INFO] MainUpdater:2872 - connection check result : 10
2025-11-29 00:32:46,089 [ERROR] IocParser:57 - IOException caught: /home/krushna/STM32_Projects/ultrasonic_F407/ultrasonic_F407.ioc (No such file or directory)
2025-11-29 00:32:46,090 [ERROR] PeripheralListParser:95 - Something went wrong with ioc file reading: /home/krushna/STM32_Projects/ultrasonic_F407/ultrasonic_F407.ioc (No such file or directory)
2025-11-29 00:32:46,090 [ERROR] RegexParser:59 - Issue caught when parsing regex: /home/krushna/STM32_Projects/ultrasonic_F407/ultrasonic_F407.ioc (No such file or directory)
2025-11-29 00:32:46,125 [INFO] MicroXplorer:468 - Change Database Path : 
2025-11-29 00:32:46,125 [INFO] MicroXplorer:498 - Change Database Version : DB.6.0.150
2025-11-29 00:32:46,138 [ERROR] ProjectManagerView:395 - 
java.lang.NullPointerException: Cannot invoke "javax.swing.JTextField.getText()" because the return value of "java.util.List.get(int)" is null
	at com.st.microxplorer.plugins.projectmanager.gui.ProjectChoiceTab$9.caretUpdate(ProjectChoiceTab.java:2706) ~[filemanager.jar:?]
	at javax.swing.text.JTextComponent.fireCaretUpdate(JTextComponent.java:408) ~[?:?]
	at javax.swing.text.JTextComponent$MutableCaretEvent.fire(JTextComponent.java:4484) ~[?:?]
	at javax.swing.text.JTextComponent$MutableCaretEvent.stateChanged(JTextComponent.java:4506) ~[?:?]
	at javax.swing.text.DefaultCaret.fireStateChanged(DefaultCaret.java:857) ~[?:?]
	at javax.swing.text.DefaultCaret.changeCaretPosition(DefaultCaret.java:1343) ~[?:?]
	at javax.swing.text.DefaultCaret.handleSetDot(DefaultCaret.java:1242) ~[?:?]
	at javax.swing.text.DefaultCaret.setDot(DefaultCaret.java:1223) ~[?:?]
	at javax.swing.text.DefaultCaret$Handler.insertUpdate(DefaultCaret.java:1819) ~[?:?]
	at javax.swing.text.AbstractDocument.fireInsertUpdate(AbstractDocument.java:227) ~[?:?]
	at javax.swing.text.AbstractDocument.handleInsertString(AbstractDocument.java:781) ~[?:?]
	at javax.swing.text.AbstractDocument.insertString(AbstractDocument.java:740) ~[?:?]
	at javax.swing.text.PlainDocument.insertString(PlainDocument.java:131) ~[?:?]
	at javax.swing.text.AbstractDocument.replace(AbstractDocument.java:699) ~[?:?]
	at javax.swing.text.JTextComponent.setText(JTextComponent.java:1725) ~[?:?]
	at com.st.microxplorer.plugins.projectmanager.gui.ProjectChoiceTab.createHeapStackFields(ProjectChoiceTab.java:993) ~[filemanager.jar:?]
	at com.st.microxplorer.plugins.projectmanager.gui.ProjectChoiceTab.buildLinkSettingsPanel(ProjectChoiceTab.java:3813) ~[filemanager.jar:?]
	at com.st.microxplorer.plugins.projectmanager.gui.ProjectChoiceTab.defineWindowsFields(ProjectChoiceTab.java:1987) ~[filemanager.jar:?]
	at com.st.microxplorer.plugins.projectmanager.gui.ProjectChoiceTab.updateSettings(ProjectChoiceTab.java:558) ~[filemanager.jar:?]
	at com.st.microxplorer.plugins.projectmanager.gui.ProjectSettingsPanel.UpdateDialog(ProjectSettingsPanel.java:247) ~[filemanager.jar:?]
	at com.st.microxplorer.plugins.projectmanager.ProjectManagerView.propertyChange(ProjectManagerView.java:392) ~[filemanager.jar:?]
	at java.beans.PropertyChangeSupport.fire(PropertyChangeSupport.java:343) ~[?:?]
	at java.beans.PropertyChangeSupport.firePropertyChange(PropertyChangeSupport.java:335) ~[?:?]
	at java.beans.PropertyChangeSupport.firePropertyChange(PropertyChangeSupport.java:268) ~[?:?]
	at com.st.microxplorer.util.MXPropertyChangeSupport.firePropertyChange(MXPropertyChangeSupport.java:54) ~[STM32CubeMX.jar:?]
	at com.st.microxplorer.mxsystem.MxSystem.closeConfig(MxSystem.java:899) ~[STM32CubeMX.jar:?]
	at com.st.microxplorer.maingui.MainPanel.closeConfig(MainPanel.java:792) ~[STM32CubeMX.jar:?]
	at com.st.microxplorer.plugins.filemanager.engine.OpenFileManager.loadConfigurationFile(OpenFileManager.java:288) ~[filemanager.jar:?]
	at com.st.microxplorer.plugins.filemanager.engine.MainFileManager.userLoadConfig(MainFileManager.java:364) ~[filemanager.jar:?]
	at com.st.microxplorer.plugins.filemanager.FileManagerView.getSpecificTask(FileManagerView.java:268) ~[filemanager.jar:?]
	at com.st.stm32cube.common.mx.editor.CubeMxEditor.getMxTabbedPaneInstance(CubeMxEditor.java:1191) ~[com.st.stm32cube.common.mx_6.15.0.202507011659/:?]
	at com.st.stm32cube.common.mx.editor.CubeMxEditor$12$1.createSwingComponent(CubeMxEditor.java:1068) ~[com.st.stm32cube.common.mx_6.15.0.202507011659/:?]
	at com.st.stm32cube.common.mx.oss.core.awtswtbridge.EmbeddedSwingComposite.doComponentCreation(EmbeddedSwingComposite.java:492) ~[com.st.stm32cube.common.mx.oss_6.15.0.202507011659/:?]
	at com.st.stm32cube.common.mx.oss.core.awtswtbridge.EmbeddedSwingComposite$4.run(EmbeddedSwingComposite.java:291) ~[com.st.stm32cube.common.mx.oss_6.15.0.202507011659/:?]
	at com.st.stm32cube.common.mx.oss.core.awtswtbridge.AwtEnvironment$2.run(AwtEnvironment.java:166) ~[com.st.stm32cube.common.mx.oss_6.15.0.202507011659/:?]
	at java.awt.event.InvocationEvent.dispatch(InvocationEvent.java:318) ~[?:?]
	at java.awt.EventQueue.dispatchEventImpl(EventQueue.java:773) ~[?:?]
	at java.awt.EventQueue$4.run(EventQueue.java:720) ~[?:?]
	at java.awt.EventQueue$4.run(EventQueue.java:714) ~[?:?]
	at java.security.AccessController.doPrivileged(AccessController.java:400) ~[?:?]
	at java.security.ProtectionDomain$JavaSecurityAccessImpl.doIntersectionPrivilege(ProtectionDomain.java:87) ~[?:?]
	at java.awt.EventQueue.dispatchEvent(EventQueue.java:742) ~[?:?]
	at java.awt.EventDispatchThread.pumpOneEventForFilters(EventDispatchThread.java:203) ~[?:?]
	at java.awt.EventDispatchThread.pumpEventsForFilter(EventDispatchThread.java:124) ~[?:?]
	at java.awt.EventDispatchThread.pumpEventsForHierarchy(EventDispatchThread.java:113) ~[?:?]
	at java.awt.EventDispatchThread.pumpEvents(EventDispatchThread.java:109) ~[?:?]
	at java.awt.EventDispatchThread.pumpEvents(EventDispatchThread.java:101) ~[?:?]
	at java.awt.EventDispatchThread.run(EventDispatchThread.java:90) ~[?:?]
2025-11-29 00:32:46,147 [WARN] ThirdParty:871 - waiting for thirdparty lock release [close project]
2025-11-29 00:32:46,148 [INFO] ThirdParty:873 - entering critical section [close project]
2025-11-29 00:32:46,148 [INFO] ThirdParty:883 - exiting critical section [close project]
2025-11-29 00:32:46,151 [INFO] PinOutPanel:1589 - setPackage(No Configuration,No Configuration)
2025-11-29 00:32:46,160 [WARN] IpParametersView:155 - Warning: This peripheral hasn't parameters
2025-11-29 00:32:46,165 [WARN] MainPanel:289 - <html><b><center>Warning: This peripheral has no parameters to be configured<br></b></html>
2025-11-29 00:32:46,176 [INFO] UtilMem:75 - Begin LoadConfig() Used Memory: 715128824 Bytes (1073741824)
2025-11-29 00:32:46,177 [INFO] OpenFileManager:355 - Change cursor
2025-11-29 00:32:46,204 [INFO] RulesReader:64 - Compatibility file has been processed (317 Rules)
2025-11-29 00:32:46,213 [INFO] ProjectFactory:514 - No CPN specified for board STM32F407G-DISC1 => set CPN to STM32F407VGT6
2025-11-29 00:32:46,213 [INFO] Mcu:2029 - Initializing MCU STM32F407V(E-G)Tx STM32F407VGTx STM32F407VGT6
2025-11-29 00:32:47,312 [INFO] Context:786 - Trying to add GPIOservice into a context  which must be forbidden
2025-11-29 00:32:47,980 [INFO] Rule:233 - rule 117617 - U5Cobra4M][GTZC] default value MPCBB3 and MPCBB5 - Not Secured memory - MPCBB1 is applicable
2025-11-29 00:32:47,980 [INFO] Rule:233 - rule 117617 - U5Cobra4M][GTZC] default value MPCBB3 and MPCBB5 - Not Secured memory - MPCBB1 is applicable
2025-11-29 00:32:47,980 [INFO] Rule:233 - rule 117617 - U5Cobra4M][GTZC] default value MPCBB3 and MPCBB5 - Not Secured memory - MPCBB2 is applicable
2025-11-29 00:32:47,980 [INFO] Rule:233 - rule 117617 - U5Cobra4M][GTZC] default value MPCBB3 and MPCBB5 - Not Secured memory - MPCBB2 is applicable
2025-11-29 00:32:47,980 [INFO] Rule:233 - rule 117617 - U5Cobra4M][GTZC] default value MPCBB3 and MPCBB5 - Not Secured memory - MPCBB3 is applicable
2025-11-29 00:32:47,980 [INFO] Rule:233 - rule 117617 - U5Cobra4M][GTZC] default value MPCBB3 and MPCBB5 - Not Secured memory - MPCBB3 is applicable
2025-11-29 00:32:47,980 [INFO] Rule:233 - rule 117617 - U5Cobra4M][GTZC] default value MPCBB3 and MPCBB5 - Not Secured memory - MPCBB4 is applicable
2025-11-29 00:32:47,980 [INFO] Rule:233 - rule 117617 - U5Cobra4M][GTZC] default value MPCBB3 and MPCBB5 - Not Secured memory - MPCBB4 is applicable
2025-11-29 00:32:47,980 [INFO] Rule:233 - rule 117617 - U5Cobra4M][GTZC] default value MPCBB3 and MPCBB5 - Secured memory - MPCBB1 is applicable
2025-11-29 00:32:47,980 [INFO] Rule:233 - rule 117617 - U5Cobra4M][GTZC] default value MPCBB3 and MPCBB5 - Secured memory - MPCBB2 is applicable
2025-11-29 00:32:47,980 [INFO] Rule:233 - rule 117617 - U5Cobra4M][GTZC] default value MPCBB3 and MPCBB5 - Secured memory - MPCBB3 is applicable
2025-11-29 00:32:47,980 [INFO] Rule:233 - rule 117617 - U5Cobra4M][GTZC] default value MPCBB3 and MPCBB5 - Secured memory - MPCBB4 is applicable
2025-11-29 00:32:47,980 [INFO] Rule:233 - rule 117617 - U5Cobra4M][GTZC] default value MPCBB3 and MPCBB5 - Privileged memory - MPCBB1 is applicable
2025-11-29 00:32:47,980 [INFO] Rule:233 - rule 117617 - U5Cobra4M][GTZC] default value MPCBB3 and MPCBB5 - Privileged memory - MPCBB2 is applicable
2025-11-29 00:32:47,981 [INFO] Rule:233 - rule 117617 - U5Cobra4M][GTZC] default value MPCBB3 and MPCBB5 - Privileged memory - MPCBB3 is applicable
2025-11-29 00:32:47,981 [INFO] Rule:233 - rule 117617 - U5Cobra4M][GTZC] default value MPCBB3 and MPCBB5 - Privileged memory - MPCBB4 is applicable
2025-11-29 00:32:47,981 [INFO] Rule:233 - rule 117617 - U5Cobra4M][GTZC] default value MPCBB3 and MPCBB5 - Not Privileged memory - MPCBB1 is applicable
2025-11-29 00:32:47,981 [INFO] Rule:233 - rule 117617 - U5Cobra4M][GTZC] default value MPCBB3 and MPCBB5 - Not Privileged memory - MPCBB2 is applicable
2025-11-29 00:32:47,981 [INFO] Rule:233 - rule 117617 - U5Cobra4M][GTZC] default value MPCBB3 and MPCBB5 - Not Privileged memory - MPCBB3 is applicable
2025-11-29 00:32:47,981 [INFO] Rule:233 - rule 117617 - U5Cobra4M][GTZC] default value MPCBB3 and MPCBB5 - Not Privileged memory - MPCBB4 is applicable
2025-11-29 00:32:47,981 [INFO] Rule:233 - rule 117617 - U5Cobra4M][GTZC] default value MPCBB3 and MPCBB5 - Privileged memory - MPCBB1 is applicable
2025-11-29 00:32:47,981 [INFO] Rule:233 - rule 117617 - U5Cobra4M][GTZC] default value MPCBB3 and MPCBB5 - Privileged memory - MPCBB2 is applicable
2025-11-29 00:32:47,981 [INFO] Rule:233 - rule 117617 - U5Cobra4M][GTZC] default value MPCBB3 and MPCBB5 - Privileged memory - MPCBB3 is applicable
2025-11-29 00:32:47,981 [INFO] Rule:233 - rule 117617 - U5Cobra4M][GTZC] default value MPCBB3 and MPCBB5 - Privileged memory - MPCBB4 is applicable
2025-11-29 00:32:47,981 [INFO] Rule:233 - rule 117617 - U5Cobra4M][GTZC] default value MPCBB3 and MPCBB5 - Privileged memory - MPCBB1 is applicable
2025-11-29 00:32:47,981 [INFO] Rule:233 - rule 117617 - U5Cobra4M][GTZC] default value MPCBB3 and MPCBB5 - Privileged memory - MPCBB2 is applicable
2025-11-29 00:32:47,981 [INFO] Rule:233 - rule 117617 - U5Cobra4M][GTZC] default value MPCBB3 and MPCBB5 - Privileged memory - MPCBB3 is applicable
2025-11-29 00:32:47,981 [INFO] Rule:233 - rule 117617 - U5Cobra4M][GTZC] default value MPCBB3 and MPCBB5 - Privileged memory - MPCBB4 is applicable
2025-11-29 00:32:47,981 [INFO] Rule:233 - rule 117617 - U5Cobra4M][GTZC] default value MPCBB3 and MPCBB5 - Not Privileged memory - MPCBB1 is applicable
2025-11-29 00:32:47,981 [INFO] Rule:233 - rule 117617 - U5Cobra4M][GTZC] default value MPCBB3 and MPCBB5 - Not Privileged memory - MPCBB2 is applicable
2025-11-29 00:32:47,981 [INFO] Rule:233 - rule 117617 - U5Cobra4M][GTZC] default value MPCBB3 and MPCBB5 - Not Privileged memory - MPCBB3 is applicable
2025-11-29 00:32:47,981 [INFO] Rule:233 - rule 117617 - U5Cobra4M][GTZC] default value MPCBB3 and MPCBB5 - Not Privileged memory - MPCBB4 is applicable
2025-11-29 00:32:47,981 [INFO] Rule:233 - rule 117617 - U5Cobra4M][GTZC] default value MPCBB3 and MPCBB5 - Privileged memory - MPCBB1 is applicable
2025-11-29 00:32:47,981 [INFO] Rule:233 - rule 117617 - U5Cobra4M][GTZC] default value MPCBB3 and MPCBB5 - Privileged memory - MPCBB2 is applicable
2025-11-29 00:32:47,981 [INFO] Rule:233 - rule 117617 - U5Cobra4M][GTZC] default value MPCBB3 and MPCBB5 - Privileged memory - MPCBB3 is applicable
2025-11-29 00:32:47,981 [INFO] Rule:233 - rule 117617 - U5Cobra4M][GTZC] default value MPCBB3 and MPCBB5 - Privileged memory - MPCBB4 is applicable
2025-11-29 00:32:47,981 [INFO] Rule:233 - rule Rename SubGHz_Phy SUBGHZ_APPLICATION SUBGHZ_PINGPONG to SUBGHZ_ADV_APPLICATION is applicable
2025-11-29 00:32:47,982 [INFO] Rule:233 - rule Rename Enabled to IBEACON is applicable
2025-11-29 00:32:47,982 [INFO] Rule:233 - rule GTZC_S instance for project manager is applicable
2025-11-29 00:32:47,982 [INFO] Rule:233 - rule GTZC_S instance for context M33S is applicable
2025-11-29 00:32:47,982 [INFO] Rule:233 - rule GTZC_S instance value for IP GTZC is applicable
2025-11-29 00:32:47,982 [INFO] Rule:233 - rule GTZC_S instance for mcu.IP is applicable
2025-11-29 00:32:47,982 [INFO] Rule:233 - rule GTZC_S instance for VP is applicable
2025-11-29 00:32:47,982 [INFO] Rule:233 - rule GTZC_S instance for signal is applicable
2025-11-29 00:32:47,982 [INFO] Rule:233 - rule GTZC_S instance for mcu.Pin is applicable
2025-11-29 00:32:47,982 [INFO] Rule:233 - rule GTZC_S instance for VP is applicable
2025-11-29 00:32:47,982 [INFO] Rule:233 - rule GTZC_S instance for signal is applicable
2025-11-29 00:32:47,982 [INFO] Rule:233 - rule GTZC_S instance for mcu is applicable
2025-11-29 00:32:47,982 [INFO] Rule:233 - rule GTZC_S instance for mcu.Pin is applicable
2025-11-29 00:32:47,982 [INFO] Rule:233 - rule GTZC_S instance value for IP GTZC is applicable
2025-11-29 00:32:47,982 [INFO] Rule:233 - rule GTZC_S instance for project manager is applicable
2025-11-29 00:32:47,982 [INFO] Rule:233 - rule GTZC_S instance for context M33S is applicable
2025-11-29 00:32:47,982 [INFO] Rule:233 - rule GTZC_S instance for VP is applicable
2025-11-29 00:32:47,982 [INFO] Rule:233 - rule GTZC_S instance for signal is applicable
2025-11-29 00:32:47,982 [INFO] Rule:233 - rule SPDIFRX instance for mcu is applicable
2025-11-29 00:32:47,982 [INFO] Rule:233 - rule Rename Tracer Mode is applicable
2025-11-29 00:32:47,982 [INFO] Rule:233 - rule SPDIFRX instance value for IP SPDIFRX is applicable
2025-11-29 00:32:47,983 [INFO] Rule:233 - rule SPDIFRX instance for signal is applicable
2025-11-29 00:32:47,983 [INFO] Rule:233 - rule SPDIFRX instance for project manager is applicable
2025-11-29 00:32:47,983 [INFO] Rule:233 - rule SPDIFRX instance for project manager is applicable
2025-11-29 00:32:47,983 [INFO] Rule:233 - rule ADC Scan  fix with FW F7 is applicable
2025-11-29 00:32:47,983 [INFO] Rule:233 - rule ADC Scan  fix with FW F7 is applicable
2025-11-29 00:32:47,983 [INFO] Rule:233 - rule WakeUp0 Mode is applicable
2025-11-29 00:32:47,983 [INFO] Rule:233 - rule WakeUp0 SIGNAL is applicable
2025-11-29 00:32:47,983 [INFO] Rule:233 - rule WakeUp1 Mode is applicable
2025-11-29 00:32:47,983 [INFO] Rule:233 - rule WakeUp1 SIGNAL is applicable
2025-11-29 00:32:47,983 [INFO] Rule:233 - rule WakeUp2 Mode is applicable
2025-11-29 00:32:47,983 [INFO] Rule:233 - rule WakeUp2 SIGNAL is applicable
2025-11-29 00:32:47,983 [INFO] Rule:233 - rule WakeUp4 Mode is applicable
2025-11-29 00:32:47,983 [INFO] Rule:233 - rule WakeUp4 SIGNAL is applicable
2025-11-29 00:32:47,983 [INFO] Rule:233 - rule WakeUp5 Mode is applicable
2025-11-29 00:32:47,983 [INFO] Rule:233 - rule WakeUp5 SIGNAL is applicable
2025-11-29 00:32:47,983 [INFO] Rule:233 - rule Add RTC Activate Clock Source is applicable
2025-11-29 00:32:47,983 [INFO] Rule:233 - rule Add RTC Activate Calendar 1 is applicable
2025-11-29 00:32:47,983 [INFO] Rule:233 - rule Add RTC Activate Calendar 2 is applicable
2025-11-29 00:32:47,983 [INFO] Rule:233 - rule Add RTC Activate Calendar 3 is applicable
2025-11-29 00:32:47,983 [INFO] Rule:233 - rule UART/USART TX Mode is applicable
2025-11-29 00:32:47,983 [INFO] Rule:233 - rule UART/USART RX Mode is applicable
2025-11-29 00:32:47,983 [INFO] Rule:233 - rule UART/USART RX TX Mode is applicable
2025-11-29 00:32:47,984 [INFO] Rule:233 - rule UART/USART PARITY NONE is applicable
2025-11-29 00:32:47,984 [INFO] Rule:233 - rule UART/USART PARITY EVEN is applicable
2025-11-29 00:32:47,984 [INFO] Rule:233 - rule UART/USART PARITY ODD is applicable
2025-11-29 00:32:47,984 [INFO] Rule:233 - rule USART StopBits 1 is applicable
2025-11-29 00:32:47,984 [INFO] Rule:233 - rule USART StopBits 2 is applicable
2025-11-29 00:32:47,984 [INFO] Rule:233 - rule USART StopBits 1.5 is applicable
2025-11-29 00:32:47,984 [INFO] Rule:233 - rule USART StopBits 0.5 is applicable
2025-11-29 00:32:47,984 [INFO] Rule:233 - rule UART/USART WORD LENGTH 7 is applicable
2025-11-29 00:32:47,984 [INFO] Rule:233 - rule UART/USART WORD LENGTH 8 is applicable
2025-11-29 00:32:47,984 [INFO] Rule:233 - rule UART/USART WORD LENGTH 9 is applicable
2025-11-29 00:32:47,984 [INFO] Rule:233 - rule Rename FMC NAND NCE signal is applicable
2025-11-29 00:32:47,984 [INFO] Rule:233 - rule Rename FMC NAND INT signal is applicable
2025-11-29 00:32:47,984 [INFO] Rule:233 - rule Change Default Value for LSE Drive Capability for WB family is applicable
2025-11-29 00:32:47,984 [INFO] Rule:233 - rule Change Default Value for ADC Clock Prescaler G0 family is applicable
2025-11-29 00:32:47,984 [INFO] Rule:233 - rule Change Default Value for ADC ExternalTrigConv L4 family is applicable
2025-11-29 00:32:47,984 [INFO] Rule:233 - rule Change Default Value for ADC ExternalTrigInjecConv L4 family is applicable
2025-11-29 00:32:47,984 [INFO] Rule:233 - rule Change Default Value for ADC ExternalTrigConv F3 family is applicable
2025-11-29 00:32:47,984 [INFO] Rule:233 - rule Change Default Value for ADC ExternalTrigInjecConv F3 family is applicable
2025-11-29 00:32:47,984 [INFO] Rule:233 - rule Change Default Value for ADC ExternalTrigConv Goldfish serie is applicable
2025-11-29 00:32:47,984 [INFO] Rule:233 - rule Change Default Value for ADC ExternalTrigInjecConv Goldfish serie is applicable
2025-11-29 00:32:47,984 [INFO] Rule:233 - rule Change Default Value for ADC ExternalTrigConv L0 family is applicable
2025-11-29 00:32:47,984 [INFO] Rule:233 - rule Change Default Value for ADC ExternalTrigConv F0 family is applicable
2025-11-29 00:32:47,985 [INFO] Rule:233 - rule Change Default Value for ADC ExternalTrigConvn L1 family is applicable
2025-11-29 00:32:47,985 [INFO] Rule:233 - rule Change Default Value for ADC ExternalTrigInjecConv L1 family is applicable
2025-11-29 00:32:47,985 [INFO] Rule:233 - rule Change Default Value for ADC ExternalTrigConv F1 family is applicable
2025-11-29 00:32:47,985 [INFO] Rule:233 - rule Change Default Value for ADC ExternalTrigInjecConv F1 family is applicable
2025-11-29 00:32:47,985 [INFO] Rule:233 - rule Change Default Value for ADC ExternalTrigConv F7 family is applicable
2025-11-29 00:32:47,985 [INFO] Rule:233 - rule Change Default Value for ADC ExternalTrigInjecConv F7 family is applicable
2025-11-29 00:32:47,985 [INFO] Rule:233 - rule Change Default Value for ADC ExternalTrigConv F4 and F2 family is applicable
2025-11-29 00:32:47,985 [INFO] Rule:233 - rule Change Default Value for ADC ExternalTrigInjecConv F4 and F2 family is applicable
2025-11-29 00:32:47,985 [INFO] Rule:233 - rule ADC SamplingTime fix with FW L0  is applicable
2025-11-29 00:32:47,985 [INFO] Rule:233 - rule ADC SamplingTime fix with FW L0  is applicable
2025-11-29 00:32:47,985 [INFO] Rule:233 - rule ADC SamplingTime fix with FW L0 is applicable
2025-11-29 00:32:47,985 [INFO] Rule:233 - rule ADC SamplingTime fix with FW L0 is applicable
2025-11-29 00:32:47,985 [INFO] Rule:233 - rule ADC SamplingTime fix with FW L0  is applicable
2025-11-29 00:32:47,985 [INFO] Rule:233 - rule ADC SamplingTime fix with FW L0 is applicable
2025-11-29 00:32:47,985 [INFO] Rule:233 - rule Rename USB_OE Signal is applicable
2025-11-29 00:32:47,985 [INFO] Rule:233 - rule Rename Activate_OE Mode is applicable
2025-11-29 00:32:47,985 [INFO] Rule:233 - rule Rename DIE462/DIE415 pin PC14/OSC32_IN -> PC14-OSC32_IN (PC14) is applicable
2025-11-29 00:32:47,985 [INFO] Rule:233 - rule Rename DIE462/DIE415 pin PC15/OSC32_OUT -> PC15-OSC32_OUT (PC15) is applicable
2025-11-29 00:32:47,985 [INFO] Rule:233 - rule Rename DIE462/DIE415 pin PH0/OSC_IN -> PH0-OSC_IN (PH0) is applicable
2025-11-29 00:32:47,985 [INFO] Rule:233 - rule Rename DIE462/DIE415 pin PH1/OSC_OUT -> PH1-OSC_OUT (PH1) is applicable
2025-11-29 00:32:47,985 [INFO] Rule:233 - rule Rename DIE462 pin PA13 -> PA13 (JTMS/SWDIO) is applicable
2025-11-29 00:32:47,985 [INFO] Rule:233 - rule Rename DIE415 pin PA13 -> PA13 (JTMS/SWDIO) is applicable
2025-11-29 00:32:47,985 [INFO] Rule:233 - rule Rename DIE462 pin PA14 -> PA14 (JTCK/SWCLK) is applicable
2025-11-29 00:32:47,986 [INFO] Rule:233 - rule Rename DIE415 pin PA14 -> PA14 (JTCK/SWCLK) is applicable
2025-11-29 00:32:47,986 [INFO] Rule:233 - rule Rename DIE462/DIE415 pin PA15 -> PA15 (JTDI) is applicable
2025-11-29 00:32:47,986 [INFO] Rule:233 - rule Rename DIE462 pin PB3 -> PB3 (JTD0/TRACESWO) is applicable
2025-11-29 00:32:47,986 [INFO] Rule:233 - rule Rename DIE415 pin PB3 -> PB3 (JTD0-TRACESWO) is applicable
2025-11-29 00:32:47,986 [INFO] Rule:233 - rule Rename DIE462/DIE415 pin PB4 -> PB4 (NJTRST) is applicable
2025-11-29 00:32:47,986 [INFO] Rule:233 - rule Rename DIE462 pin PH3/BOOT0 -> PH3-BOOT0 (BOOT0) is applicable
2025-11-29 00:32:47,986 [INFO] Rule:233 - rule Rename CRYP DataEncryptionTypesList to Algorithm is applicable
2025-11-29 00:32:47,986 [INFO] Rule:233 - rule Rename AES DataEncryptionTypesList to Algorithm is applicable
2025-11-29 00:32:47,986 [INFO] Rule:233 - rule Rename TDESECB to CRYP_TDES_ECB is applicable
2025-11-29 00:32:47,986 [INFO] Rule:233 - rule Rename TDESCBC to CRYP_TDES_CBC is applicable
2025-11-29 00:32:47,986 [INFO] Rule:233 - rule Rename DESECB to CRYP_DES_ECB is applicable
2025-11-29 00:32:47,986 [INFO] Rule:233 - rule Rename DESCBC to CRYP_DES_CBC is applicable
2025-11-29 00:32:47,986 [INFO] Rule:233 - rule Rename AESECB to CRYP_AES_ECB is applicable
2025-11-29 00:32:47,986 [INFO] Rule:233 - rule Rename AESCBC to CRYP_AES_CBC is applicable
2025-11-29 00:32:47,986 [INFO] Rule:233 - rule Rename AESCTR to CRYP_AES_CTR is applicable
2025-11-29 00:32:47,986 [INFO] Rule:233 - rule Rename AESGCM to CRYP_AES_GCM is applicable
2025-11-29 00:32:47,986 [INFO] Rule:233 - rule Rename AESCCM to CRYP_AES_CCM is applicable
2025-11-29 00:32:47,986 [INFO] Rule:233 - rule Rename CAN TimeSeg1 to BS1 is applicable
2025-11-29 00:32:47,986 [INFO] Rule:233 - rule Rename CAN TimeSeg2 to BS2 is applicable
2025-11-29 00:32:47,986 [INFO] Rule:233 - rule Rename CAN SyncJumpWidth to SJW is applicable
2025-11-29 00:32:47,986 [INFO] Rule:233 - rule TimeTriggeredMode to TTCM is applicable
2025-11-29 00:32:47,986 [INFO] Rule:233 - rule Rename CAN AutoBusOff to ABOM is applicable
2025-11-29 00:32:47,986 [INFO] Rule:233 - rule Rename CAN AutoWakeUp to AWUM is applicable
2025-11-29 00:32:47,986 [INFO] Rule:233 - rule Rename CAN AutoRetransmission to NART is applicable
2025-11-29 00:32:47,986 [INFO] Rule:233 - rule Rename CAN ReceiveFifoLocked to RFLM is applicable
2025-11-29 00:32:47,986 [INFO] Rule:233 - rule Rename CAN TransmitFifoPriority to TXFP is applicable
2025-11-29 00:32:47,986 [INFO] Rule:233 - rule Rename HRTIMER HRTIM_OUTPUTFAULTLEVEL_HIGH in HRTIMER HRTIM_OUTPUTFAULTLEVEL_HIGHZ is applicable
2025-11-29 00:32:47,986 [INFO] Rule:233 - rule Rename TIMER TIM_CLEARINPUTSOURCE_OCREFCLR in  TIMER TIM_CLEARINPUTSOURCE_NONE for F7 family is applicable
2025-11-29 00:32:47,986 [INFO] Rule:233 - rule FDCAN_R1 - Rename FDCAN mode Master into Classic is applicable
2025-11-29 00:32:47,987 [INFO] Rule:233 - rule FDCAN_R2 - Rename FDCAN mode Slave into Classic is applicable
2025-11-29 00:32:47,987 [INFO] Rule:233 - rule FDCAN1_R3 - if PA10.Mode=FullDuplex, add Pin PA12 is applicable
2025-11-29 00:32:47,987 [INFO] Rule:233 - rule FDCAN1_R3 - if PA9.Mode=FullDuplex, add Pin PA11 is applicable
2025-11-29 00:32:47,987 [INFO] Rule:233 - rule FDCAN1_R3 - Alternatepin_1 - if PE1.Mode=FullDuplex, add Pin PB9 is applicable
2025-11-29 00:32:47,987 [INFO] Rule:233 - rule FDCAN1_R3 - Alternatepin_1 - if PE0.Mode=FullDuplex, add Pin PB8 is applicable
2025-11-29 00:32:47,987 [INFO] Rule:233 - rule FDCAN1_R3 - Alternatepin_2 - if PD5.Mode=FullDuplex, add Pin PD1 is applicable
2025-11-29 00:32:47,987 [INFO] Rule:233 - rule FDCAN1_R3 - Alternatepin_2 - if PD4.Mode=FullDuplex, add Pin PD0 is applicable
2025-11-29 00:32:47,987 [INFO] Rule:233 - rule FDCAN1_R4 - Rename Mode FullDuplex into Enable FDCAN_TXFD for pin PA10 is applicable
2025-11-29 00:32:47,987 [INFO] Rule:233 - rule FDCAN1_R4 - Rename Mode FullDuplex into Enable FDCAN_TXFD for pin PA9 is applicable
2025-11-29 00:32:47,987 [INFO] Rule:233 - rule FDCAN1_R4 - Alternatepin_1 - Rename Mode FullDuplex into Enable FDCAN_TXFD for pin PE1 is applicable
2025-11-29 00:32:47,987 [INFO] Rule:233 - rule FDCAN1_R4 - Alternatepin_1 - Rename Mode FullDuplex into Enable FDCAN_TXFD for pin PE0 is applicable
2025-11-29 00:32:47,987 [INFO] Rule:233 - rule FDCAN1_R4 - Alternatepin_2 - Rename Mode FullDuplex into Enable FDCAN_TXFD for pin PD5 is applicable
2025-11-29 00:32:47,987 [INFO] Rule:233 - rule FDCAN1_R4 - Alternatepin_2 - Rename Mode FullDuplex into Enable FDCAN_TXFD for pin PD4 is applicable
2025-11-29 00:32:47,987 [INFO] Rule:233 - rule FDCAN2_R3 - if PD10.Mode=FullDuplex, add Pin PB13 is applicable
2025-11-29 00:32:47,987 [INFO] Rule:233 - rule FDCAN2_R3 - if PD9.Mode=FullDuplex, add Pin PB12 is applicable
2025-11-29 00:32:47,987 [INFO] Rule:233 - rule FDCAN2_R3 - Alternatepin_1 - if PB7.Mode=FullDuplex, add Pin PB6 is applicable
2025-11-29 00:32:47,987 [INFO] Rule:233 - rule FDCAN2_R3 - Alternatepin_1 - if PD9.Mode=FullDuplex, add Pin PB12 is applicable
2025-11-29 00:32:47,987 [INFO] Rule:233 - rule FDCAN2_R4 - Rename Mode FullDuplex into Enable FDCAN_TXFD for pin PD10 is applicable
2025-11-29 00:32:47,987 [INFO] Rule:233 - rule FDCAN2_R4 - Rename Mode FullDuplex into Enable FDCAN_TXFD for pin PD9 is applicable
2025-11-29 00:32:47,987 [INFO] Rule:233 - rule FDCAN2_R4 - Alternatepin_1 - Rename Mode FullDuplex into Enable FDCAN_TXFD for pin PB7 is applicable
2025-11-29 00:32:47,987 [INFO] Rule:233 - rule FDCAN2_R4 - Alternatepin_1 - Rename Mode FullDuplex into Enable FDCAN_TXFD for pin PD6 is applicable
2025-11-29 00:32:47,987 [INFO] Rule:233 - rule USART TxPinLevelInvertParam Mode is applicable
2025-11-29 00:32:47,987 [INFO] Rule:233 - rule USART RxPinLevelInvertParam Mode is applicable
2025-11-29 00:32:47,987 [INFO] Rule:233 - rule USART DataInvertParam Mode is applicable
2025-11-29 00:32:47,987 [INFO] Rule:233 - rule USART SwapParam Mode is applicable
2025-11-29 00:32:47,987 [INFO] Rule:233 - rule USART OverrunDisableParam Mode is applicable
2025-11-29 00:32:47,987 [INFO] Rule:233 - rule USART DMADisableonRxErrorParam Mode is applicable
2025-11-29 00:32:47,988 [INFO] Rule:233 - rule USART MSBFirstParam Mode is applicable
2025-11-29 00:32:47,988 [INFO] Rule:233 - rule Update MwName for USB_DEVICE is applicable
2025-11-29 00:32:47,988 [INFO] Rule:233 - rule Change PWR_Regulator_Voltage_Scale Default Value for RCC  H7 family is applicable
2025-11-29 00:32:47,988 [INFO] Rule:233 - rule UART/USART IPParameter rename Prescaler parameter to ClockPrescaler is applicable
2025-11-29 00:32:47,988 [INFO] Rule:233 - rule UART/USART Prescaler rename Prescaler parameter to ClockPrescaler is applicable
2025-11-29 00:32:47,988 [INFO] Rule:233 - rule TIM1CLockSelection is applicable
2025-11-29 00:32:47,988 [INFO] Rule:233 - rule TIM15CLockSelection is applicable
2025-11-29 00:32:47,988 [INFO] Rule:233 - rule align RCC SDMMC3CLockSelection default value on MP1 is applicable
2025-11-29 00:32:47,988 [INFO] Rule:233 - rule align RCC SDMMC12CLockSelection default value on MP1 is applicable
2025-11-29 00:32:47,988 [INFO] Rule:233 - rule align RCC QSPICLockSelection default value on MP1 is applicable
2025-11-29 00:32:47,988 [INFO] Rule:233 - rule align RCC QSPICLockSelection default value on MP1 is applicable
2025-11-29 00:32:47,988 [INFO] Rule:233 - rule align RCC SPI6CLockSelection default value on MP1 is applicable
2025-11-29 00:32:47,988 [INFO] Rule:233 - rule align RCC LPTIM23CLockSelection default value on MP1 is applicable
2025-11-29 00:32:47,988 [INFO] Rule:233 - rule align RCC LPTIM1CLockSelection default value on MP1 is applicable
2025-11-29 00:32:47,988 [INFO] Rule:233 - rule align RCC USART1CLockSelection default value on MP1 is applicable
2025-11-29 00:32:47,988 [INFO] Rule:233 - rule align RCC USART24CLockSelection default value on MP1 is applicable
2025-11-29 00:32:47,988 [INFO] Rule:233 - rule align RCC USART6CLockSelection default value on MP1 is applicable
2025-11-29 00:32:47,988 [INFO] Rule:233 - rule align RCC UART78CLockSelection default value on MP1 is applicable
2025-11-29 00:32:47,988 [INFO] Rule:233 - rule align RCC USART35CLockSelection default value on MP1 is applicable
2025-11-29 00:32:47,988 [INFO] Rule:233 - rule align RCC SPI45CLockSelection default value on MP1 is applicable
2025-11-29 00:32:47,988 [INFO] Rule:233 - rule align RCC I2C46CLockSelection BCLK value on MP1 is applicable
2025-11-29 00:32:47,988 [INFO] Rule:233 - rule align RCC SPI45CLockSelection default value on MP1 is applicable
2025-11-29 00:32:47,988 [INFO] Rule:233 - rule align RCC I2C12CLockSelection default value on MP1 is applicable
2025-11-29 00:32:47,988 [INFO] Rule:233 - rule align RCC I2C35CLockSelection default value on MP1 is applicable
2025-11-29 00:32:47,988 [INFO] Rule:233 - rule align RCC LPTIM45CLockSelection default value on MP1 is applicable
2025-11-29 00:32:47,988 [INFO] Rule:233 - rule Rename DCMI PIXCK signal is applicable
2025-11-29 00:32:47,988 [INFO] Rule:233 - rule Change Default Value for I2C46CLockSelection MP1 family is applicable
2025-11-29 00:32:47,988 [INFO] Rule:233 - rule Change Default Value for UART for G4, G0 and WB families is applicable
2025-11-29 00:32:47,989 [INFO] Rule:233 - rule Change Default Value for USART for G4, G0 and WB families is applicable
2025-11-29 00:32:47,989 [INFO] Rule:233 - rule Change Default Value for USART for G4 family is applicable
2025-11-29 00:32:47,989 [INFO] Rule:233 - rule Change USART1CLockSelection refparam name for MP1 is applicable
2025-11-29 00:32:47,989 [INFO] Rule:233 - rule Change USART2CLockSelection refparam name for MP1 is applicable
2025-11-29 00:32:47,989 [INFO] Rule:233 - rule Change USART3CLockSelection refparam name for MP1 is applicable
2025-11-29 00:32:47,989 [INFO] Rule:233 - rule Change UART4CLockSelection refparam name for MP1 is applicable
2025-11-29 00:32:47,989 [INFO] Rule:233 - rule Change UART5CLockSelection refparam name for MP1 is applicable
2025-11-29 00:32:47,989 [INFO] Rule:233 - rule Change LPUART1CLockSelection refparam name for MP1 is applicable
2025-11-29 00:32:47,989 [INFO] Rule:233 - rule Change LPTIM1CLockSelection refparam name for MP1 is applicable
2025-11-29 00:32:47,989 [INFO] Rule:233 - rule Change LPTIM2CLockSelection refparam name for MP1 is applicable
2025-11-29 00:32:47,989 [INFO] Rule:233 - rule Change RCC_MCO1Source refparam name for MP1 is applicable
2025-11-29 00:32:47,989 [INFO] Rule:233 - rule Change LSCOSource1 refparam name for MP1 is applicable
2025-11-29 00:32:47,989 [INFO] Rule:233 - rule Change SMPSCLockSelection refparam name for MP1 is applicable
2025-11-29 00:32:47,989 [INFO] Rule:233 - rule Change LPTIM3CLockSelection refparam name for MP1 is applicable
2025-11-29 00:32:47,989 [INFO] Rule:233 - rule Change MPCBB* Default Template Mode to Parameters is applicable
2025-11-29 00:32:47,989 [INFO] Rule:233 - rule Change MPCWM* or MPCBB* Secure Mode to Parameters is applicable
2025-11-29 00:32:47,989 [INFO] Rule:233 - rule Change MPCWM* or MPCBB* No Secure Mode to Parameters is applicable
2025-11-29 00:32:47,989 [INFO] Rule:233 - rule Change TZSC IP Secure Mode to Parameters is applicable
2025-11-29 00:32:47,989 [INFO] Rule:233 - rule Change TZSC IP No Secure Mode to Parameters is applicable
2025-11-29 00:32:47,989 [INFO] Rule:233 - rule Change TZSC IP Privilege Mode to Parameters is applicable
2025-11-29 00:32:47,989 [INFO] Rule:233 - rule Change TZSC IP No Privilege Mode to Parameters is applicable
2025-11-29 00:32:47,989 [INFO] Rule:233 - rule Change TZIC IT Secure Mode to Parameters is applicable
2025-11-29 00:32:47,989 [INFO] Rule:233 - rule Change TZIC IT No Secure Mode to Parameters is applicable
2025-11-29 00:32:47,989 [INFO] Rule:233 - rule Add MPCBB1_NonSecureArea_Start_Address value with referenced to MPCBB1_NonSecureArea_Start value is applicable
2025-11-29 00:32:47,989 [INFO] Rule:233 - rule Add MPCBB2_NonSecureArea_Start_Address value with referenced to MPCBB2_NonSecureArea_Start value is applicable
2025-11-29 00:32:47,989 [INFO] Rule:233 - rule Add MPCWM1_NonSecureArea*_Start_Address value with referenced to MPCWM1_NonSecureArea*_Start value is applicable
2025-11-29 00:32:47,989 [INFO] Rule:233 - rule Add MPCWM2_NonSecureArea*_Start_Address value with referenced to MPCWM2_NonSecureArea*_Start value is applicable
2025-11-29 00:32:47,990 [INFO] Rule:233 - rule Add MPCWM3_NonSecureArea_Start_Address value with referenced to MPCWM3_NonSecureArea_Start value is applicable
2025-11-29 00:32:47,990 [INFO] Rule:233 - rule Change Default Value for PLL1UserDefinedConfig is applicable
2025-11-29 00:32:47,990 [INFO] Rule:233 - rule Change GPIO_PuPd Default Value for USART in async mode is applicable
2025-11-29 00:32:47,990 [INFO] Rule:233 - rule Change SMPSDivider Default Value is applicable
2025-11-29 00:32:47,990 [INFO] Rule:233 - rule OPAMP is applicable
2025-11-29 00:32:47,990 [INFO] Rule:233 - rule LPUART IPParameter rename Prescaler parameter to ClockPrescaler for STM32H7 is applicable
2025-11-29 00:32:47,990 [INFO] Rule:233 - rule LPUART IPParameter rename Prescaler parameter to ClockPrescaler for STM32H7 is applicable
2025-11-29 00:32:47,990 [INFO] Rule:233 - rule LPUART IPParameter rename Prescaler parameter to ClockPrescaler for STM32WB is applicable
2025-11-29 00:32:47,990 [INFO] Rule:233 - rule LPUART IPParameter rename Prescaler parameter to ClockPrescaler for STM32WB is applicable
2025-11-29 00:32:47,990 [INFO] Rule:233 - rule LPUART IPParameter rename Prescaler parameter to ClockPrescaler for STM32G4 is applicable
2025-11-29 00:32:47,990 [INFO] Rule:233 - rule LPUART IPParameter rename Prescaler parameter to ClockPrescaler for STM32G4 is applicable
2025-11-29 00:32:47,990 [INFO] Rule:233 - rule LPUART IPParameter rename Prescaler parameter to ClockPrescaler for STM32L5 is applicable
2025-11-29 00:32:47,990 [INFO] Rule:233 - rule LPUART IPParameter rename Prescaler parameter to ClockPrescaler for STM32L5 is applicable
2025-11-29 00:32:47,990 [INFO] Rule:233 - rule LPUART IPParameter rename Prescaler parameter to ClockPrescaler for STM32G4 is applicable
2025-11-29 00:32:47,990 [INFO] Rule:233 - rule LPUART IPParameter rename Prescaler parameter to ClockPrescaler for STM32G4 is applicable
2025-11-29 00:32:47,990 [INFO] Rule:233 - rule USB device lib V2.5.3 for L0 rename USBD_SUPPORT_USER_STRING parameter to USBD_SUPPORT_USER_STRING_DESC4 is applicable
2025-11-29 00:32:47,990 [INFO] Rule:233 - rule I2SCLockSelection clock entry align is applicable
2025-11-29 00:32:47,990 [INFO] Rule:233 - rule Assign TIMx context if used as SYS timebase is applicable
2025-11-29 00:32:47,990 [INFO] Rule:233 - rule Change GPIO_Pu Default Value for I2C is applicable
2025-11-29 00:32:47,990 [INFO] Rule:233 - rule Change GPIO_Pu Default Value for SMBus is applicable
2025-11-29 00:32:47,990 [INFO] Rule:233 - rule change FDCAN default value is applicable
2025-11-29 00:32:47,990 [INFO] Rule:233 - rule Change mode sai is applicable
2025-11-29 00:32:47,991 [INFO] Rule:233 - rule **Change sai mode is applicable
2025-11-29 00:32:47,991 [INFO] Rule:233 - rule Rename STM32WPAN CFG_BLE_IRK to CFG_BLE_IR is applicable
2025-11-29 00:32:47,991 [INFO] Rule:233 - rule Rename STM32WPAN CFG_BLE_ERK to CFG_BLE_ER is applicable
2025-11-29 00:32:47,991 [INFO] Rule:233 - rule Rename STM32WPAN CFG_BLE_IRK_HEX to CFG_BLE_IR_HEX is applicable
2025-11-29 00:32:47,991 [INFO] Rule:233 - rule Rename STM32WPAN CFG_BLE_ERK_HEX to CFG_BLE_ER_HEX is applicable
2025-11-29 00:32:47,991 [INFO] Rule:233 - rule Adapt Old IOC before rework replace old CORTEX_M33/CORTEX_M55 attributes by the new one. is applicable
2025-11-29 00:32:47,991 [INFO] Rule:233 - rule Rename parametre of RCC RCC_APBDBG_DIV2 to RCC_TIMPRES_DIV2 is applicable
2025-11-29 00:32:47,991 [INFO] Rule:233 - rule Rename DIE493 pin PA10 [PA12] -> PA10 is applicable
2025-11-29 00:32:47,991 [INFO] Rule:233 - rule Rename DIE493 pin PA9 [PA11] -> PA9 is applicable
2025-11-29 00:32:47,991 [INFO] Rule:233 - rule Rename DIE492 PartNumber CPN STM32WBA5MJGHx -> STM32WBA5MMGHx is applicable
2025-11-29 00:32:47,991 [INFO] Rule:233 - rule Rename DIE492 PartNumber  Name STM32WBA5MJGHx -> STM32WBA5MMGHx is applicable
2025-11-29 00:32:47,991 [INFO] Rule:233 - rule Rename DIE492 PartNumber UserName STM32WBA5MJGHx -> STM32WBA5MMGHx is applicable
2025-11-29 00:32:47,991 [INFO] Rule:233 - rule Rename DIE492 PartNumber DeviceId STM32WBA5MJGHx -> STM32WBA5MMGHx is applicable
2025-11-29 00:32:47,991 [INFO] Rule:233 - rule Adapt Old IOC CSI. is applicable
2025-11-29 00:32:47,991 [INFO] Rule:233 - rule Adapt Old IOC DCMIPP. is applicable
2025-11-29 00:32:47,991 [INFO] Rule:233 - rule Adapt Old IOC DCMIPP Mode Parallel. is applicable
2025-11-29 00:32:47,991 [INFO] Rule:233 - rule Adapt Old IOC LTDC. is applicable
2025-11-29 00:32:47,991 [INFO] Rule:233 - rule Rename STM32MP2 RIF Peripheral LTDC RIF.RISUP.LTDC_L0L1.Privilege -> RIF.RISUP.LTDC_L1L2.Privilege is applicable
2025-11-29 00:32:47,991 [INFO] Rule:233 - rule Rename STM32MP2 RIF Peripheral LTDC RIF.RISUP.LTDC_L0L1.Privilege -> RIF.RISUP.LTDC_L1L2.Privilege is applicable
2025-11-29 00:32:47,991 [INFO] Rule:233 - rule Rename STM32MP2 RIF Peripheral LTDC RIF.RISUP.LTDC_L0L1.Lock -> RIF.RISUP.LTDC_L1L2.Lock is applicable
2025-11-29 00:32:47,991 [INFO] Rule:233 - rule Rename STM32MP2 RIF Peripheral LTDC RIF.RISUP.LTDC_L2.Lock -> RIF.RISUP.LTDC_L3.Lock is applicable
2025-11-29 00:32:47,991 [INFO] Rule:233 - rule Adapt the old IOC example for updating the SYS when it is misconfigured. is applicable
2025-11-29 00:32:47,991 [INFO] Rule:233 - rule Rename STM32C09 Mcu.Package LQFP64 -> LQFP48 is applicable
2025-11-29 00:32:47,991 [INFO] Rule:233 - rule Adapt the old IOC example for updating the SYS when it is misconfigured. is applicable
2025-11-29 00:32:47,991 [INFO] Rule:233 - rule Adapt the old IOC example for updating the SYS when it is misconfigured. is applicable
2025-11-29 00:32:48,022 [INFO] DbConfProperties:307 - Apply Compatibility (54/282 Rules)
2025-11-29 00:32:48,042 [INFO] ImportTextPane:234 - (OptionalMessage_ERROR) Unable to find key (Mcu.ThirdPartyNb) in loaded IOC file
2025-11-29 00:32:48,045 [INFO] ImportTextPane:234 - (OptionalMessage_ERROR) Pin35 (VP_RIF_VS_RIF1) cannot be retrieved for this MCU
2025-11-29 00:32:48,190 [INFO] RtosManager:558 - Registered RTOS mode: class=CMSIS, group=RTOS, mode=CMSIS_V1, owner=FREERTOS
2025-11-29 00:32:48,191 [INFO] RtosManager:558 - Registered RTOS mode: class=CMSIS, group=RTOS2, mode=CMSIS_V2, owner=FREERTOS
2025-11-29 00:32:48,191 [INFO] RtosManager:558 - Registered RTOS mode: class=RTOS, group=Core, mode=CMSIS_V1, owner=FREERTOS
2025-11-29 00:32:48,191 [INFO] RtosManager:558 - Registered RTOS mode: class=RTOS, group=Core, mode=CMSIS_V2, owner=FREERTOS
2025-11-29 00:32:48,191 [WARN] ModelIntegratedComponent:184 - Missing modes for component STMicroelectronics:FreeRTOS:0.0.1:STMicroelectronics:RTOS:FreeRTOS:Core:::10.2.0:
2025-11-29 00:32:48,202 [WARN] ModelIntegratedComponent:63 - No mode defined for component null
2025-11-29 00:32:48,202 [WARN] ModelIntegratedComponent:63 - No mode defined for component null
2025-11-29 00:32:48,202 [WARN] ModelIntegratedComponent:63 - No mode defined for component null
2025-11-29 00:32:48,202 [WARN] ModelIntegratedComponent:63 - No mode defined for component null
2025-11-29 00:32:48,202 [WARN] ModelIntegratedComponent:63 - No mode defined for component null
2025-11-29 00:32:48,202 [WARN] ModelIntegratedComponent:63 - No mode defined for component null
2025-11-29 00:32:48,202 [WARN] ModelIntegratedComponent:63 - No mode defined for component null
2025-11-29 00:32:48,202 [WARN] ModelIntegratedComponent:63 - No mode defined for component null
2025-11-29 00:32:48,202 [WARN] ModelIntegratedComponent:63 - No mode defined for component null
2025-11-29 00:32:48,202 [WARN] ModelIntegratedComponent:63 - No mode defined for component null
2025-11-29 00:32:48,202 [WARN] ModelIntegratedComponent:63 - No mode defined for component null
2025-11-29 00:32:48,202 [WARN] ModelIntegratedComponent:63 - No mode defined for component null
2025-11-29 00:32:48,202 [WARN] ModelIntegratedComponent:63 - No mode defined for component null
2025-11-29 00:32:48,202 [WARN] ModelIntegratedComponent:63 - No mode defined for component null
2025-11-29 00:32:48,203 [WARN] ModelIntegratedComponent:63 - No mode defined for component null
2025-11-29 00:32:48,203 [WARN] ModelIntegratedComponent:63 - No mode defined for component null
2025-11-29 00:32:48,203 [WARN] ModelIntegratedComponent:63 - No mode defined for component null
2025-11-29 00:32:48,203 [WARN] ModelIntegratedComponent:63 - No mode defined for component null
2025-11-29 00:32:48,203 [WARN] ModelIntegratedComponent:63 - No mode defined for component null
2025-11-29 00:32:48,203 [WARN] ModelIntegratedComponent:63 - No mode defined for component null
2025-11-29 00:32:48,203 [WARN] ModelIntegratedComponent:63 - No mode defined for component null
2025-11-29 00:32:48,203 [WARN] ModelIntegratedComponent:63 - No mode defined for component null
2025-11-29 00:32:48,203 [WARN] ModelIntegratedComponent:63 - No mode defined for component null
2025-11-29 00:32:48,203 [WARN] ModelIntegratedComponent:63 - No mode defined for component null
2025-11-29 00:32:48,203 [WARN] ModelIntegratedComponent:63 - No mode defined for component null
2025-11-29 00:32:48,203 [WARN] ModelIntegratedComponent:63 - No mode defined for component null
2025-11-29 00:32:48,203 [WARN] ModelIntegratedComponent:63 - No mode defined for component null
2025-11-29 00:32:48,203 [WARN] ModelIntegratedComponent:63 - No mode defined for component null
2025-11-29 00:32:48,203 [WARN] ModelIntegratedComponent:63 - No mode defined for component null
2025-11-29 00:32:48,203 [WARN] ModelIntegratedComponent:63 - No mode defined for component null
2025-11-29 00:32:48,203 [WARN] ModelIntegratedComponent:63 - No mode defined for component null
2025-11-29 00:32:48,203 [WARN] ModelIntegratedComponent:63 - No mode defined for component null
2025-11-29 00:32:48,203 [WARN] ModelIntegratedComponent:63 - No mode defined for component null
2025-11-29 00:32:48,203 [WARN] ModelIntegratedComponent:63 - No mode defined for component null
2025-11-29 00:32:48,203 [WARN] ModelIntegratedComponent:63 - No mode defined for component null
2025-11-29 00:32:48,204 [WARN] ModelPack:524 - Component already loaded: STMicroelectronics:HAL Drivers:0.0.0:STMicroelectronics:Device:STMicro_Driver:XSPI:HAL::0.0.1:HAL_XSPI
2025-11-29 00:32:48,312 [INFO] ThirdPartyModel:298 - Start build external matchings
2025-11-29 00:32:49,005 [INFO] ThirdPartyModel:316 - End build external matchings
2025-11-29 00:32:49,022 [INFO] ImportTextPane:234 - (OptionalMessage_ERROR) IP (RCC) : Parameter (RTCHSEDivFreq_Value) has invalid value (4000000)
2025-11-29 00:32:49,210 [INFO] UtilMem:75 - End LoadConfig() Used Memory: 717151264 Bytes (1073741824)
2025-11-29 00:32:49,238 [WARN] ThirdParty:833 - waiting for thirdparty lock release [change project]
2025-11-29 00:32:49,239 [INFO] ThirdParty:835 - entering critical section [change project]
2025-11-29 00:32:49,239 [INFO] ThirdParty:1030 - CMSIS Pack Vendor :STMicroelectronics X-CUBE-PM33A1 1.0.0
2025-11-29 00:32:49,239 [INFO] ThirdParty:1030 - CMSIS Pack Vendor :STMicroelectronics USBPD 4.1
2025-11-29 00:32:49,239 [INFO] ThirdParty:1030 - CMSIS Pack Vendor :STMicroelectronics X-CUBE-NFC9 1.0.0
2025-11-29 00:32:49,239 [INFO] ThirdParty:1030 - CMSIS Pack Vendor :STMicroelectronics USB_HOST 2.0.0
2025-11-29 00:32:49,239 [INFO] ThirdParty:1030 - CMSIS Pack Vendor :STMicroelectronics FP-SNS-MOTENVWB1 1.4.0
2025-11-29 00:32:49,239 [INFO] ThirdParty:1030 - CMSIS Pack Vendor :STMicroelectronics X-CUBE-AZRTOS-F4 1.1.0
2025-11-29 00:32:49,239 [INFO] ThirdParty:1030 - CMSIS Pack Vendor :STMicroelectronics LIBJPEG 8.0.0
2025-11-29 00:32:49,239 [INFO] ThirdParty:1030 - CMSIS Pack Vendor :STMicroelectronics FP-ATR-ASTRA1 2.0.2
2025-11-29 00:32:49,239 [INFO] ThirdParty:1030 - CMSIS Pack Vendor :STMicroelectronics X-CUBE-BLE1 7.1.0
2025-11-29 00:32:49,240 [INFO] ThirdParty:1030 - CMSIS Pack Vendor :Avnet-IotConnect X-CUBE-IoTC-DA16k-PMOD 1.0.0
2025-11-29 00:32:49,240 [INFO] ThirdParty:1030 - CMSIS Pack Vendor :STMicroelectronics X-CUBE-SMBUS 2.1.0
2025-11-29 00:32:49,240 [INFO] ThirdParty:1030 - CMSIS Pack Vendor :wolfSSL I-CUBE-wolfMQTT 1.19.2
2025-11-29 00:32:49,240 [INFO] ThirdParty:1030 - CMSIS Pack Vendor :STMicroelectronics USB_DEVICE 3.0.0
2025-11-29 00:32:49,240 [INFO] ThirdParty:1030 - CMSIS Pack Vendor :STMicroelectronics X-CUBE-ISPU 2.1.0
2025-11-29 00:32:49,240 [INFO] ThirdParty:1030 - CMSIS Pack Vendor :STMicroelectronics X-CUBE-FREERTOS 1.4.0
2025-11-29 00:32:49,240 [INFO] ThirdParty:1030 - CMSIS Pack Vendor :STMicroelectronics X-CUBE-IPS 3.2.0
2025-11-29 00:32:49,240 [INFO] ThirdParty:1030 - CMSIS Pack Vendor :STMicroelectronics X-CUBE-AZRTOS-WB 2.0.0
2025-11-29 00:32:49,240 [INFO] ThirdParty:1030 - CMSIS Pack Vendor :STMicroelectronics X-CUBE-ST60 1.0.0
2025-11-29 00:32:49,240 [INFO] ThirdParty:1030 - CMSIS Pack Vendor :STMicroelectronics X-CUBE-GNSS1 7.0.1
2025-11-29 00:32:49,240 [INFO] ThirdParty:1030 - CMSIS Pack Vendor :STMicroelectronics X-CUBE-AZRTOS-F7 1.1.0
2025-11-29 00:32:49,240 [INFO] ThirdParty:1030 - CMSIS Pack Vendor :STMicroelectronics X-CUBE-AZRTOS-L5 2.0.0
2025-11-29 00:32:49,240 [INFO] ThirdParty:1030 - CMSIS Pack Vendor :STMicroelectronics X-CUBE-TOUCHGFX 4.25.0
2025-11-29 00:32:49,240 [INFO] ThirdParty:1030 - CMSIS Pack Vendor :STMicroelectronics USB_DEVICE 2.0.0
2025-11-29 00:32:49,240 [INFO] ThirdParty:1030 - CMSIS Pack Vendor :STMicroelectronics X-CUBE-NFC6 3.1.0
2025-11-29 00:32:49,240 [INFO] ThirdParty:1030 - CMSIS Pack Vendor :STMicroelectronics X-CUBE-ST67W61 1.1.0
2025-11-29 00:32:49,240 [INFO] ThirdParty:1030 - CMSIS Pack Vendor :Cesanta I-CUBE-Mongoose 7.19.0
2025-11-29 00:32:49,240 [INFO] ThirdParty:1030 - CMSIS Pack Vendor :quantropi X-CUBE-qispace-sdk-base 2.1.0
2025-11-29 00:32:49,240 [INFO] ThirdParty:1030 - CMSIS Pack Vendor :STMicroelectronics X-CUBE-MEMS1 12.0.0
2025-11-29 00:32:49,240 [INFO] ThirdParty:1030 - CMSIS Pack Vendor :STMicroelectronics FP-SNS-MOTENV1 5.1.0
2025-11-29 00:32:49,240 [INFO] ThirdParty:1030 - CMSIS Pack Vendor :STMicroelectronics FreeRTOS 0.0.1
2025-11-29 00:32:49,240 [INFO] ThirdParty:1030 - CMSIS Pack Vendor :STMicroelectronics X-CUBE-AZRTOS-G0 1.1.0
2025-11-29 00:32:49,240 [INFO] ThirdParty:1030 - CMSIS Pack Vendor :STMicroelectronics X-CUBE-SAFEA1 1.2.2
2025-11-29 00:32:49,240 [INFO] ThirdParty:1030 - CMSIS Pack Vendor :STMicroelectronics X-CUBE-NFC4 3.0.0
2025-11-29 00:32:49,240 [INFO] ThirdParty:1030 - CMSIS Pack Vendor :STMicroelectronics X-CUBE-SUBG2 5.0.0
2025-11-29 00:32:49,240 [INFO] ThirdParty:1030 - CMSIS Pack Vendor :STMicroelectronics X-CUBE-AZRTOS-H7RS 1.1.0
2025-11-29 00:32:49,241 [INFO] ThirdParty:1030 - CMSIS Pack Vendor :STMicroelectronics STM32_WPAN 1.0.0
2025-11-29 00:32:49,241 [INFO] ThirdParty:1030 - CMSIS Pack Vendor :EmbeddedOffice I-CUBE-FS-RTOS 1.0.1
2025-11-29 00:32:49,241 [INFO] ThirdParty:1030 - CMSIS Pack Vendor :STMicroelectronics lwIP 2.0.3
2025-11-29 00:32:49,241 [INFO] ThirdParty:1030 - CMSIS Pack Vendor :WES I-CUBE-Cesium 1.4.0
2025-11-29 00:32:49,241 [INFO] ThirdParty:1030 - CMSIS Pack Vendor :STMicroelectronics USB_HOST 1.0.0
2025-11-29 00:32:49,241 [INFO] ThirdParty:1030 - CMSIS Pack Vendor :Infineon AIROC-Wi-Fi-Bluetooth-STM32 1.7.1
2025-11-29 00:32:49,241 [INFO] ThirdParty:1030 - CMSIS Pack Vendor :STMicroelectronics X-CUBE-AZRTOS-G4 2.0.0
2025-11-29 00:32:49,241 [INFO] ThirdParty:1030 - CMSIS Pack Vendor :STMicroelectronics X-CUBE-WB05N 2.0.0
2025-11-29 00:32:49,241 [INFO] ThirdParty:1030 - CMSIS Pack Vendor :STMicroelectronics PDM2PCM 3.1.0
2025-11-29 00:32:49,241 [INFO] ThirdParty:1030 - CMSIS Pack Vendor :STMicroelectronics PDM2PCM 3.3.0
2025-11-29 00:32:49,241 [INFO] ThirdParty:1030 - CMSIS Pack Vendor :wolfSSL I-CUBE-wolfTPM 3.8.0
2025-11-29 00:32:49,241 [INFO] ThirdParty:1030 - CMSIS Pack Vendor :STMicroelectronics X-CUBE-DISPLAY 3.0.0
2025-11-29 00:32:49,241 [INFO] ThirdParty:1030 - CMSIS Pack Vendor :wolfSSL I-CUBE-wolfSSH 1.4.20
2025-11-29 00:32:49,241 [INFO] ThirdParty:1030 - CMSIS Pack Vendor :STMicroelectronics X-CUBE-NFC7 2.0.0
2025-11-29 00:32:49,241 [INFO] ThirdParty:1030 - CMSIS Pack Vendor :STMicroelectronics X-CUBE-TCPP 4.2.0
2025-11-29 00:32:49,241 [INFO] ThirdParty:1030 - CMSIS Pack Vendor :RealThread X-CUBE-RT-Thread_Nano 4.1.1
2025-11-29 00:32:49,241 [INFO] ThirdParty:1030 - CMSIS Pack Vendor :STMicroelectronics FP-ATR-SIGFOX1 3.2.0
2025-11-29 00:32:49,241 [INFO] ThirdParty:1030 - CMSIS Pack Vendor :STMicroelectronics X-CUBE-NFC10 1.0.0
2025-11-29 00:32:49,241 [INFO] ThirdParty:1030 - CMSIS Pack Vendor :STMicroelectronics X-CUBE-FREERTOS 1.3.1
2025-11-29 00:32:49,241 [INFO] ThirdParty:1030 - CMSIS Pack Vendor :STMicroelectronics HAL Drivers 0.0.0
2025-11-29 00:32:49,241 [INFO] ThirdParty:1030 - CMSIS Pack Vendor :STMicroelectronics MBEDTLS 2.16.2
2025-11-29 00:32:49,241 [INFO] ThirdParty:1030 - CMSIS Pack Vendor :STMicroelectronics X-CUBE-ST60 1.1.0
2025-11-29 00:32:49,242 [INFO] ThirdParty:1030 - CMSIS Pack Vendor :STMicroelectronics X-CUBE-IPS 3.1.0
2025-11-29 00:32:49,242 [INFO] ThirdParty:1030 - CMSIS Pack Vendor :STMicroelectronics X-CUBE-ALS 1.0.2
2025-11-29 00:32:49,242 [INFO] ThirdParty:1030 - CMSIS Pack Vendor :emotas I-CUBE-CANOPEN 1.3.0
2025-11-29 00:32:49,242 [INFO] ThirdParty:1030 - CMSIS Pack Vendor :STMicroelectronics MBEDTLS 2.14.1
2025-11-29 00:32:49,242 [INFO] ThirdParty:1030 - CMSIS Pack Vendor :STMicroelectronics X-CUBE-GNSS1 7.1.0
2025-11-29 00:32:49,242 [INFO] ThirdParty:1030 - CMSIS Pack Vendor :ITTIA_DB I-CUBE-ITTIADB 8.9.0
2025-11-29 00:32:49,242 [INFO] ThirdParty:1030 - CMSIS Pack Vendor :STMicroelectronics X-CUBE-TOUCHGFX 4.26.0
2025-11-29 00:32:49,242 [INFO] ThirdParty:1030 - CMSIS Pack Vendor :STMicroelectronics X-CUBE-ST67W61 1.0.0
2025-11-29 00:32:49,242 [INFO] ThirdParty:1030 - CMSIS Pack Vendor :STMicroelectronics ThreadX 1.0.0
2025-11-29 00:32:49,242 [INFO] ThirdParty:1030 - CMSIS Pack Vendor :STMicroelectronics FP-SNS-SMARTAG2 1.2.0
2025-11-29 00:32:49,242 [INFO] ThirdParty:1030 - CMSIS Pack Vendor :STMicroelectronics FP-SNS-FLIGHT1 5.1.0
2025-11-29 00:32:49,242 [INFO] ThirdParty:1030 - CMSIS Pack Vendor :STMicroelectronics X-CUBE-AZRTOS-WL 2.0.0
2025-11-29 00:32:49,242 [INFO] ThirdParty:1030 - CMSIS Pack Vendor :SEGGER I-CUBE-embOS 1.3.1
2025-11-29 00:32:49,242 [INFO] ThirdParty:1030 - CMSIS Pack Vendor :STMicroelectronics X-CUBE-ALGOBUILD 1.4.0
2025-11-29 00:32:49,242 [INFO] ThirdParty:1030 - CMSIS Pack Vendor :STMicroelectronics X-CUBE-DPower 1.3.0
2025-11-29 00:32:49,242 [INFO] ThirdParty:1030 - CMSIS Pack Vendor :STMicroelectronics X-CUBE-MEMS1 11.3.0
2025-11-29 00:32:49,242 [INFO] ThirdParty:1030 - CMSIS Pack Vendor :STMicroelectronics FP-SNS-MOTENV1 5.0.0
2025-11-29 00:32:49,242 [INFO] ThirdParty:1030 - CMSIS Pack Vendor :STMicroelectronics USB_DEVICE 1.0.0
2025-11-29 00:32:49,242 [INFO] ThirdParty:1030 - CMSIS Pack Vendor :STMicroelectronics X-CUBE-AZRTOS-H7RS 1.2.0
2025-11-29 00:32:49,242 [INFO] ThirdParty:1030 - CMSIS Pack Vendor :STMicroelectronics X-CUBE-AZRTOS-L4 2.0.0
2025-11-29 00:32:49,243 [INFO] ThirdParty:1030 - CMSIS Pack Vendor :STMicroelectronics ThreadX 0.0.2
2025-11-29 00:32:49,243 [INFO] ThirdParty:1030 - CMSIS Pack Vendor :STMicroelectronics lwIP 2.1.2
2025-11-29 00:32:49,243 [INFO] ThirdParty:1030 - CMSIS Pack Vendor :STMicroelectronics X-CUBE-SFXS2LP1 4.0.0
2025-11-29 00:32:49,243 [INFO] ThirdParty:1030 - CMSIS Pack Vendor :STMicroelectronics X-CUBE-BLE2 3.3.0
2025-11-29 00:32:49,243 [INFO] ThirdParty:1030 - CMSIS Pack Vendor :Avnet-IOTCONNECT X-CUBE-iotc-st67-sdk 1.0.0
2025-11-29 00:32:49,243 [INFO] ThirdParty:1030 - CMSIS Pack Vendor :STMicroelectronics X-CUBE-TOF1 3.4.3
2025-11-29 00:32:49,243 [INFO] ThirdParty:1030 - CMSIS Pack Vendor :STMicroelectronics PDM2PCM 3.2.0
2025-11-29 00:32:49,243 [INFO] ThirdParty:841 - exiting critical section [change project]
2025-11-29 00:32:49,558 [INFO] PinOutPanel:1589 - setPackage(No Configuration,No Configuration)
2025-11-29 00:32:49,559 [INFO] PinOutPanel:1589 - setPackage(STM32F407VGTx,LQFP100)
2025-11-29 00:32:49,791 [INFO] UtilMem:75 - Before build in PCC Used Memory: 923847848 Bytes (1073741824)
2025-11-29 00:32:50,073 [INFO] UtilMem:75 - After build in PCC Used Memory: 971033784 Bytes (1073741824)
2025-11-29 00:32:50,081 [INFO] ApiDbMcu:532 - Load IP Config File for USB_HOST
2025-11-29 00:32:50,083 [WARN] BspModel:444 - BSP dependency skipped because of component: name='IOExpander', api='Unknown'
2025-11-29 00:32:50,118 [INFO] IPUIPlugin:80 - create IPUIPlugin
2025-11-29 00:32:50,119 [INFO] IPUIPlugin:80 - create IPUIPlugin
2025-11-29 00:32:50,119 [INFO] IPUIPlugin:80 - create IPUIPlugin
2025-11-29 00:32:50,119 [INFO] IPUIPlugin:80 - create IPUIPlugin
2025-11-29 00:32:50,119 [INFO] IPUIPlugin:80 - create IPUIPlugin
2025-11-29 00:32:50,119 [INFO] IPUIPlugin:80 - create IPUIPlugin
2025-11-29 00:32:50,120 [INFO] IPUIPlugin:80 - create IPUIPlugin
2025-11-29 00:32:50,120 [INFO] IPUIPlugin:80 - create IPUIPlugin
2025-11-29 00:32:50,120 [INFO] IPUIPlugin:80 - create IPUIPlugin
2025-11-29 00:32:50,120 [INFO] IPUIPlugin:80 - create IPUIPlugin
2025-11-29 00:32:50,120 [INFO] IPUIPlugin:80 - create IPUIPlugin
2025-11-29 00:32:50,121 [INFO] IPUIPlugin:80 - create IPUIPlugin
2025-11-29 00:32:50,121 [INFO] IPUIPlugin:80 - create IPUIPlugin
2025-11-29 00:32:50,121 [INFO] IPUIPlugin:80 - create IPUIPlugin
2025-11-29 00:32:50,121 [INFO] IPUIPlugin:80 - create IPUIPlugin
2025-11-29 00:32:50,121 [INFO] IPUIPlugin:80 - create IPUIPlugin
2025-11-29 00:32:50,121 [INFO] IPUIPlugin:80 - create IPUIPlugin
2025-11-29 00:32:50,121 [INFO] IPUIPlugin:80 - create IPUIPlugin
2025-11-29 00:32:50,121 [INFO] IPUIPlugin:80 - create IPUIPlugin
2025-11-29 00:32:50,122 [INFO] IPUIPlugin:80 - create IPUIPlugin
2025-11-29 00:32:50,122 [INFO] IPUIPlugin:80 - create IPUIPlugin
2025-11-29 00:32:50,122 [INFO] IPUIPlugin:80 - create IPUIPlugin
2025-11-29 00:32:50,122 [INFO] IPUIPlugin:80 - create IPUIPlugin
2025-11-29 00:32:50,123 [INFO] IPUIPlugin:80 - create IPUIPlugin
2025-11-29 00:32:50,123 [INFO] IPUIPlugin:80 - create IPUIPlugin
2025-11-29 00:32:50,123 [INFO] IPUIPlugin:80 - create IPUIPlugin
2025-11-29 00:32:50,123 [INFO] IPUIPlugin:80 - create IPUIPlugin
2025-11-29 00:32:50,124 [INFO] IPUIPlugin:80 - create IPUIPlugin
2025-11-29 00:32:50,124 [INFO] IPUIPlugin:80 - create IPUIPlugin
2025-11-29 00:32:50,124 [INFO] IPUIPlugin:80 - create IPUIPlugin
2025-11-29 00:32:50,125 [INFO] IPUIPlugin:80 - create IPUIPlugin
2025-11-29 00:32:50,125 [INFO] IPUIPlugin:80 - create IPUIPlugin
2025-11-29 00:32:50,125 [INFO] IPUIPlugin:80 - create IPUIPlugin
2025-11-29 00:32:50,125 [INFO] IPUIPlugin:80 - create IPUIPlugin
2025-11-29 00:32:50,126 [INFO] IPUIPlugin:80 - create IPUIPlugin
2025-11-29 00:32:50,126 [INFO] IPUIPlugin:80 - create IPUIPlugin
2025-11-29 00:32:50,126 [INFO] IPUIPlugin:80 - create IPUIPlugin
2025-11-29 00:32:50,126 [INFO] IPUIPlugin:80 - create IPUIPlugin
2025-11-29 00:32:50,127 [INFO] IPUIPlugin:80 - create IPUIPlugin
2025-11-29 00:32:50,127 [INFO] IPUIPlugin:80 - create IPUIPlugin
2025-11-29 00:32:50,127 [INFO] IPUIPlugin:80 - create IPUIPlugin
2025-11-29 00:32:50,127 [INFO] IPUIPlugin:80 - create IPUIPlugin
2025-11-29 00:32:50,128 [INFO] IPUIPlugin:80 - create IPUIPlugin
2025-11-29 00:32:50,128 [INFO] IPUIPlugin:80 - create IPUIPlugin
2025-11-29 00:32:50,128 [INFO] IPUIPlugin:80 - create IPUIPlugin
2025-11-29 00:32:50,128 [INFO] IPUIPlugin:80 - create IPUIPlugin
2025-11-29 00:32:50,129 [INFO] IPUIPlugin:80 - create IPUIPlugin
2025-11-29 00:32:50,129 [INFO] IPUIPlugin:80 - create IPUIPlugin
2025-11-29 00:32:50,129 [INFO] IPUIPlugin:80 - create IPUIPlugin
2025-11-29 00:32:50,129 [INFO] IPUIPlugin:80 - create IPUIPlugin
2025-11-29 00:32:50,130 [INFO] IPUIPlugin:80 - create IPUIPlugin
2025-11-29 00:32:50,130 [INFO] IPUIPlugin:80 - create IPUIPlugin
2025-11-29 00:32:50,130 [INFO] IPUIPlugin:80 - create IPUIPlugin
2025-11-29 00:32:50,131 [INFO] IPUIPlugin:80 - create IPUIPlugin
2025-11-29 00:32:50,131 [INFO] IPUIPlugin:80 - create IPUIPlugin
2025-11-29 00:32:50,132 [INFO] IPUIPlugin:80 - create IPUIPlugin
2025-11-29 00:32:50,132 [INFO] IPUIPlugin:80 - create IPUIPlugin
2025-11-29 00:32:50,157 [INFO] IPUIPlugin:80 - create IPUIPlugin
2025-11-29 00:32:50,161 [INFO] ApiDbMcu:532 - Load IP Config File for PDM2PCM
2025-11-29 00:32:50,164 [WARN] IP:2250 - I2C_Coeff_DF not found: check if there is a RefParameter without a condition.
2025-11-29 00:32:50,164 [WARN] IP:2250 - Analog_Filter not found: check if there is a RefParameter without a condition.
2025-11-29 00:32:50,180 [INFO] I2sManager:658 - 9.6E7
2025-11-29 00:32:50,181 [INFO] I2sManager:195 - I2S Clock Value : 9.6E7
2025-11-29 00:32:50,183 [INFO] I2sManager:553 - AudioClock : 93750Divider : 2Odd : 0
2025-11-29 00:32:50,258 [INFO] CADModel:165 - CPN selected for project levelSTM32F407VGT6
2025-11-29 00:32:50,259 [INFO] CADModel:114 - Register for checkConnection events
2025-11-29 00:32:50,299 [INFO] OpenFileManager:386 - Restore cursor
2025-11-29 00:32:50,502 [WARN] IP:2250 - I2C_Coeff_DF not found: check if there is a RefParameter without a condition.
2025-11-29 00:32:50,502 [WARN] IP:2250 - Analog_Filter not found: check if there is a RefParameter without a condition.
2025-11-29 00:32:50,503 [WARN] IP:2250 - I2C_Coeff_DF not found: check if there is a RefParameter without a condition.
2025-11-29 00:32:50,503 [WARN] IP:2250 - Analog_Filter not found: check if there is a RefParameter without a condition.
2025-11-29 00:32:50,773 [INFO] UtilMem:75 - End SaveConfig() Used Memory: 720378536 Bytes (1073741824)
2025-11-29 00:32:50,828 [INFO] UtilMem:75 - End SaveConfig() Used Memory: 744264952 Bytes (1073741824)
2025-11-29 00:32:51,195 [INFO] BlockDiagram:2775 - set Specific Code input for plugin: SPI
2025-11-29 00:32:51,196 [INFO] BlockDiagram:2775 - set Specific Code input for plugin: I2S
2025-11-29 00:32:51,196 [INFO] BlockDiagram:2775 - set Specific Code input for plugin: SYS
2025-11-29 00:32:51,196 [INFO] BlockDiagram:2775 - set Specific Code input for plugin: RCC
2025-11-29 00:32:51,196 [INFO] BlockDiagram:2775 - set Specific Code input for plugin: I2C
2025-11-29 00:32:51,196 [INFO] BlockDiagram:2775 - set Specific Code input for plugin: USB_OTG_FS
2025-11-29 00:32:51,196 [INFO] BlockDiagram:2775 - set Specific Code input for plugin: NVIC
2025-11-29 00:32:51,196 [INFO] BlockDiagram:2775 - set Specific Code input for plugin: USB_HOST
2025-11-29 00:32:51,196 [INFO] BlockDiagram:2775 - set Specific Code input for plugin: GPIO
2025-11-29 00:32:51,197 [INFO] CodeGenerator:892 - code generatio: config db path: /opt/st/stm32cubeide_1.19.0/plugins/com.st.stm32cube.common.mx_6.15.0.202507011659//db/
2025-11-29 00:32:51,201 [WARN] IP:2250 - I2C_Coeff_DF not found: check if there is a RefParameter without a condition.
2025-11-29 00:32:51,201 [WARN] IP:2250 - Analog_Filter not found: check if there is a RefParameter without a condition.
2025-11-29 00:32:51,430 [INFO] CodeEngine:265 - oldGeneratedFile, /home/krushna/STM32_Projects/Ultrasonic_f407vg/MXTmpFiles/license.tmp_save
2025-11-29 00:32:51,737 [INFO] CodeEngine:289 - Generated code: /home/krushna/STM32_Projects/Ultrasonic_f407vg/MXTmpFiles/license.tmp
2025-11-29 00:32:51,795 [INFO] CodeEngine:265 - oldGeneratedFile, /home/krushna/STM32_Projects/Ultrasonic_f407vg/MXTmpFiles/gpio.tmp_save
2025-11-29 00:32:51,921 [INFO] CodeEngine:289 - Generated code: /home/krushna/STM32_Projects/Ultrasonic_f407vg/MXTmpFiles/gpio.tmp
2025-11-29 00:32:51,990 [WARN] IPConfigManager:3238 - Warning: the RefConfig PWREx_EnableUSBVoltageDetector is not available in your config.xml file
2025-11-29 00:32:51,995 [INFO] CodeEngine:265 - oldGeneratedFile, /home/krushna/STM32_Projects/Ultrasonic_f407vg/MXTmpFiles/usb_otg_fs_vars.tmp_save
2025-11-29 00:32:52,114 [INFO] CodeEngine:289 - Generated code: /home/krushna/STM32_Projects/Ultrasonic_f407vg/MXTmpFiles/usb_otg_fs_vars.tmp
2025-11-29 00:32:52,124 [INFO] CodeEngine:265 - oldGeneratedFile, /home/krushna/STM32_Projects/Ultrasonic_f407vg/MXTmpFiles/usb_otg_fs_inc.tmp_save
2025-11-29 00:32:52,212 [INFO] CodeEngine:289 - Generated code: /home/krushna/STM32_Projects/Ultrasonic_f407vg/MXTmpFiles/usb_otg_fs_inc.tmp
2025-11-29 00:32:52,213 [INFO] CodeEngine:265 - oldGeneratedFile, /home/krushna/STM32_Projects/Ultrasonic_f407vg/MXTmpFiles/usb_otg_fs_HalInit.tmp_save
2025-11-29 00:32:52,298 [INFO] CodeEngine:289 - Generated code: /home/krushna/STM32_Projects/Ultrasonic_f407vg/MXTmpFiles/usb_otg_fs_HalInit.tmp
2025-11-29 00:32:52,300 [INFO] CodeEngine:265 - oldGeneratedFile, /home/krushna/STM32_Projects/Ultrasonic_f407vg/MXTmpFiles/usb_otg_fs_Msp.tmp_save
2025-11-29 00:32:52,389 [INFO] CodeEngine:289 - Generated code: /home/krushna/STM32_Projects/Ultrasonic_f407vg/MXTmpFiles/usb_otg_fs_Msp.tmp
2025-11-29 00:32:52,591 [INFO] CodeEngine:265 - oldGeneratedFile, /home/krushna/STM32_Projects/Ultrasonic_f407vg/USB_HOST/App/usb_host.c_save
2025-11-29 00:32:52,662 [INFO] CodeEngine:289 - Generated code: /home/krushna/STM32_Projects/Ultrasonic_f407vg/USB_HOST/App/usb_host.c
2025-11-29 00:32:52,663 [INFO] CodeEngine:265 - oldGeneratedFile, /home/krushna/STM32_Projects/Ultrasonic_f407vg/USB_HOST/App/usb_host.h_save
2025-11-29 00:32:52,722 [INFO] CodeEngine:289 - Generated code: /home/krushna/STM32_Projects/Ultrasonic_f407vg/USB_HOST/App/usb_host.h
2025-11-29 00:32:52,724 [INFO] CodeEngine:265 - oldGeneratedFile, /home/krushna/STM32_Projects/Ultrasonic_f407vg/USB_HOST/Target/usbh_conf.h_save
2025-11-29 00:32:52,823 [INFO] CodeEngine:289 - Generated code: /home/krushna/STM32_Projects/Ultrasonic_f407vg/USB_HOST/Target/usbh_conf.h
2025-11-29 00:32:52,828 [INFO] CodeEngine:265 - oldGeneratedFile, /home/krushna/STM32_Projects/Ultrasonic_f407vg/USB_HOST/Target/usbh_conf.c_save
2025-11-29 00:32:52,909 [INFO] CodeEngine:289 - Generated code: /home/krushna/STM32_Projects/Ultrasonic_f407vg/USB_HOST/Target/usbh_conf.c
2025-11-29 00:32:52,910 [INFO] CodeEngine:265 - oldGeneratedFile, /home/krushna/STM32_Projects/Ultrasonic_f407vg/USB_HOST/Target/usbh_platform.c_save
2025-11-29 00:32:52,965 [INFO] CodeEngine:289 - Generated code: /home/krushna/STM32_Projects/Ultrasonic_f407vg/USB_HOST/Target/usbh_platform.c
2025-11-29 00:32:52,966 [INFO] CodeEngine:265 - oldGeneratedFile, /home/krushna/STM32_Projects/Ultrasonic_f407vg/USB_HOST/Target/usbh_platform.h_save
2025-11-29 00:32:53,020 [INFO] CodeEngine:289 - Generated code: /home/krushna/STM32_Projects/Ultrasonic_f407vg/USB_HOST/Target/usbh_platform.h
2025-11-29 00:32:53,026 [INFO] CodeEngine:265 - oldGeneratedFile, /home/krushna/STM32_Projects/Ultrasonic_f407vg/Core/Src/stm32f4xx_it.c_save
2025-11-29 00:32:53,148 [INFO] CodeEngine:289 - Generated code: /home/krushna/STM32_Projects/Ultrasonic_f407vg/Core/Src/stm32f4xx_it.c
2025-11-29 00:32:53,149 [INFO] CodeEngine:265 - oldGeneratedFile, /home/krushna/STM32_Projects/Ultrasonic_f407vg/Core/Inc/stm32f4xx_it.h_save
2025-11-29 00:32:53,202 [INFO] CodeEngine:289 - Generated code: /home/krushna/STM32_Projects/Ultrasonic_f407vg/Core/Inc/stm32f4xx_it.h
2025-11-29 00:32:53,210 [INFO] CodeEngine:265 - oldGeneratedFile, /home/krushna/STM32_Projects/Ultrasonic_f407vg/Core/Src/stm32f4xx_hal_msp.c_save
2025-11-29 00:32:53,296 [INFO] CodeEngine:289 - Generated code: /home/krushna/STM32_Projects/Ultrasonic_f407vg/Core/Src/stm32f4xx_hal_msp.c
2025-11-29 00:32:53,297 [INFO] CodeEngine:265 - oldGeneratedFile, /home/krushna/STM32_Projects/Ultrasonic_f407vg/MXTmpFiles/system.tmp_save
2025-11-29 00:32:53,350 [INFO] CodeEngine:289 - Generated code: /home/krushna/STM32_Projects/Ultrasonic_f407vg/MXTmpFiles/system.tmp
2025-11-29 00:32:53,353 [INFO] CodeEngine:321 - oldGeneratedFile, /home/krushna/STM32_Projects/Ultrasonic_f407vg/Core/Inc/stm32f4xx_hal_conf.h_save
2025-11-29 00:32:53,413 [INFO] CodeEngine:345 - Generated code: /home/krushna/STM32_Projects/Ultrasonic_f407vg/Core/Inc/stm32f4xx_hal_conf.h
2025-11-29 00:32:53,437 [INFO] ApiDbMcu:532 - Load IP Config File for I2C1
2025-11-29 00:32:53,440 [INFO] ApiDbMcu:532 - Load IP Config File for I2S3
2025-11-29 00:32:53,443 [INFO] ApiDbMcu:532 - Load IP Config File for SPI1
2025-11-29 00:32:53,446 [INFO] ApiDbMcu:532 - Load IP Config File for RCC
2025-11-29 00:32:53,451 [INFO] CodeEngine:265 - oldGeneratedFile, /home/krushna/STM32_Projects/Ultrasonic_f407vg/Core/Inc/main.h_save
2025-11-29 00:32:53,526 [INFO] CodeEngine:289 - Generated code: /home/krushna/STM32_Projects/Ultrasonic_f407vg/Core/Inc/main.h
2025-11-29 00:32:53,527 [INFO] CodeEngine:265 - oldGeneratedFile, /home/krushna/STM32_Projects/Ultrasonic_f407vg/Core/Src/main.c_save
2025-11-29 00:32:53,609 [INFO] CodeEngine:289 - Generated code: /home/krushna/STM32_Projects/Ultrasonic_f407vg/Core/Src/main.c
2025-11-29 00:32:53,795 [INFO] ProjectBuilder:3606 - Time for Copy HAL[1] : 25mS.
2025-11-29 00:32:53,797 [INFO] ProjectBuilder:5216 - Project Generator version: 4.7.0-B52
2025-11-29 00:32:53,872 [INFO] ConfigFileManager:1595 - The Die is : DIE413
2025-11-29 00:32:53,874 [INFO] ApiDbMcu:532 - Load IP Config File for FATFS
2025-11-29 00:32:53,879 [INFO] ApiDbMcu:532 - Load IP Config File for FREERTOS
2025-11-29 00:32:53,881 [INFO] ApiDbMcu:532 - Load IP Config File for LIBJPEG
2025-11-29 00:32:53,886 [INFO] ApiDbMcu:532 - Load IP Config File for LWIP
2025-11-29 00:32:53,889 [INFO] ApiDbMcu:532 - Load IP Config File for MBEDTLS
2025-11-29 00:32:53,894 [INFO] ApiDbMcu:532 - Load IP Config File for USB_DEVICE
2025-11-29 00:32:55,515 [INFO] ProjectBuilder:5496 - Time for Generating toolchain IDE Files: 1718mS.
2025-11-29 00:32:55,516 [INFO] ProjectBuilder:3463 - Time for Copy CMSIS : 0mS.
2025-11-29 00:32:55,517 [INFO] ProjectBuilder:3463 - Time for Copy CMSIS : 0mS.
2025-11-29 00:32:56,413 [INFO] McuFinderGlobals:76 - Set McuFinderConnectedMode to true
2025-11-29 00:32:56,419 [INFO] ApiDb:448 - Save user favorites file /home/krushna/.stm32cubeide/favorites.mcus.txt: 0 item(s)
2025-11-29 00:32:56,420 [INFO] ApiDb:452 - User favorites MCUs=[]
2025-11-29 00:32:56,421 [INFO] ApiDb:448 - Save user favorites file /home/krushna/.stm32cubeide/favorites.boards.txt: 2 item(s)
2025-11-29 00:32:56,421 [INFO] ApiDb:452 - User favorites Boards=[NUCLEO-F446RE, STM32F407G-DISC1]
2025-11-29 01:02:23,211 [INFO] NvicIntPanel:101 - NVIC parent = com.st.microxplorer.plugins.ip.nvic.MultiNvicIntPanel[,0,0,450x144,layout=javax.swing.BoxLayout,alignmentX=0.0,alignmentY=0.0,border=,flags=9,maximumSize=,minimumSize=,preferredSize=]
2025-11-29 01:05:11,118 [INFO] UtilMem:75 - End SaveConfig() Used Memory: 428568112 Bytes (1073741824)
2025-11-29 01:05:11,519 [INFO] UtilMem:75 - End SaveConfig() Used Memory: 499858960 Bytes (1073741824)
2025-11-29 01:05:12,598 [INFO] UtilMem:75 - End SaveConfig() Used Memory: 609969136 Bytes (1073741824)
2025-11-29 01:05:13,152 [INFO] BlockDiagram:2775 - set Specific Code input for plugin: TIM1_8
2025-11-29 01:05:13,152 [INFO] BlockDiagram:2775 - set Specific Code input for plugin: SYS
2025-11-29 01:05:13,152 [INFO] BlockDiagram:2775 - set Specific Code input for plugin: RCC
2025-11-29 01:05:13,152 [INFO] BlockDiagram:2775 - set Specific Code input for plugin: NVIC
2025-11-29 01:05:13,153 [INFO] BlockDiagram:2775 - set Specific Code input for plugin: USART
2025-11-29 01:05:13,153 [INFO] BlockDiagram:2775 - set Specific Code input for plugin: GPIO
2025-11-29 01:05:13,154 [INFO] CodeGenerator:892 - code generatio: config db path: /opt/st/stm32cubeide_1.19.0/plugins/com.st.stm32cube.common.mx_6.15.0.202507011659//db/
2025-11-29 01:05:13,525 [INFO] CodeEngine:265 - oldGeneratedFile, /home/krushna/STM32_Projects/Ultrasonic_f407vg/MXTmpFiles/license.tmp_save
2025-11-29 01:05:13,752 [INFO] CodeEngine:289 - Generated code: /home/krushna/STM32_Projects/Ultrasonic_f407vg/MXTmpFiles/license.tmp
2025-11-29 01:05:13,776 [INFO] CodeEngine:265 - oldGeneratedFile, /home/krushna/STM32_Projects/Ultrasonic_f407vg/MXTmpFiles/gpio.tmp_save
2025-11-29 01:05:13,912 [INFO] CodeEngine:289 - Generated code: /home/krushna/STM32_Projects/Ultrasonic_f407vg/MXTmpFiles/gpio.tmp
2025-11-29 01:05:14,071 [INFO] CodeEngine:265 - oldGeneratedFile, /home/krushna/STM32_Projects/Ultrasonic_f407vg/Core/Src/stm32f4xx_it.c_save
2025-11-29 01:05:14,248 [INFO] CodeEngine:289 - Generated code: /home/krushna/STM32_Projects/Ultrasonic_f407vg/Core/Src/stm32f4xx_it.c
2025-11-29 01:05:14,250 [INFO] CodeEngine:265 - oldGeneratedFile, /home/krushna/STM32_Projects/Ultrasonic_f407vg/Core/Inc/stm32f4xx_it.h_save
2025-11-29 01:05:14,324 [INFO] CodeEngine:289 - Generated code: /home/krushna/STM32_Projects/Ultrasonic_f407vg/Core/Inc/stm32f4xx_it.h
2025-11-29 01:05:14,329 [INFO] CodeEngine:265 - oldGeneratedFile, /home/krushna/STM32_Projects/Ultrasonic_f407vg/Core/Src/stm32f4xx_hal_msp.c_save
2025-11-29 01:05:14,471 [INFO] CodeEngine:289 - Generated code: /home/krushna/STM32_Projects/Ultrasonic_f407vg/Core/Src/stm32f4xx_hal_msp.c
2025-11-29 01:05:14,473 [INFO] CodeEngine:265 - oldGeneratedFile, /home/krushna/STM32_Projects/Ultrasonic_f407vg/MXTmpFiles/system.tmp_save
2025-11-29 01:05:14,566 [INFO] CodeEngine:289 - Generated code: /home/krushna/STM32_Projects/Ultrasonic_f407vg/MXTmpFiles/system.tmp
2025-11-29 01:05:14,571 [INFO] CodeEngine:321 - oldGeneratedFile, /home/krushna/STM32_Projects/Ultrasonic_f407vg/Core/Inc/stm32f4xx_hal_conf.h_save
2025-11-29 01:05:14,665 [INFO] CodeEngine:345 - Generated code: /home/krushna/STM32_Projects/Ultrasonic_f407vg/Core/Inc/stm32f4xx_hal_conf.h
2025-11-29 01:05:14,693 [INFO] ApiDbMcu:532 - Load IP Config File for TIM2
2025-11-29 01:05:14,697 [INFO] ApiDbMcu:532 - Load IP Config File for USART3
2025-11-29 01:05:14,699 [WARN] IPConfigManager:3811 - IP not found : TIM
2025-11-29 01:05:14,699 [WARN] CodeGenerator:4259 - IP not found : null
2025-11-29 01:05:14,701 [INFO] CodeEngine:265 - oldGeneratedFile, /home/krushna/STM32_Projects/Ultrasonic_f407vg/Core/Inc/main.h_save
2025-11-29 01:05:14,786 [INFO] CodeEngine:289 - Generated code: /home/krushna/STM32_Projects/Ultrasonic_f407vg/Core/Inc/main.h
2025-11-29 01:05:14,788 [INFO] CodeEngine:265 - oldGeneratedFile, /home/krushna/STM32_Projects/Ultrasonic_f407vg/Core/Src/main.c_save
2025-11-29 01:05:14,878 [INFO] CodeEngine:289 - Generated code: /home/krushna/STM32_Projects/Ultrasonic_f407vg/Core/Src/main.c
2025-11-29 01:05:15,053 [INFO] ProjectBuilder:3606 - Time for Copy HAL[1] : 18mS.
2025-11-29 01:05:15,054 [INFO] ProjectBuilder:5216 - Project Generator version: 4.7.0-B52
2025-11-29 01:05:15,118 [INFO] ConfigFileManager:1595 - The Die is : DIE413
2025-11-29 01:05:16,050 [INFO] ProjectBuilder:5496 - Time for Generating toolchain IDE Files: 995mS.
2025-11-29 01:05:16,050 [INFO] ProjectBuilder:3463 - Time for Copy CMSIS : 0mS.
2025-11-29 01:05:16,050 [INFO] ProjectBuilder:3463 - Time for Copy CMSIS : 0mS.
